=== NPM INSTALL ===
npm warn ERESOLVE overriding peer dependency
npm warn While resolving: @react-native/virtualized-lists@0.75.4
npm warn Found: @types/react@19.0.14
npm warn node_modules/@types/react
npm warn   dev @types/react@"~19.0.10" from the root project
npm warn
npm warn Could not resolve dependency:
npm warn peerOptional @types/react@"^18.2.6" from @react-native/virtualized-lists@0.75.4
npm warn node_modules/@react-native/virtualized-lists
npm warn   @react-native/virtualized-lists@"0.75.4" from react-native@0.75.4
npm warn   node_modules/react-native
npm warn
npm warn Conflicting peer dependency: @types/react@18.3.23
npm warn node_modules/@types/react
npm warn   peerOptional @types/react@"^18.2.6" from @react-native/virtualized-lists@0.75.4
npm warn   node_modules/@react-native/virtualized-lists
npm warn     @react-native/virtualized-lists@"0.75.4" from react-native@0.75.4
npm warn     node_modules/react-native
npm error code ERESOLVE
npm error ERESOLVE could not resolve
npm error
npm error While resolving: react-native@0.75.4
npm error Found: @types/react@19.0.14
npm error node_modules/@types/react
npm error   dev @types/react@"~19.0.10" from the root project
npm error
npm error Could not resolve dependency:
npm error peerOptional @types/react@"^18.2.6" from react-native@0.75.4
npm error node_modules/react-native
npm error   react-native@"0.75.4" from the root project
npm error   peer react-native@"*" from @expo/vector-icons@14.1.0
npm error   node_modules/@expo/vector-icons
npm error     @expo/vector-icons@"^14.1.0" from the root project
npm error   16 more (@react-native/virtualized-lists, ...)
npm error
npm error Conflicting peer dependency: @types/react@18.3.23
npm error node_modules/@types/react
npm error   peerOptional @types/react@"^18.2.6" from react-native@0.75.4
npm error   node_modules/react-native
npm error     react-native@"0.75.4" from the root project
npm error     peer react-native@"*" from @expo/vector-icons@14.1.0
npm error     node_modules/@expo/vector-icons
npm error       @expo/vector-icons@"^14.1.0" from the root project
npm error     16 more (@react-native/virtualized-lists, ...)
npm error
npm error Fix the upstream dependency conflict, or retry
npm error this command with --force or --legacy-peer-deps
npm error to accept an incorrect (and potentially broken) dependency resolution.
npm error
npm error
npm error For a full report see:
npm error /home/runner/.npm/_logs/2025-07-20T23_26_58_420Z-eresolve-report.txt
npm error A complete log of this run can be found in: /home/runner/.npm/_logs/2025-07-20T23_26_58_420Z-debug-0.log
npm install failed

=== LINT CHECK ===

> mobile-dev-studio@1.0.0 lint
> eslint src/ --ext .ts,.tsx

sh: 1: eslint: not found
lint failed

=== TYPECHECK ===

> mobile-dev-studio@1.0.0 typecheck
> tsc --noEmit

error TS2468: Cannot find global value 'Promise'.
App.tsx(1,19): error TS2307: Cannot find module 'react' or its corresponding type declarations.
App.tsx(2,28): error TS2307: Cannot find module 'react-native' or its corresponding type declarations.
App.tsx(6,5): error TS17004: Cannot use JSX unless the '--jsx' flag is provided.
App.tsx(7,7): error TS17004: Cannot use JSX unless the '--jsx' flag is provided.
App.tsx(8,7): error TS17004: Cannot use JSX unless the '--jsx' flag is provided.
__tests__/e2e/TerminalFlow.test.ts(5,60): error TS2307: Cannot find module 'detox' or its corresponding type declarations.
__tests__/e2e/TerminalFlow.test.ts(7,1): error TS2582: Cannot find name 'describe'. Do you need to install type definitions for a test runner? Try `npm i --save-dev @types/jest` or `npm i --save-dev @types/mocha`.
__tests__/e2e/TerminalFlow.test.ts(8,3): error TS2304: Cannot find name 'beforeAll'.
__tests__/e2e/TerminalFlow.test.ts(8,13): error TS2705: An async function or method in ES5 requires the 'Promise' constructor.  Make sure you have a declaration for the 'Promise' constructor or include 'ES2015' in your '--lib' option.
__tests__/e2e/TerminalFlow.test.ts(12,3): error TS2304: Cannot find name 'beforeEach'.
__tests__/e2e/TerminalFlow.test.ts(12,14): error TS2705: An async function or method in ES5 requires the 'Promise' constructor.  Make sure you have a declaration for the 'Promise' constructor or include 'ES2015' in your '--lib' option.
__tests__/e2e/TerminalFlow.test.ts(16,3): error TS2304: Cannot find name 'afterAll'.
__tests__/e2e/TerminalFlow.test.ts(16,12): error TS2705: An async function or method in ES5 requires the 'Promise' constructor.  Make sure you have a declaration for the 'Promise' constructor or include 'ES2015' in your '--lib' option.
__tests__/e2e/TerminalFlow.test.ts(20,3): error TS2582: Cannot find name 'describe'. Do you need to install type definitions for a test runner? Try `npm i --save-dev @types/jest` or `npm i --save-dev @types/mocha`.
__tests__/e2e/TerminalFlow.test.ts(21,5): error TS2582: Cannot find name 'it'. Do you need to install type definitions for a test runner? Try `npm i --save-dev @types/jest` or `npm i --save-dev @types/mocha`.
__tests__/e2e/TerminalFlow.test.ts(21,54): error TS2705: An async function or method in ES5 requires the 'Promise' constructor.  Make sure you have a declaration for the 'Promise' constructor or include 'ES2015' in your '--lib' option.
__tests__/e2e/TerminalFlow.test.ts(26,5): error TS2582: Cannot find name 'it'. Do you need to install type definitions for a test runner? Try `npm i --save-dev @types/jest` or `npm i --save-dev @types/mocha`.
__tests__/e2e/TerminalFlow.test.ts(26,55): error TS2705: An async function or method in ES5 requires the 'Promise' constructor.  Make sure you have a declaration for the 'Promise' constructor or include 'ES2015' in your '--lib' option.
__tests__/e2e/TerminalFlow.test.ts(31,5): error TS2582: Cannot find name 'it'. Do you need to install type definitions for a test runner? Try `npm i --save-dev @types/jest` or `npm i --save-dev @types/mocha`.
__tests__/e2e/TerminalFlow.test.ts(31,56): error TS2705: An async function or method in ES5 requires the 'Promise' constructor.  Make sure you have a declaration for the 'Promise' constructor or include 'ES2015' in your '--lib' option.
__tests__/e2e/TerminalFlow.test.ts(36,5): error TS2582: Cannot find name 'it'. Do you need to install type definitions for a test runner? Try `npm i --save-dev @types/jest` or `npm i --save-dev @types/mocha`.
__tests__/e2e/TerminalFlow.test.ts(36,57): error TS2705: An async function or method in ES5 requires the 'Promise' constructor.  Make sure you have a declaration for the 'Promise' constructor or include 'ES2015' in your '--lib' option.
__tests__/e2e/TerminalFlow.test.ts(47,5): error TS2582: Cannot find name 'it'. Do you need to install type definitions for a test runner? Try `npm i --save-dev @types/jest` or `npm i --save-dev @types/mocha`.
__tests__/e2e/TerminalFlow.test.ts(47,51): error TS2705: An async function or method in ES5 requires the 'Promise' constructor.  Make sure you have a declaration for the 'Promise' constructor or include 'ES2015' in your '--lib' option.
__tests__/e2e/TerminalFlow.test.ts(55,5): error TS2582: Cannot find name 'it'. Do you need to install type definitions for a test runner? Try `npm i --save-dev @types/jest` or `npm i --save-dev @types/mocha`.
__tests__/e2e/TerminalFlow.test.ts(55,48): error TS2705: An async function or method in ES5 requires the 'Promise' constructor.  Make sure you have a declaration for the 'Promise' constructor or include 'ES2015' in your '--lib' option.
__tests__/e2e/TerminalFlow.test.ts(64,3): error TS2582: Cannot find name 'describe'. Do you need to install type definitions for a test runner? Try `npm i --save-dev @types/jest` or `npm i --save-dev @types/mocha`.
__tests__/e2e/TerminalFlow.test.ts(65,5): error TS2304: Cannot find name 'beforeEach'.
__tests__/e2e/TerminalFlow.test.ts(65,16): error TS2705: An async function or method in ES5 requires the 'Promise' constructor.  Make sure you have a declaration for the 'Promise' constructor or include 'ES2015' in your '--lib' option.
__tests__/e2e/TerminalFlow.test.ts(70,5): error TS2582: Cannot find name 'it'. Do you need to install type definitions for a test runner? Try `npm i --save-dev @types/jest` or `npm i --save-dev @types/mocha`.
__tests__/e2e/TerminalFlow.test.ts(70,47): error TS2705: An async function or method in ES5 requires the 'Promise' constructor.  Make sure you have a declaration for the 'Promise' constructor or include 'ES2015' in your '--lib' option.
__tests__/e2e/TerminalFlow.test.ts(84,13): error TS2304: Cannot find name 'detoxExpected'.
__tests__/e2e/TerminalFlow.test.ts(87,5): error TS2582: Cannot find name 'it'. Do you need to install type definitions for a test runner? Try `npm i --save-dev @types/jest` or `npm i --save-dev @types/mocha`.
__tests__/e2e/TerminalFlow.test.ts(87,58): error TS2705: An async function or method in ES5 requires the 'Promise' constructor.  Make sure you have a declaration for the 'Promise' constructor or include 'ES2015' in your '--lib' option.
__tests__/e2e/TerminalFlow.test.ts(102,5): error TS2582: Cannot find name 'it'. Do you need to install type definitions for a test runner? Try `npm i --save-dev @types/jest` or `npm i --save-dev @types/mocha`.
__tests__/e2e/TerminalFlow.test.ts(102,63): error TS2705: An async function or method in ES5 requires the 'Promise' constructor.  Make sure you have a declaration for the 'Promise' constructor or include 'ES2015' in your '--lib' option.
__tests__/e2e/TerminalFlow.test.ts(118,3): error TS2582: Cannot find name 'describe'. Do you need to install type definitions for a test runner? Try `npm i --save-dev @types/jest` or `npm i --save-dev @types/mocha`.
__tests__/e2e/TerminalFlow.test.ts(119,5): error TS2304: Cannot find name 'beforeEach'.
__tests__/e2e/TerminalFlow.test.ts(119,16): error TS2705: An async function or method in ES5 requires the 'Promise' constructor.  Make sure you have a declaration for the 'Promise' constructor or include 'ES2015' in your '--lib' option.
__tests__/e2e/TerminalFlow.test.ts(124,5): error TS2582: Cannot find name 'it'. Do you need to install type definitions for a test runner? Try `npm i --save-dev @types/jest` or `npm i --save-dev @types/mocha`.
__tests__/e2e/TerminalFlow.test.ts(124,51): error TS2705: An async function or method in ES5 requires the 'Promise' constructor.  Make sure you have a declaration for the 'Promise' constructor or include 'ES2015' in your '--lib' option.
__tests__/e2e/TerminalFlow.test.ts(133,5): error TS2582: Cannot find name 'it'. Do you need to install type definitions for a test runner? Try `npm i --save-dev @types/jest` or `npm i --save-dev @types/mocha`.
__tests__/e2e/TerminalFlow.test.ts(133,40): error TS2705: An async function or method in ES5 requires the 'Promise' constructor.  Make sure you have a declaration for the 'Promise' constructor or include 'ES2015' in your '--lib' option.
__tests__/e2e/TerminalFlow.test.ts(144,3): error TS2582: Cannot find name 'describe'. Do you need to install type definitions for a test runner? Try `npm i --save-dev @types/jest` or `npm i --save-dev @types/mocha`.
__tests__/e2e/TerminalFlow.test.ts(145,5): error TS2304: Cannot find name 'beforeEach'.
__tests__/e2e/TerminalFlow.test.ts(145,16): error TS2705: An async function or method in ES5 requires the 'Promise' constructor.  Make sure you have a declaration for the 'Promise' constructor or include 'ES2015' in your '--lib' option.
__tests__/e2e/TerminalFlow.test.ts(150,5): error TS2582: Cannot find name 'it'. Do you need to install type definitions for a test runner? Try `npm i --save-dev @types/jest` or `npm i --save-dev @types/mocha`.
__tests__/e2e/TerminalFlow.test.ts(150,45): error TS2705: An async function or method in ES5 requires the 'Promise' constructor.  Make sure you have a declaration for the 'Promise' constructor or include 'ES2015' in your '--lib' option.
__tests__/e2e/TerminalFlow.test.ts(169,3): error TS2582: Cannot find name 'describe'. Do you need to install type definitions for a test runner? Try `npm i --save-dev @types/jest` or `npm i --save-dev @types/mocha`.
__tests__/e2e/TerminalFlow.test.ts(170,5): error TS2582: Cannot find name 'it'. Do you need to install type definitions for a test runner? Try `npm i --save-dev @types/jest` or `npm i --save-dev @types/mocha`.
__tests__/e2e/TerminalFlow.test.ts(170,53): error TS2705: An async function or method in ES5 requires the 'Promise' constructor.  Make sure you have a declaration for the 'Promise' constructor or include 'ES2015' in your '--lib' option.
__tests__/e2e/TerminalFlow.test.ts(181,5): error TS2582: Cannot find name 'it'. Do you need to install type definitions for a test runner? Try `npm i --save-dev @types/jest` or `npm i --save-dev @types/mocha`.
__tests__/e2e/TerminalFlow.test.ts(181,61): error TS2705: An async function or method in ES5 requires the 'Promise' constructor.  Make sure you have a declaration for the 'Promise' constructor or include 'ES2015' in your '--lib' option.
__tests__/e2e/TerminalFlow.test.ts(196,5): error TS2582: Cannot find name 'it'. Do you need to install type definitions for a test runner? Try `npm i --save-dev @types/jest` or `npm i --save-dev @types/mocha`.
__tests__/e2e/TerminalFlow.test.ts(196,41): error TS2705: An async function or method in ES5 requires the 'Promise' constructor.  Make sure you have a declaration for the 'Promise' constructor or include 'ES2015' in your '--lib' option.
__tests__/e2e/TerminalFlow.test.ts(214,3): error TS2582: Cannot find name 'describe'. Do you need to install type definitions for a test runner? Try `npm i --save-dev @types/jest` or `npm i --save-dev @types/mocha`.
__tests__/e2e/TerminalFlow.test.ts(215,5): error TS2582: Cannot find name 'it'. Do you need to install type definitions for a test runner? Try `npm i --save-dev @types/jest` or `npm i --save-dev @types/mocha`.
__tests__/e2e/TerminalFlow.test.ts(215,51): error TS2705: An async function or method in ES5 requires the 'Promise' constructor.  Make sure you have a declaration for the 'Promise' constructor or include 'ES2015' in your '--lib' option.
__tests__/e2e/TerminalFlow.test.ts(230,5): error TS2582: Cannot find name 'it'. Do you need to install type definitions for a test runner? Try `npm i --save-dev @types/jest` or `npm i --save-dev @types/mocha`.
__tests__/e2e/TerminalFlow.test.ts(230,58): error TS2705: An async function or method in ES5 requires the 'Promise' constructor.  Make sure you have a declaration for the 'Promise' constructor or include 'ES2015' in your '--lib' option.
__tests__/e2e/TerminalFlow.test.ts(246,3): error TS2582: Cannot find name 'describe'. Do you need to install type definitions for a test runner? Try `npm i --save-dev @types/jest` or `npm i --save-dev @types/mocha`.
__tests__/e2e/TerminalFlow.test.ts(247,5): error TS2582: Cannot find name 'it'. Do you need to install type definitions for a test runner? Try `npm i --save-dev @types/jest` or `npm i --save-dev @types/mocha`.
__tests__/e2e/TerminalFlow.test.ts(247,50): error TS2705: An async function or method in ES5 requires the 'Promise' constructor.  Make sure you have a declaration for the 'Promise' constructor or include 'ES2015' in your '--lib' option.
__tests__/e2e/TerminalFlow.test.ts(256,5): error TS2582: Cannot find name 'it'. Do you need to install type definitions for a test runner? Try `npm i --save-dev @types/jest` or `npm i --save-dev @types/mocha`.
__tests__/e2e/TerminalFlow.test.ts(256,48): error TS2705: An async function or method in ES5 requires the 'Promise' constructor.  Make sure you have a declaration for the 'Promise' constructor or include 'ES2015' in your '--lib' option.
__tests__/integration/TerminalIntegration.test.ts(2,28): error TS2307: Cannot find module 'termux-core' or its corresponding type declarations.
__tests__/integration/TerminalIntegration.test.ts(4,1): error TS2582: Cannot find name 'describe'. Do you need to install type definitions for a test runner? Try `npm i --save-dev @types/jest` or `npm i --save-dev @types/mocha`.
__tests__/integration/TerminalIntegration.test.ts(7,3): error TS2304: Cannot find name 'beforeEach'.
__tests__/integration/TerminalIntegration.test.ts(9,5): error TS2304: Cannot find name 'jest'.
__tests__/integration/TerminalIntegration.test.ts(12,3): error TS2582: Cannot find name 'describe'. Do you need to install type definitions for a test runner? Try `npm i --save-dev @types/jest` or `npm i --save-dev @types/mocha`.
__tests__/integration/TerminalIntegration.test.ts(13,5): error TS2582: Cannot find name 'it'. Do you need to install type definitions for a test runner? Try `npm i --save-dev @types/jest` or `npm i --save-dev @types/mocha`.
__tests__/integration/TerminalIntegration.test.ts(13,77): error TS2705: An async function or method in ES5 requires the 'Promise' constructor.  Make sure you have a declaration for the 'Promise' constructor or include 'ES2015' in your '--lib' option.
__tests__/integration/TerminalIntegration.test.ts(15,39): error TS2503: Cannot find namespace 'jest'.
__tests__/integration/TerminalIntegration.test.ts(19,39): error TS2503: Cannot find namespace 'jest'.
__tests__/integration/TerminalIntegration.test.ts(27,36): error TS2503: Cannot find namespace 'jest'.
__tests__/integration/TerminalIntegration.test.ts(28,37): error TS2503: Cannot find namespace 'jest'.
__tests__/integration/TerminalIntegration.test.ts(32,7): error TS2304: Cannot find name 'expect'.
__tests__/integration/TerminalIntegration.test.ts(41,7): error TS2304: Cannot find name 'expect'.
__tests__/integration/TerminalIntegration.test.ts(45,7): error TS2304: Cannot find name 'expect'.
__tests__/integration/TerminalIntegration.test.ts(46,7): error TS2304: Cannot find name 'expect'.
__tests__/integration/TerminalIntegration.test.ts(47,7): error TS2304: Cannot find name 'expect'.
__tests__/integration/TerminalIntegration.test.ts(51,7): error TS2304: Cannot find name 'expect'.
__tests__/integration/TerminalIntegration.test.ts(54,7): error TS2304: Cannot find name 'expect'.
__tests__/integration/TerminalIntegration.test.ts(58,9): error TS2304: Cannot find name 'expect'.
__tests__/integration/TerminalIntegration.test.ts(68,7): error TS2304: Cannot find name 'expect'.
__tests__/integration/TerminalIntegration.test.ts(71,5): error TS2582: Cannot find name 'it'. Do you need to install type definitions for a test runner? Try `npm i --save-dev @types/jest` or `npm i --save-dev @types/mocha`.
__tests__/integration/TerminalIntegration.test.ts(71,53): error TS2705: An async function or method in ES5 requires the 'Promise' constructor.  Make sure you have a declaration for the 'Promise' constructor or include 'ES2015' in your '--lib' option.
__tests__/integration/TerminalIntegration.test.ts(73,39): error TS2503: Cannot find namespace 'jest'.
__tests__/integration/TerminalIntegration.test.ts(84,36): error TS2503: Cannot find namespace 'jest'.
__tests__/integration/TerminalIntegration.test.ts(85,37): error TS2503: Cannot find namespace 'jest'.
__tests__/integration/TerminalIntegration.test.ts(93,7): error TS2304: Cannot find name 'expect'.
__tests__/integration/TerminalIntegration.test.ts(96,24): error TS2304: Cannot find name 'jest'.
__tests__/integration/TerminalIntegration.test.ts(102,7): error TS2304: Cannot find name 'expect'.
__tests__/integration/TerminalIntegration.test.ts(107,7): error TS2304: Cannot find name 'expect'.
__tests__/integration/TerminalIntegration.test.ts(113,5): error TS2582: Cannot find name 'it'. Do you need to install type definitions for a test runner? Try `npm i --save-dev @types/jest` or `npm i --save-dev @types/mocha`.
__tests__/integration/TerminalIntegration.test.ts(113,54): error TS2705: An async function or method in ES5 requires the 'Promise' constructor.  Make sure you have a declaration for the 'Promise' constructor or include 'ES2015' in your '--lib' option.
__tests__/integration/TerminalIntegration.test.ts(114,39): error TS2503: Cannot find namespace 'jest'.
__tests__/integration/TerminalIntegration.test.ts(125,36): error TS2503: Cannot find namespace 'jest'.
__tests__/integration/TerminalIntegration.test.ts(133,32): error TS2585: 'Promise' only refers to a type, but is being used as a value here. Do you need to change your target library? Try changing the 'lib' compiler option to es2015 or later.
__tests__/integration/TerminalIntegration.test.ts(139,7): error TS2304: Cannot find name 'expect'.
__tests__/integration/TerminalIntegration.test.ts(143,7): error TS2304: Cannot find name 'expect'.
__tests__/integration/TerminalIntegration.test.ts(144,7): error TS2304: Cannot find name 'expect'.
__tests__/integration/TerminalIntegration.test.ts(148,7): error TS2304: Cannot find name 'expect'.
__tests__/integration/TerminalIntegration.test.ts(149,7): error TS2304: Cannot find name 'expect'.
__tests__/integration/TerminalIntegration.test.ts(152,5): error TS2582: Cannot find name 'it'. Do you need to install type definitions for a test runner? Try `npm i --save-dev @types/jest` or `npm i --save-dev @types/mocha`.
__tests__/integration/TerminalIntegration.test.ts(152,44): error TS2705: An async function or method in ES5 requires the 'Promise' constructor.  Make sure you have a declaration for the 'Promise' constructor or include 'ES2015' in your '--lib' option.
__tests__/integration/TerminalIntegration.test.ts(153,39): error TS2503: Cannot find namespace 'jest'.
__tests__/integration/TerminalIntegration.test.ts(164,36): error TS2503: Cannot find namespace 'jest'.
__tests__/integration/TerminalIntegration.test.ts(165,34): error TS2503: Cannot find namespace 'jest'.
__tests__/integration/TerminalIntegration.test.ts(173,7): error TS2304: Cannot find name 'expect'.
__tests__/integration/TerminalIntegration.test.ts(176,7): error TS2304: Cannot find name 'expect'.
__tests__/integration/TerminalIntegration.test.ts(180,7): error TS2304: Cannot find name 'expect'.
__tests__/integration/TerminalIntegration.test.ts(184,7): error TS2304: Cannot find name 'expect'.
__tests__/integration/TerminalIntegration.test.ts(188,3): error TS2582: Cannot find name 'describe'. Do you need to install type definitions for a test runner? Try `npm i --save-dev @types/jest` or `npm i --save-dev @types/mocha`.
__tests__/integration/TerminalIntegration.test.ts(189,5): error TS2582: Cannot find name 'it'. Do you need to install type definitions for a test runner? Try `npm i --save-dev @types/jest` or `npm i --save-dev @types/mocha`.
__tests__/integration/TerminalIntegration.test.ts(189,67): error TS2705: An async function or method in ES5 requires the 'Promise' constructor.  Make sure you have a declaration for the 'Promise' constructor or include 'ES2015' in your '--lib' option.
__tests__/integration/TerminalIntegration.test.ts(190,39): error TS2503: Cannot find namespace 'jest'.
__tests__/integration/TerminalIntegration.test.ts(194,39): error TS2503: Cannot find namespace 'jest'.
__tests__/integration/TerminalIntegration.test.ts(198,7): error TS2304: Cannot find name 'expect'.
__tests__/integration/TerminalIntegration.test.ts(199,7): error TS2304: Cannot find name 'expect'.
__tests__/integration/TerminalIntegration.test.ts(202,5): error TS2582: Cannot find name 'it'. Do you need to install type definitions for a test runner? Try `npm i --save-dev @types/jest` or `npm i --save-dev @types/mocha`.
__tests__/integration/TerminalIntegration.test.ts(202,51): error TS2705: An async function or method in ES5 requires the 'Promise' constructor.  Make sure you have a declaration for the 'Promise' constructor or include 'ES2015' in your '--lib' option.
__tests__/integration/TerminalIntegration.test.ts(203,39): error TS2503: Cannot find namespace 'jest'.
__tests__/integration/TerminalIntegration.test.ts(207,36): error TS2503: Cannot find namespace 'jest'.
__tests__/integration/TerminalIntegration.test.ts(213,13): error TS2304: Cannot find name 'expect'.
__tests__/integration/TerminalIntegration.test.ts(217,5): error TS2582: Cannot find name 'it'. Do you need to install type definitions for a test runner? Try `npm i --save-dev @types/jest` or `npm i --save-dev @types/mocha`.
__tests__/integration/TerminalIntegration.test.ts(217,51): error TS2705: An async function or method in ES5 requires the 'Promise' constructor.  Make sure you have a declaration for the 'Promise' constructor or include 'ES2015' in your '--lib' option.
__tests__/integration/TerminalIntegration.test.ts(218,39): error TS2503: Cannot find namespace 'jest'.
__tests__/integration/TerminalIntegration.test.ts(229,36): error TS2503: Cannot find namespace 'jest'.
__tests__/integration/TerminalIntegration.test.ts(230,37): error TS2503: Cannot find namespace 'jest'.
__tests__/integration/TerminalIntegration.test.ts(238,7): error TS2304: Cannot find name 'expect'.
__tests__/integration/TermuxNativeModule.test.ts(6,61): error TS2307: Cannot find module 'react-native' or its corresponding type declarations.
__tests__/integration/TermuxNativeModule.test.ts(8,1): error TS2582: Cannot find name 'describe'. Do you need to install type definitions for a test runner? Try `npm i --save-dev @types/jest` or `npm i --save-dev @types/mocha`.
__tests__/integration/TermuxNativeModule.test.ts(12,3): error TS2304: Cannot find name 'beforeAll'.
__tests__/integration/TermuxNativeModule.test.ts(29,3): error TS2304: Cannot find name 'beforeEach'.
__tests__/integration/TermuxNativeModule.test.ts(35,3): error TS2582: Cannot find name 'describe'. Do you need to install type definitions for a test runner? Try `npm i --save-dev @types/jest` or `npm i --save-dev @types/mocha`.
__tests__/integration/TermuxNativeModule.test.ts(36,5): error TS2582: Cannot find name 'it'. Do you need to install type definitions for a test runner? Try `npm i --save-dev @types/jest` or `npm i --save-dev @types/mocha`.
__tests__/integration/TermuxNativeModule.test.ts(38,9): error TS2304: Cannot find name 'expect'.
__tests__/integration/TermuxNativeModule.test.ts(41,7): error TS2304: Cannot find name 'expect'.
__tests__/integration/TermuxNativeModule.test.ts(44,5): error TS2582: Cannot find name 'it'. Do you need to install type definitions for a test runner? Try `npm i --save-dev @types/jest` or `npm i --save-dev @types/mocha`.
__tests__/integration/TermuxNativeModule.test.ts(46,9): error TS2304: Cannot find name 'expect'.
__tests__/integration/TermuxNativeModule.test.ts(49,7): error TS2304: Cannot find name 'expect'.
__tests__/integration/TermuxNativeModule.test.ts(50,7): error TS2304: Cannot find name 'expect'.
__tests__/integration/TermuxNativeModule.test.ts(51,7): error TS2304: Cannot find name 'expect'.
__tests__/integration/TermuxNativeModule.test.ts(52,7): error TS2304: Cannot find name 'expect'.
__tests__/integration/TermuxNativeModule.test.ts(53,7): error TS2304: Cannot find name 'expect'.
__tests__/integration/TermuxNativeModule.test.ts(54,7): error TS2304: Cannot find name 'expect'.
__tests__/integration/TermuxNativeModule.test.ts(57,5): error TS2582: Cannot find name 'it'. Do you need to install type definitions for a test runner? Try `npm i --save-dev @types/jest` or `npm i --save-dev @types/mocha`.
__tests__/integration/TermuxNativeModule.test.ts(59,9): error TS2304: Cannot find name 'expect'.
__tests__/integration/TermuxNativeModule.test.ts(62,7): error TS2304: Cannot find name 'expect'.
__tests__/integration/TermuxNativeModule.test.ts(63,7): error TS2304: Cannot find name 'expect'.
__tests__/integration/TermuxNativeModule.test.ts(67,3): error TS2582: Cannot find name 'describe'. Do you need to install type definitions for a test runner? Try `npm i --save-dev @types/jest` or `npm i --save-dev @types/mocha`.
__tests__/integration/TermuxNativeModule.test.ts(68,5): error TS2582: Cannot find name 'it'. Do you need to install type definitions for a test runner? Try `npm i --save-dev @types/jest` or `npm i --save-dev @types/mocha`.
__tests__/integration/TermuxNativeModule.test.ts(68,54): error TS2705: An async function or method in ES5 requires the 'Promise' constructor.  Make sure you have a declaration for the 'Promise' constructor or include 'ES2015' in your '--lib' option.
__tests__/integration/TermuxNativeModule.test.ts(70,37): error TS2304: Cannot find name 'jest'.
__tests__/integration/TermuxNativeModule.test.ts(78,7): error TS2304: Cannot find name 'expect'.
__tests__/integration/TermuxNativeModule.test.ts(85,5): error TS2582: Cannot find name 'it'. Do you need to install type definitions for a test runner? Try `npm i --save-dev @types/jest` or `npm i --save-dev @types/mocha`.
__tests__/integration/TermuxNativeModule.test.ts(85,53): error TS2705: An async function or method in ES5 requires the 'Promise' constructor.  Make sure you have a declaration for the 'Promise' constructor or include 'ES2015' in your '--lib' option.
__tests__/integration/TermuxNativeModule.test.ts(87,37): error TS2304: Cannot find name 'jest'.
__tests__/integration/TermuxNativeModule.test.ts(91,7): error TS2304: Cannot find name 'expect'.
__tests__/integration/TermuxNativeModule.test.ts(92,7): error TS2304: Cannot find name 'expect'.
__tests__/integration/TermuxNativeModule.test.ts(95,5): error TS2582: Cannot find name 'it'. Do you need to install type definitions for a test runner? Try `npm i --save-dev @types/jest` or `npm i --save-dev @types/mocha`.
__tests__/integration/TermuxNativeModule.test.ts(95,57): error TS2705: An async function or method in ES5 requires the 'Promise' constructor.  Make sure you have a declaration for the 'Promise' constructor or include 'ES2015' in your '--lib' option.
__tests__/integration/TermuxNativeModule.test.ts(96,37): error TS2304: Cannot find name 'jest'.
__tests__/integration/TermuxNativeModule.test.ts(100,13): error TS2304: Cannot find name 'expect'.
__tests__/integration/TermuxNativeModule.test.ts(106,3): error TS2582: Cannot find name 'describe'. Do you need to install type definitions for a test runner? Try `npm i --save-dev @types/jest` or `npm i --save-dev @types/mocha`.
__tests__/integration/TermuxNativeModule.test.ts(107,5): error TS2582: Cannot find name 'it'. Do you need to install type definitions for a test runner? Try `npm i --save-dev @types/jest` or `npm i --save-dev @types/mocha`.
__tests__/integration/TermuxNativeModule.test.ts(107,57): error TS2705: An async function or method in ES5 requires the 'Promise' constructor.  Make sure you have a declaration for the 'Promise' constructor or include 'ES2015' in your '--lib' option.
__tests__/integration/TermuxNativeModule.test.ts(109,34): error TS2304: Cannot find name 'jest'.
__tests__/integration/TermuxNativeModule.test.ts(128,7): error TS2304: Cannot find name 'expect'.
__tests__/integration/TermuxNativeModule.test.ts(141,7): error TS2304: Cannot find name 'expect'.
__tests__/integration/TermuxNativeModule.test.ts(148,5): error TS2582: Cannot find name 'it'. Do you need to install type definitions for a test runner? Try `npm i --save-dev @types/jest` or `npm i --save-dev @types/mocha`.
__tests__/integration/TermuxNativeModule.test.ts(148,51): error TS2705: An async function or method in ES5 requires the 'Promise' constructor.  Make sure you have a declaration for the 'Promise' constructor or include 'ES2015' in your '--lib' option.
__tests__/integration/TermuxNativeModule.test.ts(149,34): error TS2304: Cannot find name 'jest'.
__tests__/integration/TermuxNativeModule.test.ts(153,13): error TS2304: Cannot find name 'expect'.
__tests__/integration/TermuxNativeModule.test.ts(158,5): error TS2582: Cannot find name 'it'. Do you need to install type definitions for a test runner? Try `npm i --save-dev @types/jest` or `npm i --save-dev @types/mocha`.
__tests__/integration/TermuxNativeModule.test.ts(158,37): error TS2705: An async function or method in ES5 requires the 'Promise' constructor.  Make sure you have a declaration for the 'Promise' constructor or include 'ES2015' in your '--lib' option.
__tests__/integration/TermuxNativeModule.test.ts(159,32): error TS2304: Cannot find name 'jest'.
__tests__/integration/TermuxNativeModule.test.ts(163,7): error TS2304: Cannot find name 'expect'.
__tests__/integration/TermuxNativeModule.test.ts(164,7): error TS2304: Cannot find name 'expect'.
__tests__/integration/TermuxNativeModule.test.ts(167,5): error TS2582: Cannot find name 'it'. Do you need to install type definitions for a test runner? Try `npm i --save-dev @types/jest` or `npm i --save-dev @types/mocha`.
__tests__/integration/TermuxNativeModule.test.ts(167,47): error TS2705: An async function or method in ES5 requires the 'Promise' constructor.  Make sure you have a declaration for the 'Promise' constructor or include 'ES2015' in your '--lib' option.
__tests__/integration/TermuxNativeModule.test.ts(168,32): error TS2304: Cannot find name 'jest'.
__tests__/integration/TermuxNativeModule.test.ts(172,13): error TS2304: Cannot find name 'expect'.
__tests__/integration/TermuxNativeModule.test.ts(178,3): error TS2582: Cannot find name 'describe'. Do you need to install type definitions for a test runner? Try `npm i --save-dev @types/jest` or `npm i --save-dev @types/mocha`.
__tests__/integration/TermuxNativeModule.test.ts(179,5): error TS2582: Cannot find name 'it'. Do you need to install type definitions for a test runner? Try `npm i --save-dev @types/jest` or `npm i --save-dev @types/mocha`.
__tests__/integration/TermuxNativeModule.test.ts(179,40): error TS2705: An async function or method in ES5 requires the 'Promise' constructor.  Make sure you have a declaration for the 'Promise' constructor or include 'ES2015' in your '--lib' option.
__tests__/integration/TermuxNativeModule.test.ts(180,35): error TS2304: Cannot find name 'jest'.
__tests__/integration/TermuxNativeModule.test.ts(184,7): error TS2304: Cannot find name 'expect'.
__tests__/integration/TermuxNativeModule.test.ts(185,7): error TS2304: Cannot find name 'expect'.
__tests__/integration/TermuxNativeModule.test.ts(191,5): error TS2582: Cannot find name 'it'. Do you need to install type definitions for a test runner? Try `npm i --save-dev @types/jest` or `npm i --save-dev @types/mocha`.
__tests__/integration/TermuxNativeModule.test.ts(191,41): error TS2705: An async function or method in ES5 requires the 'Promise' constructor.  Make sure you have a declaration for the 'Promise' constructor or include 'ES2015' in your '--lib' option.
__tests__/integration/TermuxNativeModule.test.ts(192,36): error TS2304: Cannot find name 'jest'.
__tests__/integration/TermuxNativeModule.test.ts(196,7): error TS2304: Cannot find name 'expect'.
__tests__/integration/TermuxNativeModule.test.ts(197,7): error TS2304: Cannot find name 'expect'.
__tests__/integration/TermuxNativeModule.test.ts(200,5): error TS2582: Cannot find name 'it'. Do you need to install type definitions for a test runner? Try `npm i --save-dev @types/jest` or `npm i --save-dev @types/mocha`.
__tests__/integration/TermuxNativeModule.test.ts(200,40): error TS2705: An async function or method in ES5 requires the 'Promise' constructor.  Make sure you have a declaration for the 'Promise' constructor or include 'ES2015' in your '--lib' option.
__tests__/integration/TermuxNativeModule.test.ts(201,35): error TS2304: Cannot find name 'jest'.
__tests__/integration/TermuxNativeModule.test.ts(205,13): error TS2304: Cannot find name 'expect'.
__tests__/integration/TermuxNativeModule.test.ts(210,5): error TS2582: Cannot find name 'it'. Do you need to install type definitions for a test runner? Try `npm i --save-dev @types/jest` or `npm i --save-dev @types/mocha`.
__tests__/integration/TermuxNativeModule.test.ts(210,39): error TS2705: An async function or method in ES5 requires the 'Promise' constructor.  Make sure you have a declaration for the 'Promise' constructor or include 'ES2015' in your '--lib' option.
__tests__/integration/TermuxNativeModule.test.ts(211,36): error TS2304: Cannot find name 'jest'.
__tests__/integration/TermuxNativeModule.test.ts(215,13): error TS2304: Cannot find name 'expect'.
__tests__/integration/TermuxNativeModule.test.ts(221,3): error TS2582: Cannot find name 'describe'. Do you need to install type definitions for a test runner? Try `npm i --save-dev @types/jest` or `npm i --save-dev @types/mocha`.
__tests__/integration/TermuxNativeModule.test.ts(222,5): error TS2582: Cannot find name 'it'. Do you need to install type definitions for a test runner? Try `npm i --save-dev @types/jest` or `npm i --save-dev @types/mocha`.
__tests__/integration/TermuxNativeModule.test.ts(222,46): error TS7006: Parameter 'done' implicitly has an 'any' type.
__tests__/integration/TermuxNativeModule.test.ts(226,74): error TS7006: Parameter 'event' implicitly has an 'any' type.
__tests__/integration/TermuxNativeModule.test.ts(227,9): error TS2304: Cannot find name 'expect'.
__tests__/integration/TermuxNativeModule.test.ts(242,5): error TS2582: Cannot find name 'it'. Do you need to install type definitions for a test runner? Try `npm i --save-dev @types/jest` or `npm i --save-dev @types/mocha`.
__tests__/integration/TermuxNativeModule.test.ts(242,44): error TS7006: Parameter 'done' implicitly has an 'any' type.
__tests__/integration/TermuxNativeModule.test.ts(246,72): error TS7006: Parameter 'event' implicitly has an 'any' type.
__tests__/integration/TermuxNativeModule.test.ts(247,9): error TS2304: Cannot find name 'expect'.
__tests__/integration/TermuxNativeModule.test.ts(262,5): error TS2582: Cannot find name 'it'. Do you need to install type definitions for a test runner? Try `npm i --save-dev @types/jest` or `npm i --save-dev @types/mocha`.
__tests__/integration/TermuxNativeModule.test.ts(262,52): error TS7006: Parameter 'done' implicitly has an 'any' type.
__tests__/integration/TermuxNativeModule.test.ts(274,75): error TS7006: Parameter 'event' implicitly has an 'any' type.
__tests__/integration/TermuxNativeModule.test.ts(275,9): error TS2304: Cannot find name 'expect'.
__tests__/integration/TermuxNativeModule.test.ts(280,75): error TS7006: Parameter 'event' implicitly has an 'any' type.
__tests__/integration/TermuxNativeModule.test.ts(281,9): error TS2304: Cannot find name 'expect'.
__tests__/integration/TermuxNativeModule.test.ts(293,5): error TS2582: Cannot find name 'it'. Do you need to install type definitions for a test runner? Try `npm i --save-dev @types/jest` or `npm i --save-dev @types/mocha`.
__tests__/integration/TermuxNativeModule.test.ts(294,24): error TS2304: Cannot find name 'jest'.
__tests__/integration/TermuxNativeModule.test.ts(303,7): error TS2304: Cannot find name 'expect'.
__tests__/integration/TermuxNativeModule.test.ts(315,7): error TS2304: Cannot find name 'expect'.
__tests__/integration/TermuxNativeModule.test.ts(319,3): error TS2582: Cannot find name 'describe'. Do you need to install type definitions for a test runner? Try `npm i --save-dev @types/jest` or `npm i --save-dev @types/mocha`.
__tests__/integration/TermuxNativeModule.test.ts(320,5): error TS2582: Cannot find name 'it'. Do you need to install type definitions for a test runner? Try `npm i --save-dev @types/jest` or `npm i --save-dev @types/mocha`.
__tests__/integration/TermuxNativeModule.test.ts(325,7): error TS2304: Cannot find name 'expect'.
__tests__/integration/TermuxNativeModule.test.ts(327,9): error TS2304: Cannot find name 'expect'.
__tests__/integration/TermuxNativeModule.test.ts(334,5): error TS2582: Cannot find name 'it'. Do you need to install type definitions for a test runner? Try `npm i --save-dev @types/jest` or `npm i --save-dev @types/mocha`.
__tests__/integration/TermuxNativeModule.test.ts(334,45): error TS2705: An async function or method in ES5 requires the 'Promise' constructor.  Make sure you have a declaration for the 'Promise' constructor or include 'ES2015' in your '--lib' option.
__tests__/integration/TermuxNativeModule.test.ts(335,35): error TS2304: Cannot find name 'jest'.
__tests__/integration/TermuxNativeModule.test.ts(339,13): error TS2304: Cannot find name 'expect'.
__tests__/integration/TermuxNativeModule.test.ts(344,5): error TS2582: Cannot find name 'it'. Do you need to install type definitions for a test runner? Try `npm i --save-dev @types/jest` or `npm i --save-dev @types/mocha`.
__tests__/integration/TermuxNativeModule.test.ts(344,55): error TS2705: An async function or method in ES5 requires the 'Promise' constructor.  Make sure you have a declaration for the 'Promise' constructor or include 'ES2015' in your '--lib' option.
__tests__/integration/TermuxNativeModule.test.ts(345,34): error TS2304: Cannot find name 'jest'.
__tests__/integration/TermuxNativeModule.test.ts(346,10): error TS7006: Parameter 'sessionId' implicitly has an 'any' type.
__tests__/integration/TermuxNativeModule.test.ts(346,24): error TS2585: 'Promise' only refers to a type, but is being used as a value here. Do you need to change your target library? Try changing the 'lib' compiler option to es2015 or later.
__tests__/integration/TermuxNativeModule.test.ts(359,29): error TS2585: 'Promise' only refers to a type, but is being used as a value here. Do you need to change your target library? Try changing the 'lib' compiler option to es2015 or later.
__tests__/integration/TermuxNativeModule.test.ts(361,7): error TS2304: Cannot find name 'expect'.
__tests__/integration/TermuxNativeModule.test.ts(362,24): error TS7006: Parameter 'result' implicitly has an 'any' type.
__tests__/integration/TermuxNativeModule.test.ts(363,9): error TS2304: Cannot find name 'expect'.
__tests__/integration/TermuxNativeModule.test.ts(364,9): error TS2304: Cannot find name 'expect'.
__tests__/integration/TermuxNativeModule.test.ts(365,9): error TS2304: Cannot find name 'expect'.
__tests__/integration/TermuxNativeModule.test.ts(370,3): error TS2582: Cannot find name 'describe'. Do you need to install type definitions for a test runner? Try `npm i --save-dev @types/jest` or `npm i --save-dev @types/mocha`.
__tests__/integration/TermuxNativeModule.test.ts(371,5): error TS2582: Cannot find name 'it'. Do you need to install type definitions for a test runner? Try `npm i --save-dev @types/jest` or `npm i --save-dev @types/mocha`.
__tests__/integration/TermuxNativeModule.test.ts(371,46): error TS2705: An async function or method in ES5 requires the 'Promise' constructor.  Make sure you have a declaration for the 'Promise' constructor or include 'ES2015' in your '--lib' option.
__tests__/integration/TermuxNativeModule.test.ts(372,35): error TS2304: Cannot find name 'jest'.
__tests__/integration/TermuxNativeModule.test.ts(373,36): error TS2304: Cannot find name 'jest'.
__tests__/integration/TermuxNativeModule.test.ts(389,13): error TS2304: Cannot find name 'expect'.
__tests__/integration/TermuxNativeModule.test.ts(389,20): error TS2585: 'Promise' only refers to a type, but is being used as a value here. Do you need to change your target library? Try changing the 'lib' compiler option to es2015 or later.
__tests__/integration/TermuxNativeModule.test.ts(392,5): error TS2582: Cannot find name 'it'. Do you need to install type definitions for a test runner? Try `npm i --save-dev @types/jest` or `npm i --save-dev @types/mocha`.
__tests__/integration/TermuxNativeModule.test.ts(392,43): error TS2705: An async function or method in ES5 requires the 'Promise' constructor.  Make sure you have a declaration for the 'Promise' constructor or include 'ES2015' in your '--lib' option.
__tests__/integration/TermuxNativeModule.test.ts(393,29): error TS2550: Property 'repeat' does not exist on type '"x"'. Do you need to change your target library? Try changing the 'lib' compiler option to 'es2015' or later.
__tests__/integration/TermuxNativeModule.test.ts(394,35): error TS2304: Cannot find name 'jest'.
__tests__/integration/TermuxNativeModule.test.ts(395,36): error TS2304: Cannot find name 'jest'.
__tests__/integration/TermuxNativeModule.test.ts(397,13): error TS2304: Cannot find name 'expect'.
__tests__/integration/TermuxNativeModule.test.ts(401,13): error TS2304: Cannot find name 'expect'.
__tests__/integration/TermuxRealModule.test.ts(6,61): error TS2307: Cannot find module 'react-native' or its corresponding type declarations.
__tests__/integration/TermuxRealModule.test.ts(8,55): error TS2582: Cannot find name 'describe'. Do you need to install type definitions for a test runner? Try `npm i --save-dev @types/jest` or `npm i --save-dev @types/mocha`.
__tests__/integration/TermuxRealModule.test.ts(8,66): error TS2582: Cannot find name 'describe'. Do you need to install type definitions for a test runner? Try `npm i --save-dev @types/jest` or `npm i --save-dev @types/mocha`.
__tests__/integration/TermuxRealModule.test.ts(14,3): error TS2304: Cannot find name 'beforeAll'.
__tests__/integration/TermuxRealModule.test.ts(25,3): error TS2582: Cannot find name 'describe'. Do you need to install type definitions for a test runner? Try `npm i --save-dev @types/jest` or `npm i --save-dev @types/mocha`.
__tests__/integration/TermuxRealModule.test.ts(26,5): error TS2582: Cannot find name 'it'. Do you need to install type definitions for a test runner? Try `npm i --save-dev @types/jest` or `npm i --save-dev @types/mocha`.
__tests__/integration/TermuxRealModule.test.ts(27,7): error TS2304: Cannot find name 'expect'.
__tests__/integration/TermuxRealModule.test.ts(30,5): error TS2582: Cannot find name 'it'. Do you need to install type definitions for a test runner? Try `npm i --save-dev @types/jest` or `npm i --save-dev @types/mocha`.
__tests__/integration/TermuxRealModule.test.ts(31,7): error TS2304: Cannot find name 'expect'.
__tests__/integration/TermuxRealModule.test.ts(32,7): error TS2304: Cannot find name 'expect'.
__tests__/integration/TermuxRealModule.test.ts(33,7): error TS2304: Cannot find name 'expect'.
__tests__/integration/TermuxRealModule.test.ts(34,7): error TS2304: Cannot find name 'expect'.
__tests__/integration/TermuxRealModule.test.ts(35,7): error TS2304: Cannot find name 'expect'.
__tests__/integration/TermuxRealModule.test.ts(36,7): error TS2304: Cannot find name 'expect'.
__tests__/integration/TermuxRealModule.test.ts(39,5): error TS2582: Cannot find name 'it'. Do you need to install type definitions for a test runner? Try `npm i --save-dev @types/jest` or `npm i --save-dev @types/mocha`.
__tests__/integration/TermuxRealModule.test.ts(40,7): error TS2304: Cannot find name 'expect'.
__tests__/integration/TermuxRealModule.test.ts(41,7): error TS2304: Cannot find name 'expect'.
__tests__/integration/TermuxRealModule.test.ts(45,3): error TS2582: Cannot find name 'describe'. Do you need to install type definitions for a test runner? Try `npm i --save-dev @types/jest` or `npm i --save-dev @types/mocha`.
__tests__/integration/TermuxRealModule.test.ts(46,5): error TS2582: Cannot find name 'it'. Do you need to install type definitions for a test runner? Try `npm i --save-dev @types/jest` or `npm i --save-dev @types/mocha`.
__tests__/integration/TermuxRealModule.test.ts(46,54): error TS2705: An async function or method in ES5 requires the 'Promise' constructor.  Make sure you have a declaration for the 'Promise' constructor or include 'ES2015' in your '--lib' option.
__tests__/integration/TermuxRealModule.test.ts(49,7): error TS2304: Cannot find name 'expect'.
__tests__/integration/TermuxRealModule.test.ts(50,7): error TS2304: Cannot find name 'expect'.
__tests__/integration/TermuxRealModule.test.ts(53,9): error TS2304: Cannot find name 'expect'.
__tests__/integration/TermuxRealModule.test.ts(54,9): error TS2304: Cannot find name 'expect'.
__tests__/integration/TermuxRealModule.test.ts(58,5): error TS2582: Cannot find name 'it'. Do you need to install type definitions for a test runner? Try `npm i --save-dev @types/jest` or `npm i --save-dev @types/mocha`.
__tests__/integration/TermuxRealModule.test.ts(58,51): error TS2705: An async function or method in ES5 requires the 'Promise' constructor.  Make sure you have a declaration for the 'Promise' constructor or include 'ES2015' in your '--lib' option.
__tests__/integration/TermuxRealModule.test.ts(63,9): error TS2304: Cannot find name 'expect'.
__tests__/integration/TermuxRealModule.test.ts(67,9): error TS2304: Cannot find name 'expect'.
__tests__/integration/TermuxRealModule.test.ts(72,3): error TS2582: Cannot find name 'describe'. Do you need to install type definitions for a test runner? Try `npm i --save-dev @types/jest` or `npm i --save-dev @types/mocha`.
__tests__/integration/TermuxRealModule.test.ts(75,5): error TS2304: Cannot find name 'beforeEach'.
__tests__/integration/TermuxRealModule.test.ts(79,5): error TS2304: Cannot find name 'afterEach'.
__tests__/integration/TermuxRealModule.test.ts(79,15): error TS2705: An async function or method in ES5 requires the 'Promise' constructor.  Make sure you have a declaration for the 'Promise' constructor or include 'ES2015' in your '--lib' option.
__tests__/integration/TermuxRealModule.test.ts(88,5): error TS2582: Cannot find name 'it'. Do you need to install type definitions for a test runner? Try `npm i --save-dev @types/jest` or `npm i --save-dev @types/mocha`.
__tests__/integration/TermuxRealModule.test.ts(88,35): error TS2705: An async function or method in ES5 requires the 'Promise' constructor.  Make sure you have a declaration for the 'Promise' constructor or include 'ES2015' in your '--lib' option.
__tests__/integration/TermuxRealModule.test.ts(108,7): error TS2304: Cannot find name 'expect'.
__tests__/integration/TermuxRealModule.test.ts(109,7): error TS2304: Cannot find name 'expect'.
__tests__/integration/TermuxRealModule.test.ts(110,7): error TS2304: Cannot find name 'expect'.
__tests__/integration/TermuxRealModule.test.ts(111,7): error TS2304: Cannot find name 'expect'.
__tests__/integration/TermuxRealModule.test.ts(112,7): error TS2304: Cannot find name 'expect'.
__tests__/integration/TermuxRealModule.test.ts(115,5): error TS2582: Cannot find name 'it'. Do you need to install type definitions for a test runner? Try `npm i --save-dev @types/jest` or `npm i --save-dev @types/mocha`.
__tests__/integration/TermuxRealModule.test.ts(115,33): error TS2705: An async function or method in ES5 requires the 'Promise' constructor.  Make sure you have a declaration for the 'Promise' constructor or include 'ES2015' in your '--lib' option.
__tests__/integration/TermuxRealModule.test.ts(132,7): error TS2304: Cannot find name 'expect'.
__tests__/integration/TermuxRealModule.test.ts(135,5): error TS2582: Cannot find name 'it'. Do you need to install type definitions for a test runner? Try `npm i --save-dev @types/jest` or `npm i --save-dev @types/mocha`.
__tests__/integration/TermuxRealModule.test.ts(135,62): error TS2705: An async function or method in ES5 requires the 'Promise' constructor.  Make sure you have a declaration for the 'Promise' constructor or include 'ES2015' in your '--lib' option.
__tests__/integration/TermuxRealModule.test.ts(137,13): error TS2304: Cannot find name 'expect'.
__tests__/integration/TermuxRealModule.test.ts(151,3): error TS2582: Cannot find name 'describe'. Do you need to install type definitions for a test runner? Try `npm i --save-dev @types/jest` or `npm i --save-dev @types/mocha`.
__tests__/integration/TermuxRealModule.test.ts(154,5): error TS2304: Cannot find name 'beforeEach'.
__tests__/integration/TermuxRealModule.test.ts(154,16): error TS2705: An async function or method in ES5 requires the 'Promise' constructor.  Make sure you have a declaration for the 'Promise' constructor or include 'ES2015' in your '--lib' option.
__tests__/integration/TermuxRealModule.test.ts(172,5): error TS2304: Cannot find name 'afterEach'.
__tests__/integration/TermuxRealModule.test.ts(172,15): error TS2705: An async function or method in ES5 requires the 'Promise' constructor.  Make sure you have a declaration for the 'Promise' constructor or include 'ES2015' in your '--lib' option.
__tests__/integration/TermuxRealModule.test.ts(180,5): error TS2582: Cannot find name 'it'. Do you need to install type definitions for a test runner? Try `npm i --save-dev @types/jest` or `npm i --save-dev @types/mocha`.
__tests__/integration/TermuxRealModule.test.ts(180,40): error TS2705: An async function or method in ES5 requires the 'Promise' constructor.  Make sure you have a declaration for the 'Promise' constructor or include 'ES2015' in your '--lib' option.
__tests__/integration/TermuxRealModule.test.ts(182,7): error TS2304: Cannot find name 'expect'.
__tests__/integration/TermuxRealModule.test.ts(185,5): error TS2582: Cannot find name 'it'. Do you need to install type definitions for a test runner? Try `npm i --save-dev @types/jest` or `npm i --save-dev @types/mocha`.
__tests__/integration/TermuxRealModule.test.ts(185,41): error TS2705: An async function or method in ES5 requires the 'Promise' constructor.  Make sure you have a declaration for the 'Promise' constructor or include 'ES2015' in your '--lib' option.
__tests__/integration/TermuxRealModule.test.ts(190,17): error TS2585: 'Promise' only refers to a type, but is being used as a value here. Do you need to change your target library? Try changing the 'lib' compiler option to es2015 or later.
__tests__/integration/TermuxRealModule.test.ts(190,25): error TS7006: Parameter 'resolve' implicitly has an 'any' type.
__tests__/integration/TermuxRealModule.test.ts(194,7): error TS2304: Cannot find name 'expect'.
__tests__/integration/TermuxRealModule.test.ts(198,5): error TS2582: Cannot find name 'it'. Do you need to install type definitions for a test runner? Try `npm i --save-dev @types/jest` or `npm i --save-dev @types/mocha`.
__tests__/integration/TermuxRealModule.test.ts(198,60): error TS2705: An async function or method in ES5 requires the 'Promise' constructor.  Make sure you have a declaration for the 'Promise' constructor or include 'ES2015' in your '--lib' option.
__tests__/integration/TermuxRealModule.test.ts(199,13): error TS2304: Cannot find name 'expect'.
__tests__/integration/TermuxRealModule.test.ts(204,5): error TS2582: Cannot find name 'it'. Do you need to install type definitions for a test runner? Try `npm i --save-dev @types/jest` or `npm i --save-dev @types/mocha`.
__tests__/integration/TermuxRealModule.test.ts(204,59): error TS2705: An async function or method in ES5 requires the 'Promise' constructor.  Make sure you have a declaration for the 'Promise' constructor or include 'ES2015' in your '--lib' option.
__tests__/integration/TermuxRealModule.test.ts(205,13): error TS2304: Cannot find name 'expect'.
__tests__/integration/TermuxRealModule.test.ts(211,3): error TS2582: Cannot find name 'describe'. Do you need to install type definitions for a test runner? Try `npm i --save-dev @types/jest` or `npm i --save-dev @types/mocha`.
__tests__/integration/TermuxRealModule.test.ts(215,5): error TS2304: Cannot find name 'beforeEach'.
__tests__/integration/TermuxRealModule.test.ts(215,16): error TS2705: An async function or method in ES5 requires the 'Promise' constructor.  Make sure you have a declaration for the 'Promise' constructor or include 'ES2015' in your '--lib' option.
__tests__/integration/TermuxRealModule.test.ts(219,5): error TS2304: Cannot find name 'afterEach'.
__tests__/integration/TermuxRealModule.test.ts(219,15): error TS2705: An async function or method in ES5 requires the 'Promise' constructor.  Make sure you have a declaration for the 'Promise' constructor or include 'ES2015' in your '--lib' option.
__tests__/integration/TermuxRealModule.test.ts(230,5): error TS2582: Cannot find name 'it'. Do you need to install type definitions for a test runner? Try `npm i --save-dev @types/jest` or `npm i --save-dev @types/mocha`.
__tests__/integration/TermuxRealModule.test.ts(230,46): error TS7006: Parameter 'done' implicitly has an 'any' type.
__tests__/integration/TermuxRealModule.test.ts(235,68): error TS7006: Parameter 'event' implicitly has an 'any' type.
__tests__/integration/TermuxRealModule.test.ts(238,11): error TS2304: Cannot find name 'expect'.
__tests__/integration/TermuxRealModule.test.ts(239,11): error TS2304: Cannot find name 'expect'.
__tests__/integration/TermuxRealModule.test.ts(264,5): error TS2582: Cannot find name 'it'. Do you need to install type definitions for a test runner? Try `npm i --save-dev @types/jest` or `npm i --save-dev @types/mocha`.
__tests__/integration/TermuxRealModule.test.ts(264,44): error TS7006: Parameter 'done' implicitly has an 'any' type.
__tests__/integration/TermuxRealModule.test.ts(269,66): error TS7006: Parameter 'event' implicitly has an 'any' type.
__tests__/integration/TermuxRealModule.test.ts(272,11): error TS2304: Cannot find name 'expect'.
__tests__/integration/TermuxRealModule.test.ts(273,11): error TS2304: Cannot find name 'expect'.
__tests__/integration/TermuxRealModule.test.ts(298,5): error TS2582: Cannot find name 'it'. Do you need to install type definitions for a test runner? Try `npm i --save-dev @types/jest` or `npm i --save-dev @types/mocha`.
__tests__/integration/TermuxRealModule.test.ts(298,43): error TS7006: Parameter 'done' implicitly has an 'any' type.
__tests__/integration/TermuxRealModule.test.ts(328,3): error TS2582: Cannot find name 'describe'. Do you need to install type definitions for a test runner? Try `npm i --save-dev @types/jest` or `npm i --save-dev @types/mocha`.
__tests__/integration/TermuxRealModule.test.ts(329,5): error TS2582: Cannot find name 'it'. Do you need to install type definitions for a test runner? Try `npm i --save-dev @types/jest` or `npm i --save-dev @types/mocha`.
__tests__/integration/TermuxRealModule.test.ts(329,54): error TS2705: An async function or method in ES5 requires the 'Promise' constructor.  Make sure you have a declaration for the 'Promise' constructor or include 'ES2015' in your '--lib' option.
__tests__/integration/TermuxRealModule.test.ts(355,29): error TS2585: 'Promise' only refers to a type, but is being used as a value here. Do you need to change your target library? Try changing the 'lib' compiler option to es2015 or later.
__tests__/integration/TermuxRealModule.test.ts(358,24): error TS7006: Parameter 'result' implicitly has an 'any' type.
__tests__/integration/TermuxRealModule.test.ts(358,32): error TS7006: Parameter 'index' implicitly has an 'any' type.
__tests__/integration/TermuxRealModule.test.ts(359,9): error TS2304: Cannot find name 'expect'.
__tests__/integration/TermuxRealModule.test.ts(360,9): error TS2304: Cannot find name 'expect'.
__tests__/integration/TermuxRealModule.test.ts(365,13): error TS2585: 'Promise' only refers to a type, but is being used as a value here. Do you need to change your target library? Try changing the 'lib' compiler option to es2015 or later.
__tests__/integration/TermuxRealModule.test.ts(368,5): error TS2582: Cannot find name 'it'. Do you need to install type definitions for a test runner? Try `npm i --save-dev @types/jest` or `npm i --save-dev @types/mocha`.
__tests__/integration/TermuxRealModule.test.ts(368,46): error TS2705: An async function or method in ES5 requires the 'Promise' constructor.  Make sure you have a declaration for the 'Promise' constructor or include 'ES2015' in your '--lib' option.
__tests__/integration/TermuxRealModule.test.ts(394,29): error TS2585: 'Promise' only refers to a type, but is being used as a value here. Do you need to change your target library? Try changing the 'lib' compiler option to es2015 or later.
__tests__/integration/TermuxRealModule.test.ts(395,23): error TS7006: Parameter 'result' implicitly has an 'any' type.
__tests__/integration/TermuxRealModule.test.ts(396,9): error TS2304: Cannot find name 'expect'.
__tests__/mocks/TermuxCoreMock.ts(18,21): error TS2583: Cannot find name 'Map'. Do you need to change your target library? Try changing the 'lib' compiler option to 'es2015' or later.
__tests__/mocks/TermuxCoreMock.ts(18,58): error TS2583: Cannot find name 'Map'. Do you need to change your target library? Try changing the 'lib' compiler option to 'es2015' or later.
__tests__/mocks/TermuxCoreMock.ts(20,27): error TS2583: Cannot find name 'Map'. Do you need to change your target library? Try changing the 'lib' compiler option to 'es2015' or later.
__tests__/mocks/TermuxCoreMock.ts(20,39): error TS2583: Cannot find name 'Set'. Do you need to change your target library? Try changing the 'lib' compiler option to 'es2015' or later.
__tests__/mocks/TermuxCoreMock.ts(20,72): error TS2583: Cannot find name 'Map'. Do you need to change your target library? Try changing the 'lib' compiler option to 'es2015' or later.
__tests__/mocks/TermuxCoreMock.ts(36,29): error TS2705: An async function or method in ES5 requires the 'Promise' constructor.  Make sure you have a declaration for the 'Promise' constructor or include 'ES2015' in your '--lib' option.
__tests__/mocks/TermuxCoreMock.ts(48,29): error TS2705: An async function or method in ES5 requires the 'Promise' constructor.  Make sure you have a declaration for the 'Promise' constructor or include 'ES2015' in your '--lib' option.
__tests__/mocks/TermuxCoreMock.ts(50,15): error TS2585: 'Promise' only refers to a type, but is being used as a value here. Do you need to change your target library? Try changing the 'lib' compiler option to es2015 or later.
__tests__/mocks/TermuxCoreMock.ts(50,23): error TS7006: Parameter 'resolve' implicitly has an 'any' type.
__tests__/mocks/TermuxCoreMock.ts(64,6): error TS2705: An async function or method in ES5 requires the 'Promise' constructor.  Make sure you have a declaration for the 'Promise' constructor or include 'ES2015' in your '--lib' option.
__tests__/mocks/TermuxCoreMock.ts(97,41): error TS2705: An async function or method in ES5 requires the 'Promise' constructor.  Make sure you have a declaration for the 'Promise' constructor or include 'ES2015' in your '--lib' option.
__tests__/mocks/TermuxCoreMock.ts(118,58): error TS2705: An async function or method in ES5 requires the 'Promise' constructor.  Make sure you have a declaration for the 'Promise' constructor or include 'ES2015' in your '--lib' option.
__tests__/mocks/TermuxCoreMock.ts(136,45): error TS2705: An async function or method in ES5 requires the 'Promise' constructor.  Make sure you have a declaration for the 'Promise' constructor or include 'ES2015' in your '--lib' option.
__tests__/mocks/TermuxCoreMock.ts(153,42): error TS2583: Cannot find name 'Set'. Do you need to change your target library? Try changing the 'lib' compiler option to 'es2015' or later.
__tests__/mocks/TermuxCoreMock.ts(189,25): error TS7006: Parameter 'listener' implicitly has an 'any' type.
__tests__/mocks/TermuxCoreMock.ts(213,24): error TS2550: Property 'startsWith' does not exist on type 'string'. Do you need to change your target library? Try changing the 'lib' compiler option to 'es2015' or later.
__tests__/mocks/TermuxCoreMock.ts(234,24): error TS2550: Property 'startsWith' does not exist on type 'string'. Do you need to change your target library? Try changing the 'lib' compiler option to 'es2015' or later.
__tests__/mocks/TermuxCoreMock.ts(260,18): error TS2550: Property 'from' does not exist on type 'ArrayConstructor'. Do you need to change your target library? Try changing the 'lib' compiler option to 'es2015' or later.
__tests__/unit/TerminalService.simple.test.ts(6,1): error TS2304: Cannot find name 'jest'.
__tests__/unit/TerminalService.simple.test.ts(8,17): error TS2304: Cannot find name 'jest'.
__tests__/unit/TerminalService.simple.test.ts(9,23): error TS2304: Cannot find name 'jest'.
__tests__/unit/TerminalService.simple.test.ts(10,23): error TS2304: Cannot find name 'jest'.
__tests__/unit/TerminalService.simple.test.ts(11,22): error TS2304: Cannot find name 'jest'.
__tests__/unit/TerminalService.simple.test.ts(12,23): error TS2304: Cannot find name 'jest'.
__tests__/unit/TerminalService.simple.test.ts(15,1): error TS2304: Cannot find name 'jest'.
__tests__/unit/TerminalService.simple.test.ts(17,23): error TS2304: Cannot find name 'jest'.
__tests__/unit/TerminalService.simple.test.ts(18,23): error TS2304: Cannot find name 'jest'.
__tests__/unit/TerminalService.simple.test.ts(19,20): error TS2304: Cannot find name 'jest'.
__tests__/unit/TerminalService.simple.test.ts(20,21): error TS2304: Cannot find name 'jest'.
__tests__/unit/TerminalService.simple.test.ts(21,18): error TS2304: Cannot find name 'jest'.
__tests__/unit/TerminalService.simple.test.ts(27,1): error TS2582: Cannot find name 'describe'. Do you need to install type definitions for a test runner? Try `npm i --save-dev @types/jest` or `npm i --save-dev @types/mocha`.
__tests__/unit/TerminalService.simple.test.ts(30,3): error TS2304: Cannot find name 'beforeEach'.
__tests__/unit/TerminalService.simple.test.ts(32,5): error TS2304: Cannot find name 'jest'.
__tests__/unit/TerminalService.simple.test.ts(35,3): error TS2582: Cannot find name 'describe'. Do you need to install type definitions for a test runner? Try `npm i --save-dev @types/jest` or `npm i --save-dev @types/mocha`.
__tests__/unit/TerminalService.simple.test.ts(36,5): error TS2582: Cannot find name 'it'. Do you need to install type definitions for a test runner? Try `npm i --save-dev @types/jest` or `npm i --save-dev @types/mocha`.
__tests__/unit/TerminalService.simple.test.ts(37,7): error TS2304: Cannot find name 'expect'.
__tests__/unit/TerminalService.simple.test.ts(40,5): error TS2582: Cannot find name 'it'. Do you need to install type definitions for a test runner? Try `npm i --save-dev @types/jest` or `npm i --save-dev @types/mocha`.
__tests__/unit/TerminalService.simple.test.ts(43,7): error TS2304: Cannot find name 'expect'.
__tests__/unit/TerminalService.simple.test.ts(47,25): error TS2304: Cannot find name 'expect'.
__tests__/unit/TerminalService.simple.test.ts(53,3): error TS2582: Cannot find name 'describe'. Do you need to install type definitions for a test runner? Try `npm i --save-dev @types/jest` or `npm i --save-dev @types/mocha`.
__tests__/unit/TerminalService.simple.test.ts(54,5): error TS2582: Cannot find name 'it'. Do you need to install type definitions for a test runner? Try `npm i --save-dev @types/jest` or `npm i --save-dev @types/mocha`.
__tests__/unit/TerminalService.simple.test.ts(56,7): error TS2304: Cannot find name 'expect'.
__tests__/unit/TerminalService.simple.test.ts(59,5): error TS2582: Cannot find name 'it'. Do you need to install type definitions for a test runner? Try `npm i --save-dev @types/jest` or `npm i --save-dev @types/mocha`.
__tests__/unit/TerminalService.simple.test.ts(61,7): error TS2304: Cannot find name 'expect'.
__tests__/unit/TerminalService.simple.test.ts(64,5): error TS2582: Cannot find name 'it'. Do you need to install type definitions for a test runner? Try `npm i --save-dev @types/jest` or `npm i --save-dev @types/mocha`.
__tests__/unit/TerminalService.simple.test.ts(66,7): error TS2304: Cannot find name 'expect'.
__tests__/unit/TerminalService.simple.test.ts(70,3): error TS2582: Cannot find name 'describe'. Do you need to install type definitions for a test runner? Try `npm i --save-dev @types/jest` or `npm i --save-dev @types/mocha`.
__tests__/unit/TerminalService.simple.test.ts(71,5): error TS2582: Cannot find name 'it'. Do you need to install type definitions for a test runner? Try `npm i --save-dev @types/jest` or `npm i --save-dev @types/mocha`.
__tests__/unit/TerminalService.simple.test.ts(73,7): error TS2304: Cannot find name 'expect'.
__tests__/unit/TerminalService.simple.test.ts(76,5): error TS2582: Cannot find name 'it'. Do you need to install type definitions for a test runner? Try `npm i --save-dev @types/jest` or `npm i --save-dev @types/mocha`.
__tests__/unit/TerminalService.simple.test.ts(77,24): error TS2304: Cannot find name 'jest'.
__tests__/unit/TerminalService.simple.test.ts(83,7): error TS2304: Cannot find name 'expect'.
__tests__/unit/TerminalService.simple.test.ts(87,3): error TS2582: Cannot find name 'describe'. Do you need to install type definitions for a test runner? Try `npm i --save-dev @types/jest` or `npm i --save-dev @types/mocha`.
__tests__/unit/TerminalService.simple.test.ts(88,5): error TS2582: Cannot find name 'it'. Do you need to install type definitions for a test runner? Try `npm i --save-dev @types/jest` or `npm i --save-dev @types/mocha`.
__tests__/unit/TerminalService.simple.test.ts(88,43): error TS2705: An async function or method in ES5 requires the 'Promise' constructor.  Make sure you have a declaration for the 'Promise' constructor or include 'ES2015' in your '--lib' option.
__tests__/unit/TerminalService.simple.test.ts(90,7): error TS2304: Cannot find name 'expect'.
__tests__/unit/TerminalService.simple.test.ts(93,5): error TS2582: Cannot find name 'it'. Do you need to install type definitions for a test runner? Try `npm i --save-dev @types/jest` or `npm i --save-dev @types/mocha`.
__tests__/unit/TerminalService.simple.test.ts(93,38): error TS2705: An async function or method in ES5 requires the 'Promise' constructor.  Make sure you have a declaration for the 'Promise' constructor or include 'ES2015' in your '--lib' option.
__tests__/unit/TerminalService.simple.test.ts(95,7): error TS2304: Cannot find name 'expect'.
__tests__/unit/TerminalService.simple.test.ts(99,3): error TS2582: Cannot find name 'describe'. Do you need to install type definitions for a test runner? Try `npm i --save-dev @types/jest` or `npm i --save-dev @types/mocha`.
__tests__/unit/TerminalService.simple.test.ts(100,5): error TS2582: Cannot find name 'it'. Do you need to install type definitions for a test runner? Try `npm i --save-dev @types/jest` or `npm i --save-dev @types/mocha`.
__tests__/unit/TerminalService.simple.test.ts(104,7): error TS2304: Cannot find name 'expect'.
__tests__/unit/TerminalService.simple.test.ts(107,5): error TS2582: Cannot find name 'it'. Do you need to install type definitions for a test runner? Try `npm i --save-dev @types/jest` or `npm i --save-dev @types/mocha`.
__tests__/unit/TerminalService.simple.test.ts(107,66): error TS2705: An async function or method in ES5 requires the 'Promise' constructor.  Make sure you have a declaration for the 'Promise' constructor or include 'ES2015' in your '--lib' option.
__tests__/unit/TerminalService.simple.test.ts(109,7): error TS2304: Cannot find name 'expect'.
__tests__/unit/TerminalService.simple.test.ts(113,3): error TS2582: Cannot find name 'describe'. Do you need to install type definitions for a test runner? Try `npm i --save-dev @types/jest` or `npm i --save-dev @types/mocha`.
__tests__/unit/TerminalService.simple.test.ts(114,5): error TS2582: Cannot find name 'it'. Do you need to install type definitions for a test runner? Try `npm i --save-dev @types/jest` or `npm i --save-dev @types/mocha`.
__tests__/unit/TerminalService.simple.test.ts(116,7): error TS2304: Cannot find name 'expect'.
__tests__/unit/TerminalService.simple.test.ts(119,5): error TS2582: Cannot find name 'it'. Do you need to install type definitions for a test runner? Try `npm i --save-dev @types/jest` or `npm i --save-dev @types/mocha`.
__tests__/unit/TerminalService.simple.test.ts(121,7): error TS2304: Cannot find name 'expect'.
__tests__/unit/TerminalService.simple.test.ts(122,7): error TS2304: Cannot find name 'expect'.
__tests__/unit/TerminalService.test.ts(2,29): error TS2307: Cannot find module 'expo-file-system' or its corresponding type declarations.
__tests__/unit/TerminalService.test.ts(3,28): error TS2307: Cannot find module 'termux-core' or its corresponding type declarations.
__tests__/unit/TerminalService.test.ts(6,1): error TS2304: Cannot find name 'jest'.
__tests__/unit/TerminalService.test.ts(8,1): error TS2582: Cannot find name 'describe'. Do you need to install type definitions for a test runner? Try `npm i --save-dev @types/jest` or `npm i --save-dev @types/mocha`.
__tests__/unit/TerminalService.test.ts(11,3): error TS2304: Cannot find name 'beforeEach'.
__tests__/unit/TerminalService.test.ts(13,5): error TS2304: Cannot find name 'jest'.
__tests__/unit/TerminalService.test.ts(16,3): error TS2582: Cannot find name 'describe'. Do you need to install type definitions for a test runner? Try `npm i --save-dev @types/jest` or `npm i --save-dev @types/mocha`.
__tests__/unit/TerminalService.test.ts(17,5): error TS2582: Cannot find name 'it'. Do you need to install type definitions for a test runner? Try `npm i --save-dev @types/jest` or `npm i --save-dev @types/mocha`.
__tests__/unit/TerminalService.test.ts(17,78): error TS2705: An async function or method in ES5 requires the 'Promise' constructor.  Make sure you have a declaration for the 'Promise' constructor or include 'ES2015' in your '--lib' option.
__tests__/unit/TerminalService.test.ts(18,39): error TS2503: Cannot find namespace 'jest'.
__tests__/unit/TerminalService.test.ts(26,7): error TS2304: Cannot find name 'expect'.
__tests__/unit/TerminalService.test.ts(27,7): error TS2304: Cannot find name 'expect'.
__tests__/unit/TerminalService.test.ts(30,5): error TS2582: Cannot find name 'it'. Do you need to install type definitions for a test runner? Try `npm i --save-dev @types/jest` or `npm i --save-dev @types/mocha`.
__tests__/unit/TerminalService.test.ts(30,55): error TS2705: An async function or method in ES5 requires the 'Promise' constructor.  Make sure you have a declaration for the 'Promise' constructor or include 'ES2015' in your '--lib' option.
__tests__/unit/TerminalService.test.ts(31,39): error TS2503: Cannot find namespace 'jest'.
__tests__/unit/TerminalService.test.ts(35,39): error TS2503: Cannot find namespace 'jest'.
__tests__/unit/TerminalService.test.ts(39,7): error TS2304: Cannot find name 'expect'.
__tests__/unit/TerminalService.test.ts(40,7): error TS2304: Cannot find name 'expect'.
__tests__/unit/TerminalService.test.ts(43,5): error TS2582: Cannot find name 'it'. Do you need to install type definitions for a test runner? Try `npm i --save-dev @types/jest` or `npm i --save-dev @types/mocha`.
__tests__/unit/TerminalService.test.ts(43,57): error TS2705: An async function or method in ES5 requires the 'Promise' constructor.  Make sure you have a declaration for the 'Promise' constructor or include 'ES2015' in your '--lib' option.
__tests__/unit/TerminalService.test.ts(44,39): error TS2503: Cannot find namespace 'jest'.
__tests__/unit/TerminalService.test.ts(48,39): error TS2503: Cannot find namespace 'jest'.
__tests__/unit/TerminalService.test.ts(52,7): error TS2304: Cannot find name 'expect'.
__tests__/unit/TerminalService.test.ts(55,5): error TS2582: Cannot find name 'it'. Do you need to install type definitions for a test runner? Try `npm i --save-dev @types/jest` or `npm i --save-dev @types/mocha`.
__tests__/unit/TerminalService.test.ts(55,58): error TS2705: An async function or method in ES5 requires the 'Promise' constructor.  Make sure you have a declaration for the 'Promise' constructor or include 'ES2015' in your '--lib' option.
__tests__/unit/TerminalService.test.ts(56,39): error TS2503: Cannot find namespace 'jest'.
__tests__/unit/TerminalService.test.ts(62,7): error TS2304: Cannot find name 'expect'.
__tests__/unit/TerminalService.test.ts(66,3): error TS2582: Cannot find name 'describe'. Do you need to install type definitions for a test runner? Try `npm i --save-dev @types/jest` or `npm i --save-dev @types/mocha`.
__tests__/unit/TerminalService.test.ts(67,5): error TS2304: Cannot find name 'beforeEach'.
__tests__/unit/TerminalService.test.ts(67,16): error TS2705: An async function or method in ES5 requires the 'Promise' constructor.  Make sure you have a declaration for the 'Promise' constructor or include 'ES2015' in your '--lib' option.
__tests__/unit/TerminalService.test.ts(68,39): error TS2503: Cannot find namespace 'jest'.
__tests__/unit/TerminalService.test.ts(75,5): error TS2582: Cannot find name 'it'. Do you need to install type definitions for a test runner? Try `npm i --save-dev @types/jest` or `npm i --save-dev @types/mocha`.
__tests__/unit/TerminalService.test.ts(75,48): error TS2705: An async function or method in ES5 requires the 'Promise' constructor.  Make sure you have a declaration for the 'Promise' constructor or include 'ES2015' in your '--lib' option.
__tests__/unit/TerminalService.test.ts(83,36): error TS2503: Cannot find namespace 'jest'.
__tests__/unit/TerminalService.test.ts(87,7): error TS2304: Cannot find name 'expect'.
__tests__/unit/TerminalService.test.ts(88,7): error TS2304: Cannot find name 'expect'.
__tests__/unit/TerminalService.test.ts(92,9): error TS2304: Cannot find name 'expect'.
__tests__/unit/TerminalService.test.ts(100,7): error TS2304: Cannot find name 'expect'.
__tests__/unit/TerminalService.test.ts(101,7): error TS2304: Cannot find name 'expect'.
__tests__/unit/TerminalService.test.ts(102,7): error TS2304: Cannot find name 'expect'.
__tests__/unit/TerminalService.test.ts(103,7): error TS2304: Cannot find name 'expect'.
__tests__/unit/TerminalService.test.ts(106,5): error TS2582: Cannot find name 'it'. Do you need to install type definitions for a test runner? Try `npm i --save-dev @types/jest` or `npm i --save-dev @types/mocha`.
__tests__/unit/TerminalService.test.ts(106,50): error TS2705: An async function or method in ES5 requires the 'Promise' constructor.  Make sure you have a declaration for the 'Promise' constructor or include 'ES2015' in your '--lib' option.
__tests__/unit/TerminalService.test.ts(107,36): error TS2503: Cannot find namespace 'jest'.
__tests__/unit/TerminalService.test.ts(111,13): error TS2304: Cannot find name 'expect'.
__tests__/unit/TerminalService.test.ts(116,3): error TS2582: Cannot find name 'describe'. Do you need to install type definitions for a test runner? Try `npm i --save-dev @types/jest` or `npm i --save-dev @types/mocha`.
__tests__/unit/TerminalService.test.ts(117,5): error TS2582: Cannot find name 'it'. Do you need to install type definitions for a test runner? Try `npm i --save-dev @types/jest` or `npm i --save-dev @types/mocha`.
__tests__/unit/TerminalService.test.ts(117,49): error TS2705: An async function or method in ES5 requires the 'Promise' constructor.  Make sure you have a declaration for the 'Promise' constructor or include 'ES2015' in your '--lib' option.
__tests__/unit/TerminalService.test.ts(125,39): error TS2503: Cannot find namespace 'jest'.
__tests__/unit/TerminalService.test.ts(129,36): error TS2503: Cannot find namespace 'jest'.
__tests__/unit/TerminalService.test.ts(130,37): error TS2503: Cannot find namespace 'jest'.
__tests__/unit/TerminalService.test.ts(137,7): error TS2304: Cannot find name 'expect'.
__tests__/unit/TerminalService.test.ts(138,7): error TS2304: Cannot find name 'expect'.
__tests__/unit/TerminalService.test.ts(141,5): error TS2582: Cannot find name 'it'. Do you need to install type definitions for a test runner? Try `npm i --save-dev @types/jest` or `npm i --save-dev @types/mocha`.
__tests__/unit/TerminalService.test.ts(141,56): error TS2705: An async function or method in ES5 requires the 'Promise' constructor.  Make sure you have a declaration for the 'Promise' constructor or include 'ES2015' in your '--lib' option.
__tests__/unit/TerminalService.test.ts(144,7): error TS2304: Cannot find name 'expect'.
__tests__/unit/TerminalService.test.ts(145,7): error TS2304: Cannot find name 'expect'.
__tests__/unit/TerminalService.test.ts(149,3): error TS2582: Cannot find name 'describe'. Do you need to install type definitions for a test runner? Try `npm i --save-dev @types/jest` or `npm i --save-dev @types/mocha`.
__tests__/unit/TerminalService.test.ts(150,5): error TS2582: Cannot find name 'it'. Do you need to install type definitions for a test runner? Try `npm i --save-dev @types/jest` or `npm i --save-dev @types/mocha`.
__tests__/unit/TerminalService.test.ts(150,52): error TS2705: An async function or method in ES5 requires the 'Promise' constructor.  Make sure you have a declaration for the 'Promise' constructor or include 'ES2015' in your '--lib' option.
__tests__/unit/TerminalService.test.ts(158,39): error TS2503: Cannot find namespace 'jest'.
__tests__/unit/TerminalService.test.ts(162,36): error TS2503: Cannot find namespace 'jest'.
__tests__/unit/TerminalService.test.ts(163,34): error TS2503: Cannot find namespace 'jest'.
__tests__/unit/TerminalService.test.ts(170,7): error TS2304: Cannot find name 'expect'.
__tests__/unit/TerminalService.test.ts(171,7): error TS2304: Cannot find name 'expect'.
__tests__/unit/TerminalService.test.ts(174,7): error TS2304: Cannot find name 'expect'.
__tests__/unit/TerminalService.test.ts(178,3): error TS2582: Cannot find name 'describe'. Do you need to install type definitions for a test runner? Try `npm i --save-dev @types/jest` or `npm i --save-dev @types/mocha`.
__tests__/unit/TerminalService.test.ts(179,5): error TS2582: Cannot find name 'it'. Do you need to install type definitions for a test runner? Try `npm i --save-dev @types/jest` or `npm i --save-dev @types/mocha`.
__tests__/unit/TerminalService.test.ts(180,24): error TS2304: Cannot find name 'jest'.
__tests__/unit/TerminalService.test.ts(186,7): error TS2304: Cannot find name 'expect'.
__tests__/unit/TerminalService.test.ts(192,5): error TS2582: Cannot find name 'it'. Do you need to install type definitions for a test runner? Try `npm i --save-dev @types/jest` or `npm i --save-dev @types/mocha`.
__tests__/unit/TerminalService.test.ts(195,7): error TS2304: Cannot find name 'expect'.
__tests__/unit/TerminalService.test.ts(198,5): error TS2582: Cannot find name 'it'. Do you need to install type definitions for a test runner? Try `npm i --save-dev @types/jest` or `npm i --save-dev @types/mocha`.
__tests__/unit/TerminalService.test.ts(199,24): error TS2304: Cannot find name 'jest'.
__tests__/unit/TerminalService.test.ts(205,7): error TS2304: Cannot find name 'expect'.
__tests__/unit/TerminalService.test.ts(209,3): error TS2582: Cannot find name 'describe'. Do you need to install type definitions for a test runner? Try `npm i --save-dev @types/jest` or `npm i --save-dev @types/mocha`.
__tests__/unit/TerminalService.test.ts(210,5): error TS2582: Cannot find name 'it'. Do you need to install type definitions for a test runner? Try `npm i --save-dev @types/jest` or `npm i --save-dev @types/mocha`.
__tests__/unit/TerminalService.test.ts(210,54): error TS2705: An async function or method in ES5 requires the 'Promise' constructor.  Make sure you have a declaration for the 'Promise' constructor or include 'ES2015' in your '--lib' option.
__tests__/unit/TerminalService.test.ts(211,39): error TS2503: Cannot find namespace 'jest'.
__tests__/unit/TerminalService.test.ts(220,7): error TS2304: Cannot find name 'expect'.
__tests__/unit/TermuxCore.simple.test.ts(5,1): error TS2582: Cannot find name 'describe'. Do you need to install type definitions for a test runner? Try `npm i --save-dev @types/jest` or `npm i --save-dev @types/mocha`.
__tests__/unit/TermuxCore.simple.test.ts(8,23): error TS2304: Cannot find name 'jest'.
__tests__/unit/TermuxCore.simple.test.ts(9,23): error TS2304: Cannot find name 'jest'.
__tests__/unit/TermuxCore.simple.test.ts(10,20): error TS2304: Cannot find name 'jest'.
__tests__/unit/TermuxCore.simple.test.ts(11,21): error TS2304: Cannot find name 'jest'.
__tests__/unit/TermuxCore.simple.test.ts(12,18): error TS2304: Cannot find name 'jest'.
__tests__/unit/TermuxCore.simple.test.ts(13,22): error TS2304: Cannot find name 'jest'.
__tests__/unit/TermuxCore.simple.test.ts(14,20): error TS2304: Cannot find name 'jest'.
__tests__/unit/TermuxCore.simple.test.ts(17,3): error TS2304: Cannot find name 'beforeEach'.
__tests__/unit/TermuxCore.simple.test.ts(18,5): error TS2304: Cannot find name 'jest'.
__tests__/unit/TermuxCore.simple.test.ts(21,3): error TS2582: Cannot find name 'describe'. Do you need to install type definitions for a test runner? Try `npm i --save-dev @types/jest` or `npm i --save-dev @types/mocha`.
__tests__/unit/TermuxCore.simple.test.ts(22,5): error TS2582: Cannot find name 'it'. Do you need to install type definitions for a test runner? Try `npm i --save-dev @types/jest` or `npm i --save-dev @types/mocha`.
__tests__/unit/TermuxCore.simple.test.ts(23,7): error TS2304: Cannot find name 'expect'.
__tests__/unit/TermuxCore.simple.test.ts(26,5): error TS2582: Cannot find name 'it'. Do you need to install type definitions for a test runner? Try `npm i --save-dev @types/jest` or `npm i --save-dev @types/mocha`.
__tests__/unit/TermuxCore.simple.test.ts(26,48): error TS2705: An async function or method in ES5 requires the 'Promise' constructor.  Make sure you have a declaration for the 'Promise' constructor or include 'ES2015' in your '--lib' option.
__tests__/unit/TermuxCore.simple.test.ts(30,7): error TS2304: Cannot find name 'expect'.
__tests__/unit/TermuxCore.simple.test.ts(31,7): error TS2304: Cannot find name 'expect'.
__tests__/unit/TermuxCore.simple.test.ts(34,5): error TS2582: Cannot find name 'it'. Do you need to install type definitions for a test runner? Try `npm i --save-dev @types/jest` or `npm i --save-dev @types/mocha`.
__tests__/unit/TermuxCore.simple.test.ts(34,50): error TS2705: An async function or method in ES5 requires the 'Promise' constructor.  Make sure you have a declaration for the 'Promise' constructor or include 'ES2015' in your '--lib' option.
__tests__/unit/TermuxCore.simple.test.ts(44,7): error TS2304: Cannot find name 'expect'.
__tests__/unit/TermuxCore.simple.test.ts(48,3): error TS2582: Cannot find name 'describe'. Do you need to install type definitions for a test runner? Try `npm i --save-dev @types/jest` or `npm i --save-dev @types/mocha`.
__tests__/unit/TermuxCore.simple.test.ts(49,5): error TS2582: Cannot find name 'it'. Do you need to install type definitions for a test runner? Try `npm i --save-dev @types/jest` or `npm i --save-dev @types/mocha`.
__tests__/unit/TermuxCore.simple.test.ts(49,43): error TS2705: An async function or method in ES5 requires the 'Promise' constructor.  Make sure you have a declaration for the 'Promise' constructor or include 'ES2015' in your '--lib' option.
__tests__/unit/TermuxCore.simple.test.ts(66,7): error TS2304: Cannot find name 'expect'.
__tests__/unit/TermuxCore.simple.test.ts(67,7): error TS2304: Cannot find name 'expect'.
__tests__/unit/TermuxCore.simple.test.ts(72,5): error TS2582: Cannot find name 'it'. Do you need to install type definitions for a test runner? Try `npm i --save-dev @types/jest` or `npm i --save-dev @types/mocha`.
__tests__/unit/TermuxCore.simple.test.ts(72,36): error TS2705: An async function or method in ES5 requires the 'Promise' constructor.  Make sure you have a declaration for the 'Promise' constructor or include 'ES2015' in your '--lib' option.
__tests__/unit/TermuxCore.simple.test.ts(77,7): error TS2304: Cannot find name 'expect'.
__tests__/unit/TermuxCore.simple.test.ts(82,5): error TS2582: Cannot find name 'it'. Do you need to install type definitions for a test runner? Try `npm i --save-dev @types/jest` or `npm i --save-dev @types/mocha`.
__tests__/unit/TermuxCore.simple.test.ts(82,32): error TS2705: An async function or method in ES5 requires the 'Promise' constructor.  Make sure you have a declaration for the 'Promise' constructor or include 'ES2015' in your '--lib' option.
__tests__/unit/TermuxCore.simple.test.ts(87,7): error TS2304: Cannot find name 'expect'.
__tests__/unit/TermuxCore.simple.test.ts(88,7): error TS2304: Cannot find name 'expect'.
__tests__/unit/TermuxCore.simple.test.ts(92,3): error TS2582: Cannot find name 'describe'. Do you need to install type definitions for a test runner? Try `npm i --save-dev @types/jest` or `npm i --save-dev @types/mocha`.
__tests__/unit/TermuxCore.simple.test.ts(93,5): error TS2582: Cannot find name 'it'. Do you need to install type definitions for a test runner? Try `npm i --save-dev @types/jest` or `npm i --save-dev @types/mocha`.
__tests__/unit/TermuxCore.simple.test.ts(94,24): error TS2304: Cannot find name 'jest'.
__tests__/unit/TermuxCore.simple.test.ts(98,7): error TS2304: Cannot find name 'expect'.
__tests__/unit/TermuxCore.simple.test.ts(103,5): error TS2582: Cannot find name 'it'. Do you need to install type definitions for a test runner? Try `npm i --save-dev @types/jest` or `npm i --save-dev @types/mocha`.
__tests__/unit/TermuxCore.simple.test.ts(104,24): error TS2304: Cannot find name 'jest'.
__tests__/unit/TermuxCore.simple.test.ts(108,7): error TS2304: Cannot find name 'expect'.
__tests__/unit/TermuxCore.simple.test.ts(114,3): error TS2582: Cannot find name 'describe'. Do you need to install type definitions for a test runner? Try `npm i --save-dev @types/jest` or `npm i --save-dev @types/mocha`.
__tests__/unit/TermuxCore.simple.test.ts(115,5): error TS2582: Cannot find name 'it'. Do you need to install type definitions for a test runner? Try `npm i --save-dev @types/jest` or `npm i --save-dev @types/mocha`.
__tests__/unit/TermuxCore.simple.test.ts(115,57): error TS2705: An async function or method in ES5 requires the 'Promise' constructor.  Make sure you have a declaration for the 'Promise' constructor or include 'ES2015' in your '--lib' option.
__tests__/unit/TermuxCore.simple.test.ts(119,7): error TS2304: Cannot find name 'expect'.
__tests__/unit/TermuxCore.simple.test.ts(122,5): error TS2582: Cannot find name 'it'. Do you need to install type definitions for a test runner? Try `npm i --save-dev @types/jest` or `npm i --save-dev @types/mocha`.
__tests__/unit/TermuxCore.simple.test.ts(122,51): error TS2705: An async function or method in ES5 requires the 'Promise' constructor.  Make sure you have a declaration for the 'Promise' constructor or include 'ES2015' in your '--lib' option.
__tests__/unit/TermuxCore.simple.test.ts(127,13): error TS2304: Cannot find name 'expect'.
__tests__/unit/TermuxCore.test.ts(1,28): error TS2307: Cannot find module 'termux-core' or its corresponding type declarations.
__tests__/unit/TermuxCore.test.ts(2,36): error TS2307: Cannot find module 'expo-modules-core' or its corresponding type declarations.
__tests__/unit/TermuxCore.test.ts(4,1): error TS2582: Cannot find name 'describe'. Do you need to install type definitions for a test runner? Try `npm i --save-dev @types/jest` or `npm i --save-dev @types/mocha`.
__tests__/unit/TermuxCore.test.ts(5,3): error TS2304: Cannot find name 'beforeEach'.
__tests__/unit/TermuxCore.test.ts(6,5): error TS2304: Cannot find name 'jest'.
__tests__/unit/TermuxCore.test.ts(9,3): error TS2582: Cannot find name 'describe'. Do you need to install type definitions for a test runner? Try `npm i --save-dev @types/jest` or `npm i --save-dev @types/mocha`.
__tests__/unit/TermuxCore.test.ts(10,5): error TS2582: Cannot find name 'it'. Do you need to install type definitions for a test runner? Try `npm i --save-dev @types/jest` or `npm i --save-dev @types/mocha`.
__tests__/unit/TermuxCore.test.ts(10,65): error TS2705: An async function or method in ES5 requires the 'Promise' constructor.  Make sure you have a declaration for the 'Promise' constructor or include 'ES2015' in your '--lib' option.
__tests__/unit/TermuxCore.test.ts(18,58): error TS2503: Cannot find namespace 'jest'.
__tests__/unit/TermuxCore.test.ts(23,7): error TS2304: Cannot find name 'expect'.
__tests__/unit/TermuxCore.test.ts(24,7): error TS2304: Cannot find name 'expect'.
__tests__/unit/TermuxCore.test.ts(27,5): error TS2582: Cannot find name 'it'. Do you need to install type definitions for a test runner? Try `npm i --save-dev @types/jest` or `npm i --save-dev @types/mocha`.
__tests__/unit/TermuxCore.test.ts(27,66): error TS2705: An async function or method in ES5 requires the 'Promise' constructor.  Make sure you have a declaration for the 'Promise' constructor or include 'ES2015' in your '--lib' option.
__tests__/unit/TermuxCore.test.ts(28,58): error TS2503: Cannot find namespace 'jest'.
__tests__/unit/TermuxCore.test.ts(33,7): error TS2304: Cannot find name 'expect'.
__tests__/unit/TermuxCore.test.ts(40,3): error TS2582: Cannot find name 'describe'. Do you need to install type definitions for a test runner? Try `npm i --save-dev @types/jest` or `npm i --save-dev @types/mocha`.
__tests__/unit/TermuxCore.test.ts(41,5): error TS2582: Cannot find name 'it'. Do you need to install type definitions for a test runner? Try `npm i --save-dev @types/jest` or `npm i --save-dev @types/mocha`.
__tests__/unit/TermuxCore.test.ts(41,49): error TS2705: An async function or method in ES5 requires the 'Promise' constructor.  Make sure you have a declaration for the 'Promise' constructor or include 'ES2015' in your '--lib' option.
__tests__/unit/TermuxCore.test.ts(42,58): error TS2503: Cannot find namespace 'jest'.
__tests__/unit/TermuxCore.test.ts(47,7): error TS2304: Cannot find name 'expect'.
__tests__/unit/TermuxCore.test.ts(48,7): error TS2304: Cannot find name 'expect'.
__tests__/unit/TermuxCore.test.ts(51,5): error TS2582: Cannot find name 'it'. Do you need to install type definitions for a test runner? Try `npm i --save-dev @types/jest` or `npm i --save-dev @types/mocha`.
__tests__/unit/TermuxCore.test.ts(51,46): error TS2705: An async function or method in ES5 requires the 'Promise' constructor.  Make sure you have a declaration for the 'Promise' constructor or include 'ES2015' in your '--lib' option.
__tests__/unit/TermuxCore.test.ts(52,58): error TS2503: Cannot find namespace 'jest'.
__tests__/unit/TermuxCore.test.ts(57,7): error TS2304: Cannot find name 'expect'.
__tests__/unit/TermuxCore.test.ts(61,3): error TS2582: Cannot find name 'describe'. Do you need to install type definitions for a test runner? Try `npm i --save-dev @types/jest` or `npm i --save-dev @types/mocha`.
__tests__/unit/TermuxCore.test.ts(62,5): error TS2582: Cannot find name 'it'. Do you need to install type definitions for a test runner? Try `npm i --save-dev @types/jest` or `npm i --save-dev @types/mocha`.
__tests__/unit/TermuxCore.test.ts(62,68): error TS2705: An async function or method in ES5 requires the 'Promise' constructor.  Make sure you have a declaration for the 'Promise' constructor or include 'ES2015' in your '--lib' option.
__tests__/unit/TermuxCore.test.ts(70,55): error TS2503: Cannot find namespace 'jest'.
__tests__/unit/TermuxCore.test.ts(83,7): error TS2304: Cannot find name 'expect'.
__tests__/unit/TermuxCore.test.ts(84,7): error TS2304: Cannot find name 'expect'.
__tests__/unit/TermuxCore.test.ts(90,3): error TS2582: Cannot find name 'describe'. Do you need to install type definitions for a test runner? Try `npm i --save-dev @types/jest` or `npm i --save-dev @types/mocha`.
__tests__/unit/TermuxCore.test.ts(91,5): error TS2582: Cannot find name 'it'. Do you need to install type definitions for a test runner? Try `npm i --save-dev @types/jest` or `npm i --save-dev @types/mocha`.
__tests__/unit/TermuxCore.test.ts(91,49): error TS2705: An async function or method in ES5 requires the 'Promise' constructor.  Make sure you have a declaration for the 'Promise' constructor or include 'ES2015' in your '--lib' option.
__tests__/unit/TermuxCore.test.ts(92,56): error TS2503: Cannot find namespace 'jest'.
__tests__/unit/TermuxCore.test.ts(97,7): error TS2304: Cannot find name 'expect'.
__tests__/unit/TermuxCore.test.ts(103,3): error TS2582: Cannot find name 'describe'. Do you need to install type definitions for a test runner? Try `npm i --save-dev @types/jest` or `npm i --save-dev @types/mocha`.
__tests__/unit/TermuxCore.test.ts(104,5): error TS2582: Cannot find name 'it'. Do you need to install type definitions for a test runner? Try `npm i --save-dev @types/jest` or `npm i --save-dev @types/mocha`.
__tests__/unit/TermuxCore.test.ts(104,53): error TS2705: An async function or method in ES5 requires the 'Promise' constructor.  Make sure you have a declaration for the 'Promise' constructor or include 'ES2015' in your '--lib' option.
__tests__/unit/TermuxCore.test.ts(105,53): error TS2503: Cannot find namespace 'jest'.
__tests__/unit/TermuxCore.test.ts(110,7): error TS2304: Cannot find name 'expect'.
__tests__/unit/TermuxCore.test.ts(111,7): error TS2304: Cannot find name 'expect'.
__tests__/unit/TermuxCore.test.ts(115,3): error TS2582: Cannot find name 'describe'. Do you need to install type definitions for a test runner? Try `npm i --save-dev @types/jest` or `npm i --save-dev @types/mocha`.
__tests__/unit/TermuxCore.test.ts(116,5): error TS2582: Cannot find name 'it'. Do you need to install type definitions for a test runner? Try `npm i --save-dev @types/jest` or `npm i --save-dev @types/mocha`.
__tests__/unit/TermuxCore.test.ts(117,24): error TS2304: Cannot find name 'jest'.
__tests__/unit/TermuxCore.test.ts(123,7): error TS2304: Cannot find name 'expect'.
__tests__/unit/TermuxCore.test.ts(126,5): error TS2582: Cannot find name 'it'. Do you need to install type definitions for a test runner? Try `npm i --save-dev @types/jest` or `npm i --save-dev @types/mocha`.
__tests__/unit/TermuxCore.test.ts(127,24): error TS2304: Cannot find name 'jest'.
__tests__/unit/TermuxCore.test.ts(131,7): error TS2304: Cannot find name 'expect'.
__tests__/unit/TermuxIntegration.test.ts(5,1): error TS2304: Cannot find name 'jest'.
__tests__/unit/TermuxIntegration.test.ts(8,25): error TS2304: Cannot find name 'jest'.
__tests__/unit/TermuxIntegration.test.ts(9,25): error TS2304: Cannot find name 'jest'.
__tests__/unit/TermuxIntegration.test.ts(12,29): error TS2304: Cannot find name 'jest'.
__tests__/unit/TermuxIntegration.test.ts(15,1): error TS2304: Cannot find name 'jest'.
__tests__/unit/TermuxIntegration.test.ts(18,19): error TS2304: Cannot find name 'jest'.
__tests__/unit/TermuxIntegration.test.ts(18,55): error TS2304: Cannot find name 'jest'.
__tests__/unit/TermuxIntegration.test.ts(22,1): error TS2582: Cannot find name 'describe'. Do you need to install type definitions for a test runner? Try `npm i --save-dev @types/jest` or `npm i --save-dev @types/mocha`.
__tests__/unit/TermuxIntegration.test.ts(25,3): error TS2304: Cannot find name 'beforeEach'.
__tests__/unit/TermuxIntegration.test.ts(29,3): error TS2582: Cannot find name 'describe'. Do you need to install type definitions for a test runner? Try `npm i --save-dev @types/jest` or `npm i --save-dev @types/mocha`.
__tests__/unit/TermuxIntegration.test.ts(30,5): error TS2582: Cannot find name 'test'. Do you need to install type definitions for a test runner? Try `npm i --save-dev @types/jest` or `npm i --save-dev @types/mocha`.
__tests__/unit/TermuxIntegration.test.ts(30,58): error TS2705: An async function or method in ES5 requires the 'Promise' constructor.  Make sure you have a declaration for the 'Promise' constructor or include 'ES2015' in your '--lib' option.
__tests__/unit/TermuxIntegration.test.ts(33,7): error TS2304: Cannot find name 'expect'.
__tests__/unit/TermuxIntegration.test.ts(36,7): error TS2304: Cannot find name 'expect'.
__tests__/unit/TermuxIntegration.test.ts(37,7): error TS2304: Cannot find name 'expect'.
__tests__/unit/TermuxIntegration.test.ts(38,7): error TS2304: Cannot find name 'expect'.
__tests__/unit/TermuxIntegration.test.ts(41,5): error TS2582: Cannot find name 'test'. Do you need to install type definitions for a test runner? Try `npm i --save-dev @types/jest` or `npm i --save-dev @types/mocha`.
__tests__/unit/TermuxIntegration.test.ts(41,57): error TS2705: An async function or method in ES5 requires the 'Promise' constructor.  Make sure you have a declaration for the 'Promise' constructor or include 'ES2015' in your '--lib' option.
__tests__/unit/TermuxIntegration.test.ts(51,7): error TS2304: Cannot find name 'expect'.
__tests__/unit/TermuxIntegration.test.ts(52,7): error TS2304: Cannot find name 'expect'.
__tests__/unit/TermuxIntegration.test.ts(55,5): error TS2582: Cannot find name 'test'. Do you need to install type definitions for a test runner? Try `npm i --save-dev @types/jest` or `npm i --save-dev @types/mocha`.
__tests__/unit/TermuxIntegration.test.ts(55,44): error TS2705: An async function or method in ES5 requires the 'Promise' constructor.  Make sure you have a declaration for the 'Promise' constructor or include 'ES2015' in your '--lib' option.
__tests__/unit/TermuxIntegration.test.ts(60,7): error TS2304: Cannot find name 'expect'.
__tests__/unit/TermuxIntegration.test.ts(63,7): error TS2304: Cannot find name 'expect'.
__tests__/unit/TermuxIntegration.test.ts(66,5): error TS2582: Cannot find name 'test'. Do you need to install type definitions for a test runner? Try `npm i --save-dev @types/jest` or `npm i --save-dev @types/mocha`.
__tests__/unit/TermuxIntegration.test.ts(66,37): error TS2705: An async function or method in ES5 requires the 'Promise' constructor.  Make sure you have a declaration for the 'Promise' constructor or include 'ES2015' in your '--lib' option.
__tests__/unit/TermuxIntegration.test.ts(70,13): error TS2304: Cannot find name 'expect'.
__tests__/unit/TermuxIntegration.test.ts(73,5): error TS2582: Cannot find name 'test'. Do you need to install type definitions for a test runner? Try `npm i --save-dev @types/jest` or `npm i --save-dev @types/mocha`.
__tests__/unit/TermuxIntegration.test.ts(73,40): error TS2705: An async function or method in ES5 requires the 'Promise' constructor.  Make sure you have a declaration for the 'Promise' constructor or include 'ES2015' in your '--lib' option.
__tests__/unit/TermuxIntegration.test.ts(77,7): error TS2304: Cannot find name 'expect'.
__tests__/unit/TermuxIntegration.test.ts(80,7): error TS2304: Cannot find name 'expect'.
__tests__/unit/TermuxIntegration.test.ts(83,5): error TS2582: Cannot find name 'test'. Do you need to install type definitions for a test runner? Try `npm i --save-dev @types/jest` or `npm i --save-dev @types/mocha`.
__tests__/unit/TermuxIntegration.test.ts(83,37): error TS2705: An async function or method in ES5 requires the 'Promise' constructor.  Make sure you have a declaration for the 'Promise' constructor or include 'ES2015' in your '--lib' option.
__tests__/unit/TermuxIntegration.test.ts(86,7): error TS2304: Cannot find name 'expect'.
__tests__/unit/TermuxIntegration.test.ts(87,7): error TS2304: Cannot find name 'expect'.
__tests__/unit/TermuxIntegration.test.ts(88,7): error TS2304: Cannot find name 'expect'.
__tests__/unit/TermuxIntegration.test.ts(91,5): error TS2582: Cannot find name 'test'. Do you need to install type definitions for a test runner? Try `npm i --save-dev @types/jest` or `npm i --save-dev @types/mocha`.
__tests__/unit/TermuxIntegration.test.ts(91,59): error TS2705: An async function or method in ES5 requires the 'Promise' constructor.  Make sure you have a declaration for the 'Promise' constructor or include 'ES2015' in your '--lib' option.
__tests__/unit/TermuxIntegration.test.ts(94,13): error TS2304: Cannot find name 'expect'.
__tests__/unit/TermuxIntegration.test.ts(98,7): error TS2304: Cannot find name 'expect'.
__tests__/unit/TermuxIntegration.test.ts(101,7): error TS2304: Cannot find name 'expect'.
__tests__/unit/TermuxIntegration.test.ts(105,3): error TS2582: Cannot find name 'describe'. Do you need to install type definitions for a test runner? Try `npm i --save-dev @types/jest` or `npm i --save-dev @types/mocha`.
__tests__/unit/TermuxIntegration.test.ts(106,5): error TS2582: Cannot find name 'test'. Do you need to install type definitions for a test runner? Try `npm i --save-dev @types/jest` or `npm i --save-dev @types/mocha`.
__tests__/unit/TermuxIntegration.test.ts(106,39): error TS2705: An async function or method in ES5 requires the 'Promise' constructor.  Make sure you have a declaration for the 'Promise' constructor or include 'ES2015' in your '--lib' option.
__tests__/unit/TermuxIntegration.test.ts(109,7): error TS2304: Cannot find name 'expect'.
__tests__/unit/TermuxIntegration.test.ts(110,7): error TS2304: Cannot find name 'expect'.
__tests__/unit/TermuxIntegration.test.ts(113,5): error TS2582: Cannot find name 'test'. Do you need to install type definitions for a test runner? Try `npm i --save-dev @types/jest` or `npm i --save-dev @types/mocha`.
__tests__/unit/TermuxIntegration.test.ts(113,38): error TS2705: An async function or method in ES5 requires the 'Promise' constructor.  Make sure you have a declaration for the 'Promise' constructor or include 'ES2015' in your '--lib' option.
__tests__/unit/TermuxIntegration.test.ts(115,7): error TS2304: Cannot find name 'expect'.
__tests__/unit/TermuxIntegration.test.ts(118,5): error TS2582: Cannot find name 'test'. Do you need to install type definitions for a test runner? Try `npm i --save-dev @types/jest` or `npm i --save-dev @types/mocha`.
__tests__/unit/TermuxIntegration.test.ts(118,54): error TS2705: An async function or method in ES5 requires the 'Promise' constructor.  Make sure you have a declaration for the 'Promise' constructor or include 'ES2015' in your '--lib' option.
__tests__/unit/TermuxIntegration.test.ts(126,7): error TS2304: Cannot find name 'expect'.
__tests__/unit/TermuxIntegration.test.ts(127,7): error TS2304: Cannot find name 'expect'.
__tests__/unit/TermuxIntegration.test.ts(128,7): error TS2304: Cannot find name 'expect'.
__tests__/unit/TermuxIntegration.test.ts(129,7): error TS2304: Cannot find name 'expect'.
__tests__/unit/TermuxIntegration.test.ts(133,3): error TS2582: Cannot find name 'describe'. Do you need to install type definitions for a test runner? Try `npm i --save-dev @types/jest` or `npm i --save-dev @types/mocha`.
__tests__/unit/TermuxIntegration.test.ts(134,5): error TS2582: Cannot find name 'test'. Do you need to install type definitions for a test runner? Try `npm i --save-dev @types/jest` or `npm i --save-dev @types/mocha`.
__tests__/unit/TermuxIntegration.test.ts(135,24): error TS2304: Cannot find name 'jest'.
__tests__/unit/TermuxIntegration.test.ts(138,7): error TS2304: Cannot find name 'expect'.
__tests__/unit/TermuxIntegration.test.ts(144,5): error TS2582: Cannot find name 'test'. Do you need to install type definitions for a test runner? Try `npm i --save-dev @types/jest` or `npm i --save-dev @types/mocha`.
__tests__/unit/TermuxIntegration.test.ts(145,24): error TS2304: Cannot find name 'jest'.
__tests__/unit/TermuxIntegration.test.ts(148,7): error TS2304: Cannot find name 'expect'.
__tests__/unit/TermuxIntegration.test.ts(154,5): error TS2582: Cannot find name 'test'. Do you need to install type definitions for a test runner? Try `npm i --save-dev @types/jest` or `npm i --save-dev @types/mocha`.
__tests__/unit/TermuxIntegration.test.ts(155,24): error TS2304: Cannot find name 'jest'.
__tests__/unit/TermuxIntegration.test.ts(158,7): error TS2304: Cannot find name 'expect'.
__tests__/unit/TermuxIntegration.test.ts(165,3): error TS2582: Cannot find name 'describe'. Do you need to install type definitions for a test runner? Try `npm i --save-dev @types/jest` or `npm i --save-dev @types/mocha`.
__tests__/unit/TermuxIntegration.test.ts(166,5): error TS2582: Cannot find name 'test'. Do you need to install type definitions for a test runner? Try `npm i --save-dev @types/jest` or `npm i --save-dev @types/mocha`.
__tests__/unit/TermuxIntegration.test.ts(166,61): error TS2705: An async function or method in ES5 requires the 'Promise' constructor.  Make sure you have a declaration for the 'Promise' constructor or include 'ES2015' in your '--lib' option.
__tests__/unit/TermuxIntegration.test.ts(171,7): error TS2304: Cannot find name 'expect'.
__tests__/unit/TermuxIntegration.test.ts(172,7): error TS2304: Cannot find name 'expect'.
__tests__/unit/TermuxIntegration.test.ts(175,5): error TS2582: Cannot find name 'test'. Do you need to install type definitions for a test runner? Try `npm i --save-dev @types/jest` or `npm i --save-dev @types/mocha`.
__tests__/unit/TermuxIntegration.test.ts(175,59): error TS2705: An async function or method in ES5 requires the 'Promise' constructor.  Make sure you have a declaration for the 'Promise' constructor or include 'ES2015' in your '--lib' option.
__tests__/unit/TermuxIntegration.test.ts(181,7): error TS2304: Cannot find name 'expect'.
__tests__/unit/TermuxManager.test.ts(6,31): error TS2307: Cannot find module 'react-native' or its corresponding type declarations.
__tests__/unit/TermuxManager.test.ts(10,18): error TS2304: Cannot find name 'jest'.
__tests__/unit/TermuxManager.test.ts(11,16): error TS2304: Cannot find name 'jest'.
__tests__/unit/TermuxManager.test.ts(12,19): error TS2304: Cannot find name 'jest'.
__tests__/unit/TermuxManager.test.ts(13,20): error TS2304: Cannot find name 'jest'.
__tests__/unit/TermuxManager.test.ts(14,21): error TS2304: Cannot find name 'jest'.
__tests__/unit/TermuxManager.test.ts(15,21): error TS2304: Cannot find name 'jest'.
__tests__/unit/TermuxManager.test.ts(19,16): error TS2304: Cannot find name 'jest'.
__tests__/unit/TermuxManager.test.ts(20,19): error TS2304: Cannot find name 'jest'.
__tests__/unit/TermuxManager.test.ts(21,23): error TS2304: Cannot find name 'jest'.
__tests__/unit/TermuxManager.test.ts(24,1): error TS2304: Cannot find name 'jest'.
__tests__/unit/TermuxManager.test.ts(28,23): error TS2304: Cannot find name 'jest'.
__tests__/unit/TermuxManager.test.ts(31,1): error TS2582: Cannot find name 'describe'. Do you need to install type definitions for a test runner? Try `npm i --save-dev @types/jest` or `npm i --save-dev @types/mocha`.
__tests__/unit/TermuxManager.test.ts(32,3): error TS2304: Cannot find name 'beforeEach'.
__tests__/unit/TermuxManager.test.ts(33,5): error TS2304: Cannot find name 'jest'.
__tests__/unit/TermuxManager.test.ts(38,3): error TS2582: Cannot find name 'describe'. Do you need to install type definitions for a test runner? Try `npm i --save-dev @types/jest` or `npm i --save-dev @types/mocha`.
__tests__/unit/TermuxManager.test.ts(39,5): error TS2582: Cannot find name 'it'. Do you need to install type definitions for a test runner? Try `npm i --save-dev @types/jest` or `npm i --save-dev @types/mocha`.
__tests__/unit/TermuxManager.test.ts(43,7): error TS2304: Cannot find name 'expect'.
__tests__/unit/TermuxManager.test.ts(46,5): error TS2582: Cannot find name 'it'. Do you need to install type definitions for a test runner? Try `npm i --save-dev @types/jest` or `npm i --save-dev @types/mocha`.
__tests__/unit/TermuxManager.test.ts(49,7): error TS2304: Cannot find name 'expect'.
__tests__/unit/TermuxManager.test.ts(53,3): error TS2582: Cannot find name 'describe'. Do you need to install type definitions for a test runner? Try `npm i --save-dev @types/jest` or `npm i --save-dev @types/mocha`.
__tests__/unit/TermuxManager.test.ts(54,5): error TS2582: Cannot find name 'it'. Do you need to install type definitions for a test runner? Try `npm i --save-dev @types/jest` or `npm i --save-dev @types/mocha`.
__tests__/unit/TermuxManager.test.ts(54,58): error TS2705: An async function or method in ES5 requires the 'Promise' constructor.  Make sure you have a declaration for the 'Promise' constructor or include 'ES2015' in your '--lib' option.
__tests__/unit/TermuxManager.test.ts(61,7): error TS2304: Cannot find name 'expect'.
__tests__/unit/TermuxManager.test.ts(62,7): error TS2304: Cannot find name 'expect'.
__tests__/unit/TermuxManager.test.ts(65,5): error TS2582: Cannot find name 'it'. Do you need to install type definitions for a test runner? Try `npm i --save-dev @types/jest` or `npm i --save-dev @types/mocha`.
__tests__/unit/TermuxManager.test.ts(65,69): error TS2705: An async function or method in ES5 requires the 'Promise' constructor.  Make sure you have a declaration for the 'Promise' constructor or include 'ES2015' in your '--lib' option.
__tests__/unit/TermuxManager.test.ts(71,7): error TS2304: Cannot find name 'expect'.
__tests__/unit/TermuxManager.test.ts(72,7): error TS2304: Cannot find name 'expect'.
__tests__/unit/TermuxManager.test.ts(75,5): error TS2582: Cannot find name 'it'. Do you need to install type definitions for a test runner? Try `npm i --save-dev @types/jest` or `npm i --save-dev @types/mocha`.
__tests__/unit/TermuxManager.test.ts(75,57): error TS2705: An async function or method in ES5 requires the 'Promise' constructor.  Make sure you have a declaration for the 'Promise' constructor or include 'ES2015' in your '--lib' option.
__tests__/unit/TermuxManager.test.ts(80,13): error TS2304: Cannot find name 'expect'.
__tests__/unit/TermuxManager.test.ts(84,3): error TS2582: Cannot find name 'describe'. Do you need to install type definitions for a test runner? Try `npm i --save-dev @types/jest` or `npm i --save-dev @types/mocha`.
__tests__/unit/TermuxManager.test.ts(85,5): error TS2304: Cannot find name 'beforeEach'.
__tests__/unit/TermuxManager.test.ts(94,5): error TS2582: Cannot find name 'it'. Do you need to install type definitions for a test runner? Try `npm i --save-dev @types/jest` or `npm i --save-dev @types/mocha`.
__tests__/unit/TermuxManager.test.ts(94,62): error TS2705: An async function or method in ES5 requires the 'Promise' constructor.  Make sure you have a declaration for the 'Promise' constructor or include 'ES2015' in your '--lib' option.
__tests__/unit/TermuxManager.test.ts(98,7): error TS2304: Cannot find name 'expect'.
__tests__/unit/TermuxManager.test.ts(99,7): error TS2304: Cannot find name 'expect'.
__tests__/unit/TermuxManager.test.ts(100,7): error TS2304: Cannot find name 'expect'.
__tests__/unit/TermuxManager.test.ts(101,7): error TS2304: Cannot find name 'expect'.
__tests__/unit/TermuxManager.test.ts(104,5): error TS2582: Cannot find name 'it'. Do you need to install type definitions for a test runner? Try `npm i --save-dev @types/jest` or `npm i --save-dev @types/mocha`.
__tests__/unit/TermuxManager.test.ts(104,50): error TS2705: An async function or method in ES5 requires the 'Promise' constructor.  Make sure you have a declaration for the 'Promise' constructor or include 'ES2015' in your '--lib' option.
__tests__/unit/TermuxManager.test.ts(109,7): error TS2304: Cannot find name 'expect'.
__tests__/unit/TermuxManager.test.ts(112,5): error TS2582: Cannot find name 'it'. Do you need to install type definitions for a test runner? Try `npm i --save-dev @types/jest` or `npm i --save-dev @types/mocha`.
__tests__/unit/TermuxManager.test.ts(112,41): error TS2705: An async function or method in ES5 requires the 'Promise' constructor.  Make sure you have a declaration for the 'Promise' constructor or include 'ES2015' in your '--lib' option.
__tests__/unit/TermuxManager.test.ts(117,7): error TS2304: Cannot find name 'expect'.
__tests__/unit/TermuxManager.test.ts(120,5): error TS2582: Cannot find name 'it'. Do you need to install type definitions for a test runner? Try `npm i --save-dev @types/jest` or `npm i --save-dev @types/mocha`.
__tests__/unit/TermuxManager.test.ts(124,7): error TS2304: Cannot find name 'expect'.
__tests__/unit/TermuxManager.test.ts(127,5): error TS2582: Cannot find name 'it'. Do you need to install type definitions for a test runner? Try `npm i --save-dev @types/jest` or `npm i --save-dev @types/mocha`.
__tests__/unit/TermuxManager.test.ts(127,40): error TS2705: An async function or method in ES5 requires the 'Promise' constructor.  Make sure you have a declaration for the 'Promise' constructor or include 'ES2015' in your '--lib' option.
__tests__/unit/TermuxManager.test.ts(130,7): error TS2304: Cannot find name 'expect'.
__tests__/unit/TermuxManager.test.ts(135,7): error TS2304: Cannot find name 'expect'.
__tests__/unit/TermuxManager.test.ts(138,5): error TS2582: Cannot find name 'it'. Do you need to install type definitions for a test runner? Try `npm i --save-dev @types/jest` or `npm i --save-dev @types/mocha`.
__tests__/unit/TermuxManager.test.ts(138,75): error TS2705: An async function or method in ES5 requires the 'Promise' constructor.  Make sure you have a declaration for the 'Promise' constructor or include 'ES2015' in your '--lib' option.
__tests__/unit/TermuxManager.test.ts(145,7): error TS2304: Cannot find name 'expect'.
__tests__/unit/TermuxManager.test.ts(149,3): error TS2582: Cannot find name 'describe'. Do you need to install type definitions for a test runner? Try `npm i --save-dev @types/jest` or `npm i --save-dev @types/mocha`.
__tests__/unit/TermuxManager.test.ts(150,5): error TS2304: Cannot find name 'beforeEach'.
__tests__/unit/TermuxManager.test.ts(161,5): error TS2582: Cannot find name 'it'. Do you need to install type definitions for a test runner? Try `npm i --save-dev @types/jest` or `npm i --save-dev @types/mocha`.
__tests__/unit/TermuxManager.test.ts(161,63): error TS2705: An async function or method in ES5 requires the 'Promise' constructor.  Make sure you have a declaration for the 'Promise' constructor or include 'ES2015' in your '--lib' option.
__tests__/unit/TermuxManager.test.ts(168,62): error TS7006: Parameter 'event' implicitly has an 'any' type.
__tests__/unit/TermuxManager.test.ts(168,69): error TS7006: Parameter 'callback' implicitly has an 'any' type.
__tests__/unit/TermuxManager.test.ts(174,26): error TS2304: Cannot find name 'jest'.
__tests__/unit/TermuxManager.test.ts(187,7): error TS2304: Cannot find name 'expect'.
__tests__/unit/TermuxManager.test.ts(188,7): error TS2304: Cannot find name 'expect'.
__tests__/unit/TermuxManager.test.ts(191,5): error TS2582: Cannot find name 'it'. Do you need to install type definitions for a test runner? Try `npm i --save-dev @types/jest` or `npm i --save-dev @types/mocha`.
__tests__/unit/TermuxManager.test.ts(191,42): error TS2705: An async function or method in ES5 requires the 'Promise' constructor.  Make sure you have a declaration for the 'Promise' constructor or include 'ES2015' in your '--lib' option.
__tests__/unit/TermuxManager.test.ts(195,17): error TS2304: Cannot find name 'jest'.
__tests__/unit/TermuxManager.test.ts(200,13): error TS2304: Cannot find name 'expect'.
__tests__/unit/TermuxManager.test.ts(203,5): error TS2582: Cannot find name 'it'. Do you need to install type definitions for a test runner? Try `npm i --save-dev @types/jest` or `npm i --save-dev @types/mocha`.
__tests__/unit/TermuxManager.test.ts(203,60): error TS2705: An async function or method in ES5 requires the 'Promise' constructor.  Make sure you have a declaration for the 'Promise' constructor or include 'ES2015' in your '--lib' option.
__tests__/unit/TermuxManager.test.ts(208,62): error TS7006: Parameter 'event' implicitly has an 'any' type.
__tests__/unit/TermuxManager.test.ts(208,69): error TS7006: Parameter 'callback' implicitly has an 'any' type.
__tests__/unit/TermuxManager.test.ts(212,26): error TS2304: Cannot find name 'jest'.
__tests__/unit/TermuxManager.test.ts(229,7): error TS2304: Cannot find name 'expect'.
__tests__/unit/TermuxManager.test.ts(233,3): error TS2582: Cannot find name 'describe'. Do you need to install type definitions for a test runner? Try `npm i --save-dev @types/jest` or `npm i --save-dev @types/mocha`.
__tests__/unit/TermuxManager.test.ts(234,5): error TS2304: Cannot find name 'beforeEach'.
__tests__/unit/TermuxManager.test.ts(244,5): error TS2582: Cannot find name 'it'. Do you need to install type definitions for a test runner? Try `npm i --save-dev @types/jest` or `npm i --save-dev @types/mocha`.
__tests__/unit/TermuxManager.test.ts(244,36): error TS2705: An async function or method in ES5 requires the 'Promise' constructor.  Make sure you have a declaration for the 'Promise' constructor or include 'ES2015' in your '--lib' option.
__tests__/unit/TermuxManager.test.ts(250,7): error TS2304: Cannot find name 'expect'.
__tests__/unit/TermuxManager.test.ts(254,7): error TS2304: Cannot find name 'expect'.
__tests__/unit/TermuxManager.test.ts(255,7): error TS2304: Cannot find name 'expect'.
__tests__/unit/TermuxManager.test.ts(258,5): error TS2582: Cannot find name 'it'. Do you need to install type definitions for a test runner? Try `npm i --save-dev @types/jest` or `npm i --save-dev @types/mocha`.
__tests__/unit/TermuxManager.test.ts(258,54): error TS2705: An async function or method in ES5 requires the 'Promise' constructor.  Make sure you have a declaration for the 'Promise' constructor or include 'ES2015' in your '--lib' option.
__tests__/unit/TermuxManager.test.ts(266,13): error TS2304: Cannot find name 'expect'.
__tests__/unit/TermuxManager.test.ts(270,3): error TS2582: Cannot find name 'describe'. Do you need to install type definitions for a test runner? Try `npm i --save-dev @types/jest` or `npm i --save-dev @types/mocha`.
__tests__/unit/TermuxManager.test.ts(271,5): error TS2582: Cannot find name 'it'. Do you need to install type definitions for a test runner? Try `npm i --save-dev @types/jest` or `npm i --save-dev @types/mocha`.
__tests__/unit/TermuxManager.test.ts(271,49): error TS2705: An async function or method in ES5 requires the 'Promise' constructor.  Make sure you have a declaration for the 'Promise' constructor or include 'ES2015' in your '--lib' option.
__tests__/unit/TermuxManager.test.ts(277,13): error TS2304: Cannot find name 'expect'.
__tests__/unit/TermuxManager.test.ts(280,5): error TS2582: Cannot find name 'it'. Do you need to install type definitions for a test runner? Try `npm i --save-dev @types/jest` or `npm i --save-dev @types/mocha`.
__tests__/unit/TermuxManager.test.ts(280,55): error TS2705: An async function or method in ES5 requires the 'Promise' constructor.  Make sure you have a declaration for the 'Promise' constructor or include 'ES2015' in your '--lib' option.
__tests__/unit/TermuxManager.test.ts(286,13): error TS2304: Cannot find name 'expect'.
__tests__/unit/TermuxManagerReal.test.ts(6,26): error TS2307: Cannot find module 'react-native' or its corresponding type declarations.
__tests__/unit/TermuxManagerReal.test.ts(9,55): error TS2582: Cannot find name 'describe'. Do you need to install type definitions for a test runner? Try `npm i --save-dev @types/jest` or `npm i --save-dev @types/mocha`.
__tests__/unit/TermuxManagerReal.test.ts(9,66): error TS2582: Cannot find name 'describe'. Do you need to install type definitions for a test runner? Try `npm i --save-dev @types/jest` or `npm i --save-dev @types/mocha`.
__tests__/unit/TermuxManagerReal.test.ts(12,3): error TS2304: Cannot find name 'beforeEach'.
__tests__/unit/TermuxManagerReal.test.ts(17,3): error TS2582: Cannot find name 'describe'. Do you need to install type definitions for a test runner? Try `npm i --save-dev @types/jest` or `npm i --save-dev @types/mocha`.
__tests__/unit/TermuxManagerReal.test.ts(18,5): error TS2582: Cannot find name 'it'. Do you need to install type definitions for a test runner? Try `npm i --save-dev @types/jest` or `npm i --save-dev @types/mocha`.
__tests__/unit/TermuxManagerReal.test.ts(22,7): error TS2304: Cannot find name 'expect'.
__tests__/unit/TermuxManagerReal.test.ts(25,5): error TS2582: Cannot find name 'it'. Do you need to install type definitions for a test runner? Try `npm i --save-dev @types/jest` or `npm i --save-dev @types/mocha`.
__tests__/unit/TermuxManagerReal.test.ts(28,7): error TS2304: Cannot find name 'expect'.
__tests__/unit/TermuxManagerReal.test.ts(32,3): error TS2582: Cannot find name 'describe'. Do you need to install type definitions for a test runner? Try `npm i --save-dev @types/jest` or `npm i --save-dev @types/mocha`.
__tests__/unit/TermuxManagerReal.test.ts(33,5): error TS2582: Cannot find name 'it'. Do you need to install type definitions for a test runner? Try `npm i --save-dev @types/jest` or `npm i --save-dev @types/mocha`.
__tests__/unit/TermuxManagerReal.test.ts(33,39): error TS2705: An async function or method in ES5 requires the 'Promise' constructor.  Make sure you have a declaration for the 'Promise' constructor or include 'ES2015' in your '--lib' option.
__tests__/unit/TermuxManagerReal.test.ts(37,13): error TS2304: Cannot find name 'expect'.
__tests__/unit/TermuxManagerReal.test.ts(40,5): error TS2582: Cannot find name 'it'. Do you need to install type definitions for a test runner? Try `npm i --save-dev @types/jest` or `npm i --save-dev @types/mocha`.
__tests__/unit/TermuxManagerReal.test.ts(40,65): error TS2705: An async function or method in ES5 requires the 'Promise' constructor.  Make sure you have a declaration for the 'Promise' constructor or include 'ES2015' in your '--lib' option.
__tests__/unit/TermuxManagerReal.test.ts(47,13): error TS2304: Cannot find name 'expect'.
__tests__/unit/TermuxManagerReal.test.ts(51,3): error TS2582: Cannot find name 'describe'. Do you need to install type definitions for a test runner? Try `npm i --save-dev @types/jest` or `npm i --save-dev @types/mocha`.
__tests__/unit/TermuxManagerReal.test.ts(54,5): error TS2304: Cannot find name 'beforeEach'.
__tests__/unit/TermuxManagerReal.test.ts(54,16): error TS2705: An async function or method in ES5 requires the 'Promise' constructor.  Make sure you have a declaration for the 'Promise' constructor or include 'ES2015' in your '--lib' option.
__tests__/unit/TermuxManagerReal.test.ts(60,5): error TS2304: Cannot find name 'afterEach'.
__tests__/unit/TermuxManagerReal.test.ts(60,15): error TS2705: An async function or method in ES5 requires the 'Promise' constructor.  Make sure you have a declaration for the 'Promise' constructor or include 'ES2015' in your '--lib' option.
__tests__/unit/TermuxManagerReal.test.ts(65,5): error TS2582: Cannot find name 'it'. Do you need to install type definitions for a test runner? Try `npm i --save-dev @types/jest` or `npm i --save-dev @types/mocha`.
__tests__/unit/TermuxManagerReal.test.ts(65,58): error TS2705: An async function or method in ES5 requires the 'Promise' constructor.  Make sure you have a declaration for the 'Promise' constructor or include 'ES2015' in your '--lib' option.
__tests__/unit/TermuxManagerReal.test.ts(68,7): error TS2304: Cannot find name 'expect'.
__tests__/unit/TermuxManagerReal.test.ts(69,7): error TS2304: Cannot find name 'expect'.
__tests__/unit/TermuxManagerReal.test.ts(70,7): error TS2304: Cannot find name 'expect'.
__tests__/unit/TermuxManagerReal.test.ts(71,7): error TS2304: Cannot find name 'expect'.
__tests__/unit/TermuxManagerReal.test.ts(72,7): error TS2304: Cannot find name 'expect'.
__tests__/unit/TermuxManagerReal.test.ts(75,5): error TS2582: Cannot find name 'it'. Do you need to install type definitions for a test runner? Try `npm i --save-dev @types/jest` or `npm i --save-dev @types/mocha`.
__tests__/unit/TermuxManagerReal.test.ts(75,50): error TS2705: An async function or method in ES5 requires the 'Promise' constructor.  Make sure you have a declaration for the 'Promise' constructor or include 'ES2015' in your '--lib' option.
__tests__/unit/TermuxManagerReal.test.ts(79,7): error TS2304: Cannot find name 'expect'.
__tests__/unit/TermuxManagerReal.test.ts(80,7): error TS2304: Cannot find name 'expect'.
__tests__/unit/TermuxManagerReal.test.ts(81,7): error TS2304: Cannot find name 'expect'.
__tests__/unit/TermuxManagerReal.test.ts(84,5): error TS2582: Cannot find name 'it'. Do you need to install type definitions for a test runner? Try `npm i --save-dev @types/jest` or `npm i --save-dev @types/mocha`.
__tests__/unit/TermuxManagerReal.test.ts(84,61): error TS2705: An async function or method in ES5 requires the 'Promise' constructor.  Make sure you have a declaration for the 'Promise' constructor or include 'ES2015' in your '--lib' option.
__tests__/unit/TermuxManagerReal.test.ts(98,7): error TS2304: Cannot find name 'expect'.
__tests__/unit/TermuxManagerReal.test.ts(99,7): error TS2304: Cannot find name 'expect'.
__tests__/unit/TermuxManagerReal.test.ts(100,7): error TS2304: Cannot find name 'expect'.
__tests__/unit/TermuxManagerReal.test.ts(103,5): error TS2582: Cannot find name 'it'. Do you need to install type definitions for a test runner? Try `npm i --save-dev @types/jest` or `npm i --save-dev @types/mocha`.
__tests__/unit/TermuxManagerReal.test.ts(103,54): error TS2705: An async function or method in ES5 requires the 'Promise' constructor.  Make sure you have a declaration for the 'Promise' constructor or include 'ES2015' in your '--lib' option.
__tests__/unit/TermuxManagerReal.test.ts(108,7): error TS2304: Cannot find name 'expect'.
__tests__/unit/TermuxManagerReal.test.ts(111,5): error TS2582: Cannot find name 'it'. Do you need to install type definitions for a test runner? Try `npm i --save-dev @types/jest` or `npm i --save-dev @types/mocha`.
__tests__/unit/TermuxManagerReal.test.ts(113,7): error TS2304: Cannot find name 'expect'.
__tests__/unit/TermuxManagerReal.test.ts(116,5): error TS2582: Cannot find name 'it'. Do you need to install type definitions for a test runner? Try `npm i --save-dev @types/jest` or `npm i --save-dev @types/mocha`.
__tests__/unit/TermuxManagerReal.test.ts(116,40): error TS2705: An async function or method in ES5 requires the 'Promise' constructor.  Make sure you have a declaration for the 'Promise' constructor or include 'ES2015' in your '--lib' option.
__tests__/unit/TermuxManagerReal.test.ts(117,7): error TS2304: Cannot find name 'expect'.
__tests__/unit/TermuxManagerReal.test.ts(120,7): error TS2304: Cannot find name 'expect'.
__tests__/unit/TermuxManagerReal.test.ts(123,7): error TS2304: Cannot find name 'expect'.
__tests__/unit/TermuxManagerReal.test.ts(125,7): error TS2304: Cannot find name 'expect'.
__tests__/unit/TermuxManagerReal.test.ts(126,7): error TS2304: Cannot find name 'expect'.
__tests__/unit/TermuxManagerReal.test.ts(129,5): error TS2582: Cannot find name 'it'. Do you need to install type definitions for a test runner? Try `npm i --save-dev @types/jest` or `npm i --save-dev @types/mocha`.
__tests__/unit/TermuxManagerReal.test.ts(129,62): error TS2705: An async function or method in ES5 requires the 'Promise' constructor.  Make sure you have a declaration for the 'Promise' constructor or include 'ES2015' in your '--lib' option.
__tests__/unit/TermuxManagerReal.test.ts(139,13): error TS2304: Cannot find name 'expect'.
__tests__/unit/TermuxManagerReal.test.ts(145,3): error TS2582: Cannot find name 'describe'. Do you need to install type definitions for a test runner? Try `npm i --save-dev @types/jest` or `npm i --save-dev @types/mocha`.
__tests__/unit/TermuxManagerReal.test.ts(148,5): error TS2304: Cannot find name 'beforeEach'.
__tests__/unit/TermuxManagerReal.test.ts(148,16): error TS2705: An async function or method in ES5 requires the 'Promise' constructor.  Make sure you have a declaration for the 'Promise' constructor or include 'ES2015' in your '--lib' option.
__tests__/unit/TermuxManagerReal.test.ts(153,5): error TS2304: Cannot find name 'afterEach'.
__tests__/unit/TermuxManagerReal.test.ts(153,15): error TS2705: An async function or method in ES5 requires the 'Promise' constructor.  Make sure you have a declaration for the 'Promise' constructor or include 'ES2015' in your '--lib' option.
__tests__/unit/TermuxManagerReal.test.ts(157,5): error TS2582: Cannot find name 'it'. Do you need to install type definitions for a test runner? Try `npm i --save-dev @types/jest` or `npm i --save-dev @types/mocha`.
__tests__/unit/TermuxManagerReal.test.ts(157,42): error TS2705: An async function or method in ES5 requires the 'Promise' constructor.  Make sure you have a declaration for the 'Promise' constructor or include 'ES2015' in your '--lib' option.
__tests__/unit/TermuxManagerReal.test.ts(160,7): error TS2304: Cannot find name 'expect'.
__tests__/unit/TermuxManagerReal.test.ts(161,7): error TS2304: Cannot find name 'expect'.
__tests__/unit/TermuxManagerReal.test.ts(162,7): error TS2304: Cannot find name 'expect'.
__tests__/unit/TermuxManagerReal.test.ts(165,5): error TS2582: Cannot find name 'it'. Do you need to install type definitions for a test runner? Try `npm i --save-dev @types/jest` or `npm i --save-dev @types/mocha`.
__tests__/unit/TermuxManagerReal.test.ts(165,55): error TS2705: An async function or method in ES5 requires the 'Promise' constructor.  Make sure you have a declaration for the 'Promise' constructor or include 'ES2015' in your '--lib' option.
__tests__/unit/TermuxManagerReal.test.ts(170,7): error TS2304: Cannot find name 'expect'.
__tests__/unit/TermuxManagerReal.test.ts(171,7): error TS2304: Cannot find name 'expect'.
__tests__/unit/TermuxManagerReal.test.ts(172,7): error TS2304: Cannot find name 'expect'.
__tests__/unit/TermuxManagerReal.test.ts(175,5): error TS2582: Cannot find name 'it'. Do you need to install type definitions for a test runner? Try `npm i --save-dev @types/jest` or `npm i --save-dev @types/mocha`.
__tests__/unit/TermuxManagerReal.test.ts(175,42): error TS2705: An async function or method in ES5 requires the 'Promise' constructor.  Make sure you have a declaration for the 'Promise' constructor or include 'ES2015' in your '--lib' option.
__tests__/unit/TermuxManagerReal.test.ts(176,13): error TS2304: Cannot find name 'expect'.
__tests__/unit/TermuxManagerReal.test.ts(181,5): error TS2582: Cannot find name 'it'. Do you need to install type definitions for a test runner? Try `npm i --save-dev @types/jest` or `npm i --save-dev @types/mocha`.
__tests__/unit/TermuxManagerReal.test.ts(181,42): error TS2705: An async function or method in ES5 requires the 'Promise' constructor.  Make sure you have a declaration for the 'Promise' constructor or include 'ES2015' in your '--lib' option.
__tests__/unit/TermuxManagerReal.test.ts(184,7): error TS2304: Cannot find name 'expect'.
__tests__/unit/TermuxManagerReal.test.ts(185,7): error TS2304: Cannot find name 'expect'.
__tests__/unit/TermuxManagerReal.test.ts(186,7): error TS2304: Cannot find name 'expect'.
__tests__/unit/TermuxManagerReal.test.ts(189,5): error TS2582: Cannot find name 'it'. Do you need to install type definitions for a test runner? Try `npm i --save-dev @types/jest` or `npm i --save-dev @types/mocha`.
__tests__/unit/TermuxManagerReal.test.ts(189,60): error TS2705: An async function or method in ES5 requires the 'Promise' constructor.  Make sure you have a declaration for the 'Promise' constructor or include 'ES2015' in your '--lib' option.
__tests__/unit/TermuxManagerReal.test.ts(195,7): error TS2304: Cannot find name 'expect'.
__tests__/unit/TermuxManagerReal.test.ts(199,3): error TS2582: Cannot find name 'describe'. Do you need to install type definitions for a test runner? Try `npm i --save-dev @types/jest` or `npm i --save-dev @types/mocha`.
__tests__/unit/TermuxManagerReal.test.ts(202,5): error TS2304: Cannot find name 'beforeEach'.
__tests__/unit/TermuxManagerReal.test.ts(202,16): error TS2705: An async function or method in ES5 requires the 'Promise' constructor.  Make sure you have a declaration for the 'Promise' constructor or include 'ES2015' in your '--lib' option.
__tests__/unit/TermuxManagerReal.test.ts(207,5): error TS2582: Cannot find name 'it'. Do you need to install type definitions for a test runner? Try `npm i --save-dev @types/jest` or `npm i --save-dev @types/mocha`.
__tests__/unit/TermuxManagerReal.test.ts(207,36): error TS2705: An async function or method in ES5 requires the 'Promise' constructor.  Make sure you have a declaration for the 'Promise' constructor or include 'ES2015' in your '--lib' option.
__tests__/unit/TermuxManagerReal.test.ts(213,7): error TS2304: Cannot find name 'expect'.
__tests__/unit/TermuxManagerReal.test.ts(219,7): error TS2304: Cannot find name 'expect'.
__tests__/unit/TermuxManagerReal.test.ts(222,5): error TS2582: Cannot find name 'it'. Do you need to install type definitions for a test runner? Try `npm i --save-dev @types/jest` or `npm i --save-dev @types/mocha`.
__tests__/unit/TermuxManagerReal.test.ts(222,65): error TS2705: An async function or method in ES5 requires the 'Promise' constructor.  Make sure you have a declaration for the 'Promise' constructor or include 'ES2015' in your '--lib' option.
__tests__/unit/TermuxManagerReal.test.ts(230,13): error TS2304: Cannot find name 'expect'.
__tests__/unit/TermuxManagerReal.test.ts(234,3): error TS2582: Cannot find name 'describe'. Do you need to install type definitions for a test runner? Try `npm i --save-dev @types/jest` or `npm i --save-dev @types/mocha`.
__tests__/unit/TermuxManagerReal.test.ts(237,5): error TS2304: Cannot find name 'beforeEach'.
__tests__/unit/TermuxManagerReal.test.ts(241,5): error TS2582: Cannot find name 'it'. Do you need to install type definitions for a test runner? Try `npm i --save-dev @types/jest` or `npm i --save-dev @types/mocha`.
__tests__/unit/TermuxManagerReal.test.ts(241,68): error TS2705: An async function or method in ES5 requires the 'Promise' constructor.  Make sure you have a declaration for the 'Promise' constructor or include 'ES2015' in your '--lib' option.
__tests__/unit/TermuxManagerReal.test.ts(246,13): error TS2304: Cannot find name 'expect'.
__tests__/unit/TermuxManagerReal.test.ts(249,5): error TS2582: Cannot find name 'it'. Do you need to install type definitions for a test runner? Try `npm i --save-dev @types/jest` or `npm i --save-dev @types/mocha`.
__tests__/unit/TermuxManagerReal.test.ts(249,70): error TS2705: An async function or method in ES5 requires the 'Promise' constructor.  Make sure you have a declaration for the 'Promise' constructor or include 'ES2015' in your '--lib' option.
__tests__/unit/TermuxManagerReal.test.ts(254,7): error TS2304: Cannot find name 'expect'.
__tests__/unit/TermuxManagerReal.test.ts(255,7): error TS2304: Cannot find name 'expect'.
__tests__/unit/TermuxManagerReal.test.ts(259,3): error TS2582: Cannot find name 'describe'. Do you need to install type definitions for a test runner? Try `npm i --save-dev @types/jest` or `npm i --save-dev @types/mocha`.
__tests__/unit/TermuxManagerReal.test.ts(262,5): error TS2304: Cannot find name 'beforeEach'.
__tests__/unit/TermuxManagerReal.test.ts(262,16): error TS2705: An async function or method in ES5 requires the 'Promise' constructor.  Make sure you have a declaration for the 'Promise' constructor or include 'ES2015' in your '--lib' option.
__tests__/unit/TermuxManagerReal.test.ts(267,5): error TS2304: Cannot find name 'afterEach'.
__tests__/unit/TermuxManagerReal.test.ts(267,15): error TS2705: An async function or method in ES5 requires the 'Promise' constructor.  Make sure you have a declaration for the 'Promise' constructor or include 'ES2015' in your '--lib' option.
__tests__/unit/TermuxManagerReal.test.ts(271,5): error TS2582: Cannot find name 'it'. Do you need to install type definitions for a test runner? Try `npm i --save-dev @types/jest` or `npm i --save-dev @types/mocha`.
__tests__/unit/TermuxManagerReal.test.ts(271,63): error TS2705: An async function or method in ES5 requires the 'Promise' constructor.  Make sure you have a declaration for the 'Promise' constructor or include 'ES2015' in your '--lib' option.
__tests__/unit/TermuxManagerReal.test.ts(278,30): error TS2585: 'Promise' only refers to a type, but is being used as a value here. Do you need to change your target library? Try changing the 'lib' compiler option to es2015 or later.
__tests__/unit/TermuxManagerReal.test.ts(280,7): error TS2304: Cannot find name 'expect'.
__tests__/unit/TermuxManagerReal.test.ts(281,25): error TS7006: Parameter 'session' implicitly has an 'any' type.
__tests__/unit/TermuxManagerReal.test.ts(281,34): error TS7006: Parameter 'index' implicitly has an 'any' type.
__tests__/unit/TermuxManagerReal.test.ts(282,9): error TS2304: Cannot find name 'expect'.
__tests__/unit/TermuxManagerReal.test.ts(283,9): error TS2304: Cannot find name 'expect'.
__tests__/unit/TermuxManagerReal.test.ts(286,7): error TS2304: Cannot find name 'expect'.
__tests__/unit/TermuxManagerReal.test.ts(289,5): error TS2582: Cannot find name 'it'. Do you need to install type definitions for a test runner? Try `npm i --save-dev @types/jest` or `npm i --save-dev @types/mocha`.
__tests__/unit/TermuxManagerReal.test.ts(289,50): error TS2705: An async function or method in ES5 requires the 'Promise' constructor.  Make sure you have a declaration for the 'Promise' constructor or include 'ES2015' in your '--lib' option.
__tests__/unit/TermuxManagerReal.test.ts(296,29): error TS2585: 'Promise' only refers to a type, but is being used as a value here. Do you need to change your target library? Try changing the 'lib' compiler option to es2015 or later.
__tests__/unit/TermuxManagerReal.test.ts(298,7): error TS2304: Cannot find name 'expect'.
__tests__/unit/TermuxManagerReal.test.ts(299,24): error TS7006: Parameter 'result' implicitly has an 'any' type.
__tests__/unit/TermuxManagerReal.test.ts(299,32): error TS7006: Parameter 'index' implicitly has an 'any' type.
__tests__/unit/TermuxManagerReal.test.ts(300,9): error TS2304: Cannot find name 'expect'.
__tests__/unit/TermuxManagerReal.test.ts(301,9): error TS2304: Cannot find name 'expect'.
__tests__/unit/TermuxSession.test.ts(6,31): error TS2307: Cannot find module 'react-native' or its corresponding type declarations.
__tests__/unit/TermuxSession.test.ts(10,18): error TS2304: Cannot find name 'jest'.
__tests__/unit/TermuxSession.test.ts(11,16): error TS2304: Cannot find name 'jest'.
__tests__/unit/TermuxSession.test.ts(12,19): error TS2304: Cannot find name 'jest'.
__tests__/unit/TermuxSession.test.ts(13,20): error TS2304: Cannot find name 'jest'.
__tests__/unit/TermuxSession.test.ts(17,16): error TS2304: Cannot find name 'jest'.
__tests__/unit/TermuxSession.test.ts(18,19): error TS2304: Cannot find name 'jest'.
__tests__/unit/TermuxSession.test.ts(19,23): error TS2304: Cannot find name 'jest'.
__tests__/unit/TermuxSession.test.ts(22,1): error TS2304: Cannot find name 'jest'.
__tests__/unit/TermuxSession.test.ts(26,23): error TS2304: Cannot find name 'jest'.
__tests__/unit/TermuxSession.test.ts(29,1): error TS2582: Cannot find name 'describe'. Do you need to install type definitions for a test runner? Try `npm i --save-dev @types/jest` or `npm i --save-dev @types/mocha`.
__tests__/unit/TermuxSession.test.ts(30,3): error TS2304: Cannot find name 'beforeEach'.
__tests__/unit/TermuxSession.test.ts(31,5): error TS2304: Cannot find name 'jest'.
__tests__/unit/TermuxSession.test.ts(34,3): error TS2582: Cannot find name 'describe'. Do you need to install type definitions for a test runner? Try `npm i --save-dev @types/jest` or `npm i --save-dev @types/mocha`.
__tests__/unit/TermuxSession.test.ts(35,5): error TS2582: Cannot find name 'it'. Do you need to install type definitions for a test runner? Try `npm i --save-dev @types/jest` or `npm i --save-dev @types/mocha`.
__tests__/unit/TermuxSession.test.ts(38,7): error TS2304: Cannot find name 'expect'.
__tests__/unit/TermuxSession.test.ts(39,7): error TS2304: Cannot find name 'expect'.
__tests__/unit/TermuxSession.test.ts(40,7): error TS2304: Cannot find name 'expect'.
__tests__/unit/TermuxSession.test.ts(41,7): error TS2304: Cannot find name 'expect'.
__tests__/unit/TermuxSession.test.ts(44,5): error TS2582: Cannot find name 'it'. Do you need to install type definitions for a test runner? Try `npm i --save-dev @types/jest` or `npm i --save-dev @types/mocha`.
__tests__/unit/TermuxSession.test.ts(48,7): error TS2304: Cannot find name 'expect'.
__tests__/unit/TermuxSession.test.ts(51,5): error TS2582: Cannot find name 'it'. Do you need to install type definitions for a test runner? Try `npm i --save-dev @types/jest` or `npm i --save-dev @types/mocha`.
__tests__/unit/TermuxSession.test.ts(54,7): error TS2304: Cannot find name 'expect'.
__tests__/unit/TermuxSession.test.ts(56,9): error TS2304: Cannot find name 'expect'.
__tests__/unit/TermuxSession.test.ts(58,7): error TS2304: Cannot find name 'expect'.
__tests__/unit/TermuxSession.test.ts(60,9): error TS2304: Cannot find name 'expect'.
__tests__/unit/TermuxSession.test.ts(65,3): error TS2582: Cannot find name 'describe'. Do you need to install type definitions for a test runner? Try `npm i --save-dev @types/jest` or `npm i --save-dev @types/mocha`.
__tests__/unit/TermuxSession.test.ts(66,5): error TS2582: Cannot find name 'it'. Do you need to install type definitions for a test runner? Try `npm i --save-dev @types/jest` or `npm i --save-dev @types/mocha`.
__tests__/unit/TermuxSession.test.ts(66,59): error TS2705: An async function or method in ES5 requires the 'Promise' constructor.  Make sure you have a declaration for the 'Promise' constructor or include 'ES2015' in your '--lib' option.
__tests__/unit/TermuxSession.test.ts(76,7): error TS2304: Cannot find name 'expect'.
__tests__/unit/TermuxSession.test.ts(81,9): error TS2304: Cannot find name 'expect'.
__tests__/unit/TermuxSession.test.ts(95,7): error TS2304: Cannot find name 'expect'.
__tests__/unit/TermuxSession.test.ts(102,7): error TS2304: Cannot find name 'expect'.
__tests__/unit/TermuxSession.test.ts(103,7): error TS2304: Cannot find name 'expect'.
__tests__/unit/TermuxSession.test.ts(106,5): error TS2582: Cannot find name 'it'. Do you need to install type definitions for a test runner? Try `npm i --save-dev @types/jest` or `npm i --save-dev @types/mocha`.
__tests__/unit/TermuxSession.test.ts(106,58): error TS2705: An async function or method in ES5 requires the 'Promise' constructor.  Make sure you have a declaration for the 'Promise' constructor or include 'ES2015' in your '--lib' option.
__tests__/unit/TermuxSession.test.ts(128,7): error TS2304: Cannot find name 'expect'.
__tests__/unit/TermuxSession.test.ts(133,9): error TS2304: Cannot find name 'expect'.
__tests__/unit/TermuxSession.test.ts(143,5): error TS2582: Cannot find name 'it'. Do you need to install type definitions for a test runner? Try `npm i --save-dev @types/jest` or `npm i --save-dev @types/mocha`.
__tests__/unit/TermuxSession.test.ts(143,46): error TS2705: An async function or method in ES5 requires the 'Promise' constructor.  Make sure you have a declaration for the 'Promise' constructor or include 'ES2015' in your '--lib' option.
__tests__/unit/TermuxSession.test.ts(148,13): error TS2304: Cannot find name 'expect'.
__tests__/unit/TermuxSession.test.ts(152,3): error TS2582: Cannot find name 'describe'. Do you need to install type definitions for a test runner? Try `npm i --save-dev @types/jest` or `npm i --save-dev @types/mocha`.
__tests__/unit/TermuxSession.test.ts(155,5): error TS2304: Cannot find name 'beforeEach'.
__tests__/unit/TermuxSession.test.ts(155,16): error TS2705: An async function or method in ES5 requires the 'Promise' constructor.  Make sure you have a declaration for the 'Promise' constructor or include 'ES2015' in your '--lib' option.
__tests__/unit/TermuxSession.test.ts(168,5): error TS2582: Cannot find name 'it'. Do you need to install type definitions for a test runner? Try `npm i --save-dev @types/jest` or `npm i --save-dev @types/mocha`.
__tests__/unit/TermuxSession.test.ts(168,40): error TS2705: An async function or method in ES5 requires the 'Promise' constructor.  Make sure you have a declaration for the 'Promise' constructor or include 'ES2015' in your '--lib' option.
__tests__/unit/TermuxSession.test.ts(173,7): error TS2304: Cannot find name 'expect'.
__tests__/unit/TermuxSession.test.ts(176,5): error TS2582: Cannot find name 'it'. Do you need to install type definitions for a test runner? Try `npm i --save-dev @types/jest` or `npm i --save-dev @types/mocha`.
__tests__/unit/TermuxSession.test.ts(176,41): error TS2705: An async function or method in ES5 requires the 'Promise' constructor.  Make sure you have a declaration for the 'Promise' constructor or include 'ES2015' in your '--lib' option.
__tests__/unit/TermuxSession.test.ts(179,7): error TS2304: Cannot find name 'expect'.
__tests__/unit/TermuxSession.test.ts(180,7): error TS2304: Cannot find name 'expect'.
__tests__/unit/TermuxSession.test.ts(183,5): error TS2582: Cannot find name 'it'. Do you need to install type definitions for a test runner? Try `npm i --save-dev @types/jest` or `npm i --save-dev @types/mocha`.
__tests__/unit/TermuxSession.test.ts(183,38): error TS2705: An async function or method in ES5 requires the 'Promise' constructor.  Make sure you have a declaration for the 'Promise' constructor or include 'ES2015' in your '--lib' option.
__tests__/unit/TermuxSession.test.ts(186,13): error TS2304: Cannot find name 'expect'.
__tests__/unit/TermuxSession.test.ts(189,5): error TS2582: Cannot find name 'it'. Do you need to install type definitions for a test runner? Try `npm i --save-dev @types/jest` or `npm i --save-dev @types/mocha`.
__tests__/unit/TermuxSession.test.ts(189,37): error TS2705: An async function or method in ES5 requires the 'Promise' constructor.  Make sure you have a declaration for the 'Promise' constructor or include 'ES2015' in your '--lib' option.
__tests__/unit/TermuxSession.test.ts(192,13): error TS2304: Cannot find name 'expect'.
__tests__/unit/TermuxSession.test.ts(195,5): error TS2582: Cannot find name 'it'. Do you need to install type definitions for a test runner? Try `npm i --save-dev @types/jest` or `npm i --save-dev @types/mocha`.
__tests__/unit/TermuxSession.test.ts(195,60): error TS2705: An async function or method in ES5 requires the 'Promise' constructor.  Make sure you have a declaration for the 'Promise' constructor or include 'ES2015' in your '--lib' option.
__tests__/unit/TermuxSession.test.ts(198,13): error TS2304: Cannot find name 'expect'.
__tests__/unit/TermuxSession.test.ts(199,13): error TS2304: Cannot find name 'expect'.
__tests__/unit/TermuxSession.test.ts(203,3): error TS2582: Cannot find name 'describe'. Do you need to install type definitions for a test runner? Try `npm i --save-dev @types/jest` or `npm i --save-dev @types/mocha`.
__tests__/unit/TermuxSession.test.ts(208,5): error TS2304: Cannot find name 'beforeEach'.
__tests__/unit/TermuxSession.test.ts(208,16): error TS2705: An async function or method in ES5 requires the 'Promise' constructor.  Make sure you have a declaration for the 'Promise' constructor or include 'ES2015' in your '--lib' option.
__tests__/unit/TermuxSession.test.ts(216,62): error TS7006: Parameter 'event' implicitly has an 'any' type.
__tests__/unit/TermuxSession.test.ts(216,69): error TS7006: Parameter 'callback' implicitly has an 'any' type.
__tests__/unit/TermuxSession.test.ts(222,26): error TS2304: Cannot find name 'jest'.
__tests__/unit/TermuxSession.test.ts(229,5): error TS2582: Cannot find name 'it'. Do you need to install type definitions for a test runner? Try `npm i --save-dev @types/jest` or `npm i --save-dev @types/mocha`.
__tests__/unit/TermuxSession.test.ts(230,28): error TS2304: Cannot find name 'jest'.
__tests__/unit/TermuxSession.test.ts(239,7): error TS2304: Cannot find name 'expect'.
__tests__/unit/TermuxSession.test.ts(242,5): error TS2582: Cannot find name 'it'. Do you need to install type definitions for a test runner? Try `npm i --save-dev @types/jest` or `npm i --save-dev @types/mocha`.
__tests__/unit/TermuxSession.test.ts(243,28): error TS2304: Cannot find name 'jest'.
__tests__/unit/TermuxSession.test.ts(252,7): error TS2304: Cannot find name 'expect'.
__tests__/unit/TermuxSession.test.ts(255,5): error TS2582: Cannot find name 'it'. Do you need to install type definitions for a test runner? Try `npm i --save-dev @types/jest` or `npm i --save-dev @types/mocha`.
__tests__/unit/TermuxSession.test.ts(256,28): error TS2304: Cannot find name 'jest'.
__tests__/unit/TermuxSession.test.ts(265,7): error TS2304: Cannot find name 'expect'.
__tests__/unit/TermuxSession.test.ts(266,7): error TS2304: Cannot find name 'expect'.
__tests__/unit/TermuxSession.test.ts(269,5): error TS2582: Cannot find name 'it'. Do you need to install type definitions for a test runner? Try `npm i --save-dev @types/jest` or `npm i --save-dev @types/mocha`.
__tests__/unit/TermuxSession.test.ts(270,28): error TS2304: Cannot find name 'jest'.
__tests__/unit/TermuxSession.test.ts(279,7): error TS2304: Cannot find name 'expect'.
__tests__/unit/TermuxSession.test.ts(290,7): error TS2304: Cannot find name 'expect'.
__tests__/unit/TermuxSession.test.ts(293,5): error TS2582: Cannot find name 'it'. Do you need to install type definitions for a test runner? Try `npm i --save-dev @types/jest` or `npm i --save-dev @types/mocha`.
__tests__/unit/TermuxSession.test.ts(294,28): error TS2304: Cannot find name 'jest'.
__tests__/unit/TermuxSession.test.ts(303,7): error TS2304: Cannot find name 'expect'.
__tests__/unit/TermuxSession.test.ts(314,7): error TS2304: Cannot find name 'expect'.
__tests__/unit/TermuxSession.test.ts(317,5): error TS2582: Cannot find name 'it'. Do you need to install type definitions for a test runner? Try `npm i --save-dev @types/jest` or `npm i --save-dev @types/mocha`.
__tests__/unit/TermuxSession.test.ts(318,25): error TS2304: Cannot find name 'jest'.
__tests__/unit/TermuxSession.test.ts(319,25): error TS2304: Cannot find name 'jest'.
__tests__/unit/TermuxSession.test.ts(329,7): error TS2304: Cannot find name 'expect'.
__tests__/unit/TermuxSession.test.ts(330,7): error TS2304: Cannot find name 'expect'.
__tests__/unit/TermuxSession.test.ts(334,3): error TS2582: Cannot find name 'describe'. Do you need to install type definitions for a test runner? Try `npm i --save-dev @types/jest` or `npm i --save-dev @types/mocha`.
__tests__/unit/TermuxSession.test.ts(337,5): error TS2304: Cannot find name 'beforeEach'.
__tests__/unit/TermuxSession.test.ts(337,16): error TS2705: An async function or method in ES5 requires the 'Promise' constructor.  Make sure you have a declaration for the 'Promise' constructor or include 'ES2015' in your '--lib' option.
__tests__/unit/TermuxSession.test.ts(349,5): error TS2582: Cannot find name 'it'. Do you need to install type definitions for a test runner? Try `npm i --save-dev @types/jest` or `npm i --save-dev @types/mocha`.
__tests__/unit/TermuxSession.test.ts(349,31): error TS2705: An async function or method in ES5 requires the 'Promise' constructor.  Make sure you have a declaration for the 'Promise' constructor or include 'ES2015' in your '--lib' option.
__tests__/unit/TermuxSession.test.ts(352,7): error TS2304: Cannot find name 'expect'.
__tests__/unit/TermuxSession.test.ts(353,7): error TS2304: Cannot find name 'expect'.
__tests__/unit/TermuxSession.test.ts(356,5): error TS2582: Cannot find name 'it'. Do you need to install type definitions for a test runner? Try `npm i --save-dev @types/jest` or `npm i --save-dev @types/mocha`.
__tests__/unit/TermuxSession.test.ts(356,37): error TS2705: An async function or method in ES5 requires the 'Promise' constructor.  Make sure you have a declaration for the 'Promise' constructor or include 'ES2015' in your '--lib' option.
__tests__/unit/TermuxSession.test.ts(359,13): error TS2304: Cannot find name 'expect'.
__tests__/unit/TermuxSession.test.ts(362,5): error TS2582: Cannot find name 'it'. Do you need to install type definitions for a test runner? Try `npm i --save-dev @types/jest` or `npm i --save-dev @types/mocha`.
__tests__/unit/TermuxSession.test.ts(362,62): error TS2705: An async function or method in ES5 requires the 'Promise' constructor.  Make sure you have a declaration for the 'Promise' constructor or include 'ES2015' in your '--lib' option.
__tests__/unit/TermuxSession.test.ts(367,7): error TS2304: Cannot find name 'expect'.
__tests__/unit/TermuxSession.test.ts(371,3): error TS2582: Cannot find name 'describe'. Do you need to install type definitions for a test runner? Try `npm i --save-dev @types/jest` or `npm i --save-dev @types/mocha`.
__tests__/unit/TermuxSession.test.ts(372,5): error TS2582: Cannot find name 'it'. Do you need to install type definitions for a test runner? Try `npm i --save-dev @types/jest` or `npm i --save-dev @types/mocha`.
__tests__/unit/TermuxSession.test.ts(373,42): error TS2304: Cannot find name 'jest'.
__tests__/unit/TermuxSession.test.ts(379,7): error TS2304: Cannot find name 'expect'.
__tests__/unit/TermuxSession.test.ts(382,5): error TS2582: Cannot find name 'it'. Do you need to install type definitions for a test runner? Try `npm i --save-dev @types/jest` or `npm i --save-dev @types/mocha`.
__tests__/unit/TermuxSession.test.ts(384,28): error TS2304: Cannot find name 'jest'.
__tests__/unit/TermuxSession.test.ts(385,28): error TS2304: Cannot find name 'jest'.
__tests__/unit/TermuxSession.test.ts(393,7): error TS2304: Cannot find name 'expect'.
__tests__/unit/TermuxSession.test.ts(394,7): error TS2304: Cannot find name 'expect'.
__tests__/unit/TermuxTerminal.test.tsx(5,19): error TS2307: Cannot find module 'react' or its corresponding type declarations.
__tests__/unit/TermuxTerminal.test.tsx(6,44): error TS2307: Cannot find module '@testing-library/react-native' or its corresponding type declarations.
__tests__/unit/TermuxTerminal.test.tsx(7,28): error TS6142: Module '../../src/lib/termux/TermuxTerminal' was resolved to '/home/runner/work/mobile-dev-studio/mobile-dev-studio/src/lib/termux/TermuxTerminal.tsx', but '--jsx' is not set.
__tests__/unit/TermuxTerminal.test.tsx(12,16): error TS2304: Cannot find name 'jest'.
__tests__/unit/TermuxTerminal.test.tsx(15,1): error TS2304: Cannot find name 'jest'.
__tests__/unit/TermuxTerminal.test.tsx(23,1): error TS2304: Cannot find name 'jest'.
__tests__/unit/TermuxTerminal.test.tsx(25,17): error TS2304: Cannot find name 'jest'.
__tests__/unit/TermuxTerminal.test.tsx(26,20): error TS2304: Cannot find name 'jest'.
__tests__/unit/TermuxTerminal.test.tsx(28,18): error TS2304: Cannot find name 'jest'.
__tests__/unit/TermuxTerminal.test.tsx(36,10): error TS2304: Cannot find name 'jest'.
__tests__/unit/TermuxTerminal.test.tsx(37,11): error TS2304: Cannot find name 'jest'.
__tests__/unit/TermuxTerminal.test.tsx(38,11): error TS2304: Cannot find name 'jest'.
__tests__/unit/TermuxTerminal.test.tsx(41,1): error TS2582: Cannot find name 'describe'. Do you need to install type definitions for a test runner? Try `npm i --save-dev @types/jest` or `npm i --save-dev @types/mocha`.
__tests__/unit/TermuxTerminal.test.tsx(42,3): error TS2304: Cannot find name 'beforeEach'.
__tests__/unit/TermuxTerminal.test.tsx(43,5): error TS2304: Cannot find name 'jest'.
__tests__/unit/TermuxTerminal.test.tsx(45,37): error TS2503: Cannot find namespace 'jest'.
__tests__/unit/TermuxTerminal.test.tsx(48,3): error TS2582: Cannot find name 'describe'. Do you need to install type definitions for a test runner? Try `npm i --save-dev @types/jest` or `npm i --save-dev @types/mocha`.
__tests__/unit/TermuxTerminal.test.tsx(49,5): error TS2582: Cannot find name 'it'. Do you need to install type definitions for a test runner? Try `npm i --save-dev @types/jest` or `npm i --save-dev @types/mocha`.
__tests__/unit/TermuxTerminal.test.tsx(51,9): error TS17004: Cannot use JSX unless the '--jsx' flag is provided.
__tests__/unit/TermuxTerminal.test.tsx(54,7): error TS2304: Cannot find name 'expect'.
__tests__/unit/TermuxTerminal.test.tsx(57,5): error TS2582: Cannot find name 'it'. Do you need to install type definitions for a test runner? Try `npm i --save-dev @types/jest` or `npm i --save-dev @types/mocha`.
__tests__/unit/TermuxTerminal.test.tsx(60,9): error TS17004: Cannot use JSX unless the '--jsx' flag is provided.
__tests__/unit/TermuxTerminal.test.tsx(64,7): error TS2304: Cannot find name 'expect'.
__tests__/unit/TermuxTerminal.test.tsx(64,44): error TS2304: Cannot find name 'expect'.
__tests__/unit/TermuxTerminal.test.tsx(71,3): error TS2582: Cannot find name 'describe'. Do you need to install type definitions for a test runner? Try `npm i --save-dev @types/jest` or `npm i --save-dev @types/mocha`.
__tests__/unit/TermuxTerminal.test.tsx(72,5): error TS2582: Cannot find name 'it'. Do you need to install type definitions for a test runner? Try `npm i --save-dev @types/jest` or `npm i --save-dev @types/mocha`.
__tests__/unit/TermuxTerminal.test.tsx(72,68): error TS2705: An async function or method in ES5 requires the 'Promise' constructor.  Make sure you have a declaration for the 'Promise' constructor or include 'ES2015' in your '--lib' option.
__tests__/unit/TermuxTerminal.test.tsx(73,14): error TS17004: Cannot use JSX unless the '--jsx' flag is provided.
__tests__/unit/TermuxTerminal.test.tsx(76,9): error TS2304: Cannot find name 'expect'.
__tests__/unit/TermuxTerminal.test.tsx(83,5): error TS2582: Cannot find name 'it'. Do you need to install type definitions for a test runner? Try `npm i --save-dev @types/jest` or `npm i --save-dev @types/mocha`.
__tests__/unit/TermuxTerminal.test.tsx(83,55): error TS2705: An async function or method in ES5 requires the 'Promise' constructor.  Make sure you have a declaration for the 'Promise' constructor or include 'ES2015' in your '--lib' option.
__tests__/unit/TermuxTerminal.test.tsx(84,14): error TS17004: Cannot use JSX unless the '--jsx' flag is provided.
__tests__/unit/TermuxTerminal.test.tsx(87,9): error TS2304: Cannot find name 'expect'.
__tests__/unit/TermuxTerminal.test.tsx(94,5): error TS2582: Cannot find name 'it'. Do you need to install type definitions for a test runner? Try `npm i --save-dev @types/jest` or `npm i --save-dev @types/mocha`.
__tests__/unit/TermuxTerminal.test.tsx(94,59): error TS2705: An async function or method in ES5 requires the 'Promise' constructor.  Make sure you have a declaration for the 'Promise' constructor or include 'ES2015' in your '--lib' option.
__tests__/unit/TermuxTerminal.test.tsx(101,14): error TS17004: Cannot use JSX unless the '--jsx' flag is provided.
__tests__/unit/TermuxTerminal.test.tsx(104,9): error TS2304: Cannot find name 'expect'.
__tests__/unit/TermuxTerminal.test.tsx(111,5): error TS2582: Cannot find name 'it'. Do you need to install type definitions for a test runner? Try `npm i --save-dev @types/jest` or `npm i --save-dev @types/mocha`.
__tests__/unit/TermuxTerminal.test.tsx(111,64): error TS2705: An async function or method in ES5 requires the 'Promise' constructor.  Make sure you have a declaration for the 'Promise' constructor or include 'ES2015' in your '--lib' option.
__tests__/unit/TermuxTerminal.test.tsx(112,36): error TS2503: Cannot find namespace 'jest'.
__tests__/unit/TermuxTerminal.test.tsx(114,14): error TS17004: Cannot use JSX unless the '--jsx' flag is provided.
__tests__/unit/TermuxTerminal.test.tsx(117,9): error TS2304: Cannot find name 'expect'.
__tests__/unit/TermuxTerminal.test.tsx(118,9): error TS2304: Cannot find name 'expect'.
__tests__/unit/TermuxTerminal.test.tsx(122,5): error TS2582: Cannot find name 'it'. Do you need to install type definitions for a test runner? Try `npm i --save-dev @types/jest` or `npm i --save-dev @types/mocha`.
__tests__/unit/TermuxTerminal.test.tsx(122,49): error TS2705: An async function or method in ES5 requires the 'Promise' constructor.  Make sure you have a declaration for the 'Promise' constructor or include 'ES2015' in your '--lib' option.
__tests__/unit/TermuxTerminal.test.tsx(123,23): error TS2304: Cannot find name 'jest'.
__tests__/unit/TermuxTerminal.test.tsx(124,39): error TS2503: Cannot find namespace 'jest'.
__tests__/unit/TermuxTerminal.test.tsx(128,14): error TS17004: Cannot use JSX unless the '--jsx' flag is provided.
__tests__/unit/TermuxTerminal.test.tsx(131,9): error TS2304: Cannot find name 'expect'.
__tests__/unit/TermuxTerminal.test.tsx(132,11): error TS2304: Cannot find name 'expect'.
__tests__/unit/TermuxTerminal.test.tsx(140,3): error TS2582: Cannot find name 'describe'. Do you need to install type definitions for a test runner? Try `npm i --save-dev @types/jest` or `npm i --save-dev @types/mocha`.
__tests__/unit/TermuxTerminal.test.tsx(141,5): error TS2582: Cannot find name 'it'. Do you need to install type definitions for a test runner? Try `npm i --save-dev @types/jest` or `npm i --save-dev @types/mocha`.
__tests__/unit/TermuxTerminal.test.tsx(141,60): error TS2705: An async function or method in ES5 requires the 'Promise' constructor.  Make sure you have a declaration for the 'Promise' constructor or include 'ES2015' in your '--lib' option.
__tests__/unit/TermuxTerminal.test.tsx(142,22): error TS2304: Cannot find name 'jest'.
__tests__/unit/TermuxTerminal.test.tsx(143,22): error TS2304: Cannot find name 'jest'.
__tests__/unit/TermuxTerminal.test.tsx(145,14): error TS17004: Cannot use JSX unless the '--jsx' flag is provided.
__tests__/unit/TermuxTerminal.test.tsx(148,9): error TS2304: Cannot find name 'expect'.
__tests__/unit/TermuxTerminal.test.tsx(148,57): error TS2304: Cannot find name 'expect'.
__tests__/unit/TermuxTerminal.test.tsx(149,9): error TS2304: Cannot find name 'expect'.
__tests__/unit/TermuxTerminal.test.tsx(149,57): error TS2304: Cannot find name 'expect'.
__tests__/unit/TermuxTerminal.test.tsx(153,5): error TS2582: Cannot find name 'it'. Do you need to install type definitions for a test runner? Try `npm i --save-dev @types/jest` or `npm i --save-dev @types/mocha`.
__tests__/unit/TermuxTerminal.test.tsx(153,63): error TS2705: An async function or method in ES5 requires the 'Promise' constructor.  Make sure you have a declaration for the 'Promise' constructor or include 'ES2015' in your '--lib' option.
__tests__/unit/TermuxTerminal.test.tsx(154,22): error TS2304: Cannot find name 'jest'.
__tests__/unit/TermuxTerminal.test.tsx(155,50): error TS2304: Cannot find name 'jest'.
__tests__/unit/TermuxTerminal.test.tsx(157,46): error TS7006: Parameter 'callback' implicitly has an 'any' type.
__tests__/unit/TermuxTerminal.test.tsx(159,16): error TS2304: Cannot find name 'jest'.
__tests__/unit/TermuxTerminal.test.tsx(162,14): error TS17004: Cannot use JSX unless the '--jsx' flag is provided.
__tests__/unit/TermuxTerminal.test.tsx(165,9): error TS2304: Cannot find name 'expect'.
__tests__/unit/TermuxTerminal.test.tsx(171,7): error TS2304: Cannot find name 'expect'.
__tests__/unit/TermuxTerminal.test.tsx(177,7): error TS2304: Cannot find name 'expect'.
__tests__/unit/TermuxTerminal.test.tsx(180,5): error TS2582: Cannot find name 'it'. Do you need to install type definitions for a test runner? Try `npm i --save-dev @types/jest` or `npm i --save-dev @types/mocha`.
__tests__/unit/TermuxTerminal.test.tsx(180,45): error TS2705: An async function or method in ES5 requires the 'Promise' constructor.  Make sure you have a declaration for the 'Promise' constructor or include 'ES2015' in your '--lib' option.
__tests__/unit/TermuxTerminal.test.tsx(181,22): error TS2304: Cannot find name 'jest'.
__tests__/unit/TermuxTerminal.test.tsx(182,50): error TS2304: Cannot find name 'jest'.
__tests__/unit/TermuxTerminal.test.tsx(184,46): error TS7006: Parameter 'callback' implicitly has an 'any' type.
__tests__/unit/TermuxTerminal.test.tsx(186,16): error TS2304: Cannot find name 'jest'.
__tests__/unit/TermuxTerminal.test.tsx(189,14): error TS17004: Cannot use JSX unless the '--jsx' flag is provided.
__tests__/unit/TermuxTerminal.test.tsx(192,9): error TS2304: Cannot find name 'expect'.
__tests__/unit/TermuxTerminal.test.tsx(198,7): error TS2304: Cannot find name 'expect'.
__tests__/unit/TermuxTerminal.test.tsx(201,5): error TS2582: Cannot find name 'it'. Do you need to install type definitions for a test runner? Try `npm i --save-dev @types/jest` or `npm i --save-dev @types/mocha`.
__tests__/unit/TermuxTerminal.test.tsx(201,54): error TS2705: An async function or method in ES5 requires the 'Promise' constructor.  Make sure you have a declaration for the 'Promise' constructor or include 'ES2015' in your '--lib' option.
__tests__/unit/TermuxTerminal.test.tsx(202,23): error TS2304: Cannot find name 'jest'.
__tests__/unit/TermuxTerminal.test.tsx(205,9): error TS17004: Cannot use JSX unless the '--jsx' flag is provided.
__tests__/unit/TermuxTerminal.test.tsx(216,7): error TS2304: Cannot find name 'expect'.
__tests__/unit/TermuxTerminal.test.tsx(220,3): error TS2582: Cannot find name 'describe'. Do you need to install type definitions for a test runner? Try `npm i --save-dev @types/jest` or `npm i --save-dev @types/mocha`.
__tests__/unit/TermuxTerminal.test.tsx(221,5): error TS2582: Cannot find name 'it'. Do you need to install type definitions for a test runner? Try `npm i --save-dev @types/jest` or `npm i --save-dev @types/mocha`.
__tests__/unit/TermuxTerminal.test.tsx(221,53): error TS2705: An async function or method in ES5 requires the 'Promise' constructor.  Make sure you have a declaration for the 'Promise' constructor or include 'ES2015' in your '--lib' option.
__tests__/unit/TermuxTerminal.test.tsx(223,9): error TS17004: Cannot use JSX unless the '--jsx' flag is provided.
__tests__/unit/TermuxTerminal.test.tsx(227,9): error TS2304: Cannot find name 'expect'.
__tests__/unit/TermuxTerminal.test.tsx(241,7): error TS2304: Cannot find name 'expect'.
__tests__/unit/TermuxTerminal.test.tsx(244,5): error TS2582: Cannot find name 'it'. Do you need to install type definitions for a test runner? Try `npm i --save-dev @types/jest` or `npm i --save-dev @types/mocha`.
__tests__/unit/TermuxTerminal.test.tsx(244,54): error TS2705: An async function or method in ES5 requires the 'Promise' constructor.  Make sure you have a declaration for the 'Promise' constructor or include 'ES2015' in your '--lib' option.
__tests__/unit/TermuxTerminal.test.tsx(246,9): error TS17004: Cannot use JSX unless the '--jsx' flag is provided.
__tests__/unit/TermuxTerminal.test.tsx(263,5): error TS2582: Cannot find name 'it'. Do you need to install type definitions for a test runner? Try `npm i --save-dev @types/jest` or `npm i --save-dev @types/mocha`.
__tests__/unit/TermuxTerminal.test.tsx(263,58): error TS2705: An async function or method in ES5 requires the 'Promise' constructor.  Make sure you have a declaration for the 'Promise' constructor or include 'ES2015' in your '--lib' option.
__tests__/unit/TermuxTerminal.test.tsx(265,9): error TS17004: Cannot use JSX unless the '--jsx' flag is provided.
__tests__/unit/TermuxTerminal.test.tsx(281,5): error TS2582: Cannot find name 'it'. Do you need to install type definitions for a test runner? Try `npm i --save-dev @types/jest` or `npm i --save-dev @types/mocha`.
__tests__/unit/TermuxTerminal.test.tsx(281,49): error TS2705: An async function or method in ES5 requires the 'Promise' constructor.  Make sure you have a declaration for the 'Promise' constructor or include 'ES2015' in your '--lib' option.
__tests__/unit/TermuxTerminal.test.tsx(283,9): error TS17004: Cannot use JSX unless the '--jsx' flag is provided.
__tests__/unit/TermuxTerminal.test.tsx(297,3): error TS2582: Cannot find name 'describe'. Do you need to install type definitions for a test runner? Try `npm i --save-dev @types/jest` or `npm i --save-dev @types/mocha`.
__tests__/unit/TermuxTerminal.test.tsx(298,5): error TS2582: Cannot find name 'it'. Do you need to install type definitions for a test runner? Try `npm i --save-dev @types/jest` or `npm i --save-dev @types/mocha`.
__tests__/unit/TermuxTerminal.test.tsx(298,57): error TS2705: An async function or method in ES5 requires the 'Promise' constructor.  Make sure you have a declaration for the 'Promise' constructor or include 'ES2015' in your '--lib' option.
__tests__/unit/TermuxTerminal.test.tsx(301,14): error TS17004: Cannot use JSX unless the '--jsx' flag is provided.
__tests__/unit/TermuxTerminal.test.tsx(304,9): error TS2304: Cannot find name 'expect'.
__tests__/unit/TermuxTerminal.test.tsx(309,7): error TS2304: Cannot find name 'expect'.
__tests__/unit/TermuxTerminal.test.tsx(312,5): error TS2582: Cannot find name 'it'. Do you need to install type definitions for a test runner? Try `npm i --save-dev @types/jest` or `npm i --save-dev @types/mocha`.
__tests__/unit/TermuxTerminal.test.tsx(312,55): error TS2705: An async function or method in ES5 requires the 'Promise' constructor.  Make sure you have a declaration for the 'Promise' constructor or include 'ES2015' in your '--lib' option.
__tests__/unit/TermuxTerminal.test.tsx(315,14): error TS17004: Cannot use JSX unless the '--jsx' flag is provided.
__tests__/unit/TermuxTerminal.test.tsx(318,9): error TS2304: Cannot find name 'expect'.
__tests__/unit/TermuxTerminal.test.tsx(323,7): error TS2304: Cannot find name 'expect'.
__tests__/unit/TermuxTerminal.test.tsx(328,5): error TS2582: Cannot find name 'it'. Do you need to install type definitions for a test runner? Try `npm i --save-dev @types/jest` or `npm i --save-dev @types/mocha`.
__tests__/unit/TermuxTerminal.test.tsx(328,52): error TS2705: An async function or method in ES5 requires the 'Promise' constructor.  Make sure you have a declaration for the 'Promise' constructor or include 'ES2015' in your '--lib' option.
__tests__/unit/TermuxTerminal.test.tsx(331,14): error TS17004: Cannot use JSX unless the '--jsx' flag is provided.
__tests__/unit/TermuxTerminal.test.tsx(334,9): error TS2304: Cannot find name 'expect'.
__tests__/unit/TermuxTerminal.test.tsx(339,7): error TS2304: Cannot find name 'expect'.
__tests__/unit/TermuxTerminal.test.tsx(342,5): error TS2582: Cannot find name 'it'. Do you need to install type definitions for a test runner? Try `npm i --save-dev @types/jest` or `npm i --save-dev @types/mocha`.
__tests__/unit/TermuxTerminal.test.tsx(342,56): error TS2705: An async function or method in ES5 requires the 'Promise' constructor.  Make sure you have a declaration for the 'Promise' constructor or include 'ES2015' in your '--lib' option.
__tests__/unit/TermuxTerminal.test.tsx(345,14): error TS17004: Cannot use JSX unless the '--jsx' flag is provided.
__tests__/unit/TermuxTerminal.test.tsx(348,9): error TS2304: Cannot find name 'expect'.
__tests__/unit/TermuxTerminal.test.tsx(353,7): error TS2304: Cannot find name 'expect'.
__tests__/unit/TermuxTerminal.test.tsx(362,5): error TS2582: Cannot find name 'it'. Do you need to install type definitions for a test runner? Try `npm i --save-dev @types/jest` or `npm i --save-dev @types/mocha`.
__tests__/unit/TermuxTerminal.test.tsx(362,69): error TS2705: An async function or method in ES5 requires the 'Promise' constructor.  Make sure you have a declaration for the 'Promise' constructor or include 'ES2015' in your '--lib' option.
__tests__/unit/TermuxTerminal.test.tsx(365,39): error TS2503: Cannot find namespace 'jest'.
__tests__/unit/TermuxTerminal.test.tsx(367,14): error TS17004: Cannot use JSX unless the '--jsx' flag is provided.
__tests__/unit/TermuxTerminal.test.tsx(370,9): error TS2304: Cannot find name 'expect'.
__tests__/unit/TermuxTerminal.test.tsx(375,7): error TS2304: Cannot find name 'expect'.
__tests__/unit/TermuxTerminal.test.tsx(379,3): error TS2582: Cannot find name 'describe'. Do you need to install type definitions for a test runner? Try `npm i --save-dev @types/jest` or `npm i --save-dev @types/mocha`.
__tests__/unit/TermuxTerminal.test.tsx(380,5): error TS2582: Cannot find name 'it'. Do you need to install type definitions for a test runner? Try `npm i --save-dev @types/jest` or `npm i --save-dev @types/mocha`.
__tests__/unit/TermuxTerminal.test.tsx(382,9): error TS17004: Cannot use JSX unless the '--jsx' flag is provided.
__tests__/unit/TermuxTerminal.test.tsx(388,7): error TS2304: Cannot find name 'expect'.
__tests__/unit/TermuxTerminal.test.tsx(389,7): error TS2304: Cannot find name 'expect'.
__tests__/unit/TermuxTerminal.test.tsx(390,7): error TS2304: Cannot find name 'expect'.
__tests__/unit/TermuxTerminal.test.tsx(393,5): error TS2582: Cannot find name 'it'. Do you need to install type definitions for a test runner? Try `npm i --save-dev @types/jest` or `npm i --save-dev @types/mocha`.
__tests__/unit/TermuxTerminal.test.tsx(395,9): error TS17004: Cannot use JSX unless the '--jsx' flag is provided.
__tests__/unit/TermuxTerminal.test.tsx(401,7): error TS2304: Cannot find name 'expect'.
__tests__/unit/TermuxTerminal.test.tsx(402,7): error TS2304: Cannot find name 'expect'.
__tests__/unit/TermuxTerminal.test.tsx(403,7): error TS2304: Cannot find name 'expect'.
__tests__/unit/TermuxTerminal.test.tsx(406,5): error TS2582: Cannot find name 'it'. Do you need to install type definitions for a test runner? Try `npm i --save-dev @types/jest` or `npm i --save-dev @types/mocha`.
__tests__/unit/TermuxTerminal.test.tsx(408,9): error TS17004: Cannot use JSX unless the '--jsx' flag is provided.
__tests__/unit/TermuxTerminal.test.tsx(414,7): error TS2304: Cannot find name 'expect'.
__tests__/unit/TermuxTerminal.test.tsx(418,3): error TS2582: Cannot find name 'describe'. Do you need to install type definitions for a test runner? Try `npm i --save-dev @types/jest` or `npm i --save-dev @types/mocha`.
__tests__/unit/TermuxTerminal.test.tsx(419,5): error TS2582: Cannot find name 'it'. Do you need to install type definitions for a test runner? Try `npm i --save-dev @types/jest` or `npm i --save-dev @types/mocha`.
__tests__/unit/TermuxTerminal.test.tsx(419,47): error TS2705: An async function or method in ES5 requires the 'Promise' constructor.  Make sure you have a declaration for the 'Promise' constructor or include 'ES2015' in your '--lib' option.
__tests__/unit/TermuxTerminal.test.tsx(420,31): error TS2304: Cannot find name 'jest'.
__tests__/unit/TermuxTerminal.test.tsx(421,31): error TS2304: Cannot find name 'jest'.
__tests__/unit/TermuxTerminal.test.tsx(426,34): error TS17004: Cannot use JSX unless the '--jsx' flag is provided.
__tests__/unit/TermuxTerminal.test.tsx(429,9): error TS2304: Cannot find name 'expect'.
__tests__/unit/TermuxTerminal.test.tsx(430,9): error TS2304: Cannot find name 'expect'.
__tests__/unit/TermuxTerminal.test.tsx(435,7): error TS2304: Cannot find name 'expect'.
__tests__/unit/TermuxTerminal.test.tsx(436,7): error TS2304: Cannot find name 'expect'.
__tests__/unit/simple.simple.test.ts(1,1): error TS2582: Cannot find name 'describe'. Do you need to install type definitions for a test runner? Try `npm i --save-dev @types/jest` or `npm i --save-dev @types/mocha`.
__tests__/unit/simple.simple.test.ts(2,3): error TS2582: Cannot find name 'it'. Do you need to install type definitions for a test runner? Try `npm i --save-dev @types/jest` or `npm i --save-dev @types/mocha`.
__tests__/unit/simple.simple.test.ts(3,5): error TS2304: Cannot find name 'expect'.
__tests__/unit/simple.simple.test.ts(6,3): error TS2582: Cannot find name 'it'. Do you need to install type definitions for a test runner? Try `npm i --save-dev @types/jest` or `npm i --save-dev @types/mocha`.
__tests__/unit/simple.simple.test.ts(7,5): error TS2304: Cannot find name 'expect'.
__tests__/unit/simple.simple.test.ts(10,3): error TS2582: Cannot find name 'it'. Do you need to install type definitions for a test runner? Try `npm i --save-dev @types/jest` or `npm i --save-dev @types/mocha`.
__tests__/unit/simple.simple.test.ts(12,5): error TS2304: Cannot find name 'expect'.
__tests__/unit/simple.simple.test.ts(13,5): error TS2304: Cannot find name 'expect'.
__tests__/unit/simple.simple.test.ts(13,16): error TS2550: Property 'includes' does not exist on type 'number[]'. Do you need to change your target library? Try changing the 'lib' compiler option to 'es2016' or later.
index.ts(1,39): error TS2307: Cannot find module 'expo' or its corresponding type declarations.
index.ts(3,17): error TS6142: Module './App' was resolved to '/home/runner/work/mobile-dev-studio/mobile-dev-studio/App.tsx', but '--jsx' is not set.
modules/termux-core/src/TermuxCoreModule.ts(1,36): error TS2307: Cannot find module 'expo-modules-core' or its corresponding type declarations.
modules/termux-core/src/TermuxDemo.tsx(1,41): error TS2307: Cannot find module 'react' or its corresponding type declarations.
modules/termux-core/src/TermuxDemo.tsx(2,81): error TS2307: Cannot find module 'react-native' or its corresponding type declarations.
modules/termux-core/src/TermuxDemo.tsx(15,20): error TS7006: Parameter 'prev' implicitly has an 'any' type.
modules/termux-core/src/TermuxDemo.tsx(18,31): error TS2705: An async function or method in ES5 requires the 'Promise' constructor.  Make sure you have a declaration for the 'Promise' constructor or include 'ES2015' in your '--lib' option.
modules/termux-core/src/TermuxDemo.tsx(32,29): error TS2705: An async function or method in ES5 requires the 'Promise' constructor.  Make sure you have a declaration for the 'Promise' constructor or include 'ES2015' in your '--lib' option.
modules/termux-core/src/TermuxDemo.tsx(49,29): error TS2705: An async function or method in ES5 requires the 'Promise' constructor.  Make sure you have a declaration for the 'Promise' constructor or include 'ES2015' in your '--lib' option.
modules/termux-core/src/TermuxDemo.tsx(70,36): error TS2705: An async function or method in ES5 requires the 'Promise' constructor.  Make sure you have a declaration for the 'Promise' constructor or include 'ES2015' in your '--lib' option.
modules/termux-core/src/TermuxDemo.tsx(96,5): error TS17004: Cannot use JSX unless the '--jsx' flag is provided.
modules/termux-core/src/TermuxDemo.tsx(97,7): error TS17004: Cannot use JSX unless the '--jsx' flag is provided.
modules/termux-core/src/TermuxDemo.tsx(100,7): error TS17004: Cannot use JSX unless the '--jsx' flag is provided.
modules/termux-core/src/TermuxDemo.tsx(101,9): error TS17004: Cannot use JSX unless the '--jsx' flag is provided.
modules/termux-core/src/TermuxDemo.tsx(105,11): error TS17004: Cannot use JSX unless the '--jsx' flag is provided.
modules/termux-core/src/TermuxDemo.tsx(107,9): error TS17004: Cannot use JSX unless the '--jsx' flag is provided.
modules/termux-core/src/TermuxDemo.tsx(111,11): error TS17004: Cannot use JSX unless the '--jsx' flag is provided.
modules/termux-core/src/TermuxDemo.tsx(116,7): error TS17004: Cannot use JSX unless the '--jsx' flag is provided.
modules/termux-core/src/TermuxDemo.tsx(118,11): error TS17004: Cannot use JSX unless the '--jsx' flag is provided.
modules/termux-core/src/TermuxDemo.tsx(122,31): error TS7006: Parameter 'event' implicitly has an 'any' type.
modules/termux-core/src/TermuxDemo.tsx(125,29): error TS7006: Parameter 'event' implicitly has an 'any' type.
modules/termux-core/src/TermuxDemo.tsx(130,11): error TS17004: Cannot use JSX unless the '--jsx' flag is provided.
modules/termux-core/src/TermuxDemo.tsx(137,32): error TS7006: Parameter 'sessionId' implicitly has an 'any' type.
modules/termux-core/src/TermuxDemo.tsx(138,22): error TS7006: Parameter 'data' implicitly has an 'any' type.
modules/termux-core/src/TermuxDemo.tsx(144,7): error TS17004: Cannot use JSX unless the '--jsx' flag is provided.
modules/termux-core/src/TermuxDemo.tsx(145,9): error TS17004: Cannot use JSX unless the '--jsx' flag is provided.
modules/termux-core/src/TermuxDemo.tsx(146,11): error TS17004: Cannot use JSX unless the '--jsx' flag is provided.
modules/termux-core/src/TermuxDemo.tsx(147,13): error TS17004: Cannot use JSX unless the '--jsx' flag is provided.
modules/termux-core/src/TermuxDemo.tsx(150,11): error TS17004: Cannot use JSX unless the '--jsx' flag is provided.
modules/termux-core/src/TermuxDemo.tsx(151,13): error TS17004: Cannot use JSX unless the '--jsx' flag is provided.
modules/termux-core/src/TermuxDemo.tsx(155,13): error TS17004: Cannot use JSX unless the '--jsx' flag is provided.
modules/termux-core/src/TermuxDemo.tsx(156,15): error TS17004: Cannot use JSX unless the '--jsx' flag is provided.
modules/termux-core/src/TermuxDemo.tsx(161,9): error TS17004: Cannot use JSX unless the '--jsx' flag is provided.
modules/termux-core/src/TermuxDemo.tsx(162,11): error TS17004: Cannot use JSX unless the '--jsx' flag is provided.
modules/termux-core/src/TermuxDemo.tsx(169,11): error TS17004: Cannot use JSX unless the '--jsx' flag is provided.
modules/termux-core/src/TermuxDemo.tsx(170,13): error TS17004: Cannot use JSX unless the '--jsx' flag is provided.
modules/termux-core/src/TermuxDemo.tsx(174,9): error TS17004: Cannot use JSX unless the '--jsx' flag is provided.
modules/termux-core/src/TermuxDemo.tsx(175,11): error TS17004: Cannot use JSX unless the '--jsx' flag is provided.
modules/termux-core/src/TermuxDemo.tsx(181,9): error TS17004: Cannot use JSX unless the '--jsx' flag is provided.
modules/termux-core/src/TermuxDemo.tsx(182,11): error TS17004: Cannot use JSX unless the '--jsx' flag is provided.
modules/termux-core/src/TermuxDemo.tsx(183,26): error TS7006: Parameter 'session' implicitly has an 'any' type.
modules/termux-core/src/TermuxDemo.tsx(183,35): error TS7006: Parameter 'index' implicitly has an 'any' type.
modules/termux-core/src/TermuxDemo.tsx(184,13): error TS17004: Cannot use JSX unless the '--jsx' flag is provided.
modules/termux-core/src/TermuxDemo.tsx(192,7): error TS17004: Cannot use JSX unless the '--jsx' flag is provided.
modules/termux-core/src/TermuxDemo.tsx(193,9): error TS17004: Cannot use JSX unless the '--jsx' flag is provided.
modules/termux-core/src/TermuxDemo.tsx(194,9): error TS17004: Cannot use JSX unless the '--jsx' flag is provided.
modules/termux-core/src/TermuxDemo.tsx(195,29): error TS7006: Parameter 'log' implicitly has an 'any' type.
modules/termux-core/src/TermuxDemo.tsx(195,34): error TS7006: Parameter 'index' implicitly has an 'any' type.
modules/termux-core/src/TermuxDemo.tsx(196,13): error TS17004: Cannot use JSX unless the '--jsx' flag is provided.
modules/termux-core/src/TermuxManager.ts(1,51): error TS2307: Cannot find module 'react-native' or its corresponding type declarations.
modules/termux-core/src/TermuxManager.ts(19,26): error TS2583: Cannot find name 'Map'. Do you need to change your target library? Try changing the 'lib' compiler option to 'es2015' or later.
modules/termux-core/src/TermuxManager.ts(65,60): error TS2705: An async function or method in ES5 requires the 'Promise' constructor.  Make sure you have a declaration for the 'Promise' constructor or include 'ES2015' in your '--lib' option.
modules/termux-core/src/TermuxManager.ts(105,58): error TS2705: An async function or method in ES5 requires the 'Promise' constructor.  Make sure you have a declaration for the 'Promise' constructor or include 'ES2015' in your '--lib' option.
modules/termux-core/src/TermuxManager.ts(128,41): error TS2705: An async function or method in ES5 requires the 'Promise' constructor.  Make sure you have a declaration for the 'Promise' constructor or include 'ES2015' in your '--lib' option.
modules/termux-core/src/TermuxManager.ts(153,18): error TS2550: Property 'from' does not exist on type 'ArrayConstructor'. Do you need to change your target library? Try changing the 'lib' compiler option to 'es2015' or later.
modules/termux-core/src/TermuxManager.ts(163,6): error TS2705: An async function or method in ES5 requires the 'Promise' constructor.  Make sure you have a declaration for the 'Promise' constructor or include 'ES2015' in your '--lib' option.
modules/termux-core/src/TermuxManager.ts(188,76): error TS7006: Parameter 'event' implicitly has an 'any' type.
modules/termux-core/src/TermuxManager.ts(200,74): error TS7006: Parameter 'event' implicitly has an 'any' type.
modules/termux-core/src/TermuxManager.ts(212,75): error TS7006: Parameter 'event' implicitly has an 'any' type.
modules/termux-core/src/TermuxTerminalView.tsx(1,63): error TS2307: Cannot find module 'react' or its corresponding type declarations.
modules/termux-core/src/TermuxTerminalView.tsx(2,27): error TS2307: Cannot find module 'react-native' or its corresponding type declarations.
modules/termux-core/src/TermuxTerminalView.tsx(3,42): error TS2307: Cannot find module 'expo-modules-core' or its corresponding type declarations.
modules/termux-core/src/TermuxTerminalView.tsx(24,90): error TS7006: Parameter 'props' implicitly has an 'any' type.
modules/termux-core/src/TermuxTerminalView.tsx(24,97): error TS7006: Parameter 'ref' implicitly has an 'any' type.
modules/termux-core/src/TermuxTerminalView.tsx(59,5): error TS17004: Cannot use JSX unless the '--jsx' flag is provided.
modules/termux-core/src/XTermWebTerminal.tsx(1,75): error TS2307: Cannot find module 'react' or its corresponding type declarations.
modules/termux-core/src/XTermWebTerminal.tsx(2,33): error TS2307: Cannot find module 'react-native' or its corresponding type declarations.
modules/termux-core/src/XTermWebTerminal.tsx(3,25): error TS2307: Cannot find module 'react-native-webview' or its corresponding type declarations.
modules/termux-core/src/XTermWebTerminal.tsx(28,82): error TS7006: Parameter 'props' implicitly has an 'any' type.
modules/termux-core/src/XTermWebTerminal.tsx(28,89): error TS7006: Parameter 'ref' implicitly has an 'any' type.
modules/termux-core/src/XTermWebTerminal.tsx(45,21): error TS2705: An async function or method in ES5 requires the 'Promise' constructor.  Make sure you have a declaration for the 'Promise' constructor or include 'ES2015' in your '--lib' option.
modules/termux-core/src/XTermWebTerminal.tsx(56,18): error TS2705: An async function or method in ES5 requires the 'Promise' constructor.  Make sure you have a declaration for the 'Promise' constructor or include 'ES2015' in your '--lib' option.
modules/termux-core/src/XTermWebTerminal.tsx(62,39): error TS7006: Parameter 'unsub' implicitly has an 'any' type.
modules/termux-core/src/XTermWebTerminal.tsx(66,18): error TS2705: An async function or method in ES5 requires the 'Promise' constructor.  Make sure you have a declaration for the 'Promise' constructor or include 'ES2015' in your '--lib' option.
modules/termux-core/src/XTermWebTerminal.tsx(129,39): error TS7006: Parameter 'unsub' implicitly has an 'any' type.
modules/termux-core/src/XTermWebTerminal.tsx(301,5): error TS17004: Cannot use JSX unless the '--jsx' flag is provided.
modules/termux-core/src/XTermWebTerminal.tsx(302,7): error TS17004: Cannot use JSX unless the '--jsx' flag is provided.
modules/termux-core/src/index.ts(25,47): error TS6142: Module './TermuxTerminalView' was resolved to '/home/runner/work/mobile-dev-studio/mobile-dev-studio/modules/termux-core/src/TermuxTerminalView.tsx', but '--jsx' is not set.
modules/termux-core/src/index.ts(26,45): error TS6142: Module './XTermWebTerminal' was resolved to '/home/runner/work/mobile-dev-studio/mobile-dev-studio/modules/termux-core/src/XTermWebTerminal.tsx', but '--jsx' is not set.
modules/termux-core/src/index.ts(27,39): error TS6142: Module './TermuxDemo' was resolved to '/home/runner/work/mobile-dev-studio/mobile-dev-studio/modules/termux-core/src/TermuxDemo.tsx', but '--jsx' is not set.
modules/termux-core/src/index.ts(31,65): error TS6142: Module './TermuxTerminalView' was resolved to '/home/runner/work/mobile-dev-studio/mobile-dev-studio/modules/termux-core/src/TermuxTerminalView.tsx', but '--jsx' is not set.
modules/termux-core/src/index.ts(32,65): error TS6142: Module './XTermWebTerminal' was resolved to '/home/runner/work/mobile-dev-studio/mobile-dev-studio/modules/termux-core/src/XTermWebTerminal.tsx', but '--jsx' is not set.
modules/termux-core/src/index.ts(35,36): error TS2307: Cannot find module 'expo-modules-core' or its corresponding type declarations.
modules/termux-core/src/index.ts(58,36): error TS2705: An async function or method in ES5 requires the 'Promise' constructor.  Make sure you have a declaration for the 'Promise' constructor or include 'ES2015' in your '--lib' option.
modules/termux-core/src/index.ts(70,36): error TS2705: An async function or method in ES5 requires the 'Promise' constructor.  Make sure you have a declaration for the 'Promise' constructor or include 'ES2015' in your '--lib' option.
modules/termux-core/src/index.ts(90,6): error TS2705: An async function or method in ES5 requires the 'Promise' constructor.  Make sure you have a declaration for the 'Promise' constructor or include 'ES2015' in your '--lib' option.
modules/termux-core/src/index.ts(110,65): error TS2705: An async function or method in ES5 requires the 'Promise' constructor.  Make sure you have a declaration for the 'Promise' constructor or include 'ES2015' in your '--lib' option.
modules/termux-core/src/index.ts(114,48): error TS2705: An async function or method in ES5 requires the 'Promise' constructor.  Make sure you have a declaration for the 'Promise' constructor or include 'ES2015' in your '--lib' option.
src/__tests__/setup.ts(4,1): error TS2304: Cannot find name 'jest'.
src/__tests__/setup.ts(10,12): error TS2304: Cannot find name 'jest'.
src/__tests__/setup.ts(14,13): error TS2304: Cannot find name 'jest'.
src/__tests__/setup.ts(14,22): error TS7006: Parameter 'obj' implicitly has an 'any' type.
src/__tests__/setup.ts(17,13): error TS2304: Cannot find name 'jest'.
src/__tests__/setup.ts(17,22): error TS7006: Parameter 'styles' implicitly has an 'any' type.
src/__tests__/setup.ts(22,1): error TS2304: Cannot find name 'jest'.
src/__tests__/setup.ts(24,17): error TS2304: Cannot find name 'jest'.
src/__tests__/setup.ts(25,23): error TS2304: Cannot find name 'jest'.
src/__tests__/setup.ts(26,23): error TS2304: Cannot find name 'jest'.
src/__tests__/setup.ts(27,22): error TS2304: Cannot find name 'jest'.
src/__tests__/setup.ts(28,23): error TS2304: Cannot find name 'jest'.
src/__tests__/setup.ts(32,1): error TS2304: Cannot find name 'jest'.
src/__tests__/setup.ts(35,25): error TS2304: Cannot find name 'jest'.
src/__tests__/setup.ts(36,25): error TS2304: Cannot find name 'jest'.
src/__tests__/setup.ts(37,22): error TS2304: Cannot find name 'jest'.
src/__tests__/setup.ts(38,23): error TS2304: Cannot find name 'jest'.
src/__tests__/setup.ts(39,20): error TS2304: Cannot find name 'jest'.
src/__tests__/setup.ts(42,29): error TS2304: Cannot find name 'jest'.
src/__tests__/setup.ts(46,1): error TS2304: Cannot find name 'jest'.
src/__tests__/setup.ts(51,1): error TS2304: Cannot find name 'jest'.
src/__tests__/setup.ts(53,15): error TS2304: Cannot find name 'jest'.
src/__tests__/setup.ts(54,13): error TS2304: Cannot find name 'jest'.
src/__tests__/setup.ts(56,19): error TS2304: Cannot find name 'jest'.
src/__tests__/setup.ts(60,1): error TS2304: Cannot find name 'jest'.
src/__tests__/setup.ts(65,1): error TS2304: Cannot find name 'jest'.
src/__tests__/setup.ts(70,1): error TS2304: Cannot find name 'global'.
src/__tests__/setup.ts(72,9): error TS2304: Cannot find name 'jest'.
src/__tests__/setup.ts(73,10): error TS2304: Cannot find name 'jest'.
src/components/ErrorBoundary.tsx(1,19): error TS2307: Cannot find module 'react' or its corresponding type declarations.
src/components/ErrorBoundary.tsx(2,58): error TS2307: Cannot find module 'react-native' or its corresponding type declarations.
src/components/ErrorBoundary.tsx(17,10): error TS2339: Property 'state' does not exist on type 'ErrorBoundary'.
src/components/ErrorBoundary.tsx(29,10): error TS2339: Property 'setState' does not exist on type 'ErrorBoundary'.
src/components/ErrorBoundary.tsx(33,14): error TS2339: Property 'state' does not exist on type 'ErrorBoundary'.
src/components/ErrorBoundary.tsx(34,16): error TS2339: Property 'props' does not exist on type 'ErrorBoundary'.
src/components/ErrorBoundary.tsx(35,40): error TS2339: Property 'props' does not exist on type 'ErrorBoundary'.
src/components/ErrorBoundary.tsx(36,16): error TS17004: Cannot use JSX unless the '--jsx' flag is provided.
src/components/ErrorBoundary.tsx(36,47): error TS2339: Property 'state' does not exist on type 'ErrorBoundary'.
src/components/ErrorBoundary.tsx(40,9): error TS17004: Cannot use JSX unless the '--jsx' flag is provided.
src/components/ErrorBoundary.tsx(41,11): error TS17004: Cannot use JSX unless the '--jsx' flag is provided.
src/components/ErrorBoundary.tsx(42,11): error TS17004: Cannot use JSX unless the '--jsx' flag is provided.
src/components/ErrorBoundary.tsx(43,19): error TS2339: Property 'state' does not exist on type 'ErrorBoundary'.
src/components/ErrorBoundary.tsx(45,11): error TS17004: Cannot use JSX unless the '--jsx' flag is provided.
src/components/ErrorBoundary.tsx(46,13): error TS17004: Cannot use JSX unless the '--jsx' flag is provided.
src/components/ErrorBoundary.tsx(52,17): error TS2339: Property 'props' does not exist on type 'ErrorBoundary'.
src/components/RealTermuxTerminal.tsx(1,52): error TS2307: Cannot find module 'react' or its corresponding type declarations.
src/components/RealTermuxTerminal.tsx(2,40): error TS2307: Cannot find module 'react-native' or its corresponding type declarations.
src/components/RealTermuxTerminal.tsx(3,36): error TS2307: Cannot find module 'termux-core' or its corresponding type declarations.
src/components/RealTermuxTerminal.tsx(20,32): error TS2705: An async function or method in ES5 requires the 'Promise' constructor.  Make sure you have a declaration for the 'Promise' constructor or include 'ES2015' in your '--lib' option.
src/components/RealTermuxTerminal.tsx(35,14): error TS2550: Property 'startsWith' does not exist on type 'string'. Do you need to change your target library? Try changing the 'lib' compiler option to 'es2015' or later.
src/components/RealTermuxTerminal.tsx(46,7): error TS17004: Cannot use JSX unless the '--jsx' flag is provided.
src/components/RealTermuxTerminal.tsx(47,9): error TS17004: Cannot use JSX unless the '--jsx' flag is provided.
src/components/RealTermuxTerminal.tsx(48,11): error TS17004: Cannot use JSX unless the '--jsx' flag is provided.
src/components/RealTermuxTerminal.tsx(49,11): error TS17004: Cannot use JSX unless the '--jsx' flag is provided.
src/components/RealTermuxTerminal.tsx(50,11): error TS17004: Cannot use JSX unless the '--jsx' flag is provided.
src/components/RealTermuxTerminal.tsx(60,7): error TS17004: Cannot use JSX unless the '--jsx' flag is provided.
src/components/RealTermuxTerminal.tsx(61,9): error TS17004: Cannot use JSX unless the '--jsx' flag is provided.
src/components/RealTermuxTerminal.tsx(62,11): error TS17004: Cannot use JSX unless the '--jsx' flag is provided.
src/components/RealTermuxTerminal.tsx(63,11): error TS17004: Cannot use JSX unless the '--jsx' flag is provided.
src/components/RealTermuxTerminal.tsx(70,5): error TS17004: Cannot use JSX unless the '--jsx' flag is provided.
src/components/XTerminal.tsx(1,52): error TS2307: Cannot find module 'react' or its corresponding type declarations.
src/components/XTerminal.tsx(2,46): error TS2307: Cannot find module 'react-native' or its corresponding type declarations.
src/components/XTerminal.tsx(3,25): error TS2307: Cannot find module 'react-native-webview' or its corresponding type declarations.
src/components/XTerminal.tsx(397,25): error TS2705: An async function or method in ES5 requires the 'Promise' constructor.  Make sure you have a declaration for the 'Promise' constructor or include 'ES2015' in your '--lib' option.
src/components/XTerminal.tsx(416,22): error TS2705: An async function or method in ES5 requires the 'Promise' constructor.  Make sure you have a declaration for the 'Promise' constructor or include 'ES2015' in your '--lib' option.
src/components/XTerminal.tsx(469,5): error TS17004: Cannot use JSX unless the '--jsx' flag is provided.
src/components/XTerminal.tsx(470,7): error TS17004: Cannot use JSX unless the '--jsx' flag is provided.
src/lib/termux/TermuxManager.ts(6,51): error TS2307: Cannot find module 'react-native' or its corresponding type declarations.
src/lib/termux/TermuxManager.ts(36,26): error TS2583: Cannot find name 'Set'. Do you need to change your target library? Try changing the 'lib' compiler option to 'es2015' or later.
src/lib/termux/TermuxManager.ts(36,60): error TS2583: Cannot find name 'Set'. Do you need to change your target library? Try changing the 'lib' compiler option to 'es2015' or later.
src/lib/termux/TermuxManager.ts(37,26): error TS2583: Cannot find name 'Set'. Do you need to change your target library? Try changing the 'lib' compiler option to 'es2015' or later.
src/lib/termux/TermuxManager.ts(37,60): error TS2583: Cannot find name 'Set'. Do you need to change your target library? Try changing the 'lib' compiler option to 'es2015' or later.
src/lib/termux/TermuxManager.ts(51,71): error TS7006: Parameter 'event' implicitly has an 'any' type.
src/lib/termux/TermuxManager.ts(53,36): error TS7006: Parameter 'listener' implicitly has an 'any' type.
src/lib/termux/TermuxManager.ts(57,49): error TS7006: Parameter 'event' implicitly has an 'any' type.
src/lib/termux/TermuxManager.ts(60,36): error TS7006: Parameter 'listener' implicitly has an 'any' type.
src/lib/termux/TermuxManager.ts(65,57): error TS2705: An async function or method in ES5 requires the 'Promise' constructor.  Make sure you have a declaration for the 'Promise' constructor or include 'ES2015' in your '--lib' option.
src/lib/termux/TermuxManager.ts(116,37): error TS2705: An async function or method in ES5 requires the 'Promise' constructor.  Make sure you have a declaration for the 'Promise' constructor or include 'ES2015' in your '--lib' option.
src/lib/termux/TermuxManager.ts(132,24): error TS2705: An async function or method in ES5 requires the 'Promise' constructor.  Make sure you have a declaration for the 'Promise' constructor or include 'ES2015' in your '--lib' option.
src/lib/termux/TermuxManager.ts(148,24): error TS2705: An async function or method in ES5 requires the 'Promise' constructor.  Make sure you have a declaration for the 'Promise' constructor or include 'ES2015' in your '--lib' option.
src/lib/termux/TermuxManager.ts(182,21): error TS2583: Cannot find name 'Map'. Do you need to change your target library? Try changing the 'lib' compiler option to 'es2015' or later.
src/lib/termux/TermuxManager.ts(182,54): error TS2583: Cannot find name 'Map'. Do you need to change your target library? Try changing the 'lib' compiler option to 'es2015' or later.
src/lib/termux/TermuxManager.ts(194,39): error TS2705: An async function or method in ES5 requires the 'Promise' constructor.  Make sure you have a declaration for the 'Promise' constructor or include 'ES2015' in your '--lib' option.
src/lib/termux/TermuxManager.ts(213,74): error TS2705: An async function or method in ES5 requires the 'Promise' constructor.  Make sure you have a declaration for the 'Promise' constructor or include 'ES2015' in your '--lib' option.
src/lib/termux/TermuxManager.ts(233,12): error TS2705: An async function or method in ES5 requires the 'Promise' constructor.  Make sure you have a declaration for the 'Promise' constructor or include 'ES2015' in your '--lib' option.
src/lib/termux/TermuxManager.ts(236,16): error TS2585: 'Promise' only refers to a type, but is being used as a value here. Do you need to change your target library? Try changing the 'lib' compiler option to es2015 or later.
src/lib/termux/TermuxManager.ts(236,25): error TS7006: Parameter 'resolve' implicitly has an 'any' type.
src/lib/termux/TermuxManager.ts(236,34): error TS7006: Parameter 'reject' implicitly has an 'any' type.
src/lib/termux/TermuxManager.ts(266,18): error TS2550: Property 'from' does not exist on type 'ArrayConstructor'. Do you need to change your target library? Try changing the 'lib' compiler option to 'es2015' or later.
src/lib/termux/TermuxManager.ts(269,35): error TS2705: An async function or method in ES5 requires the 'Promise' constructor.  Make sure you have a declaration for the 'Promise' constructor or include 'ES2015' in your '--lib' option.
src/lib/termux/TermuxManager.ts(270,28): error TS2550: Property 'from' does not exist on type 'ArrayConstructor'. Do you need to change your target library? Try changing the 'lib' compiler option to 'es2015' or later.
src/lib/termux/TermuxManager.ts(270,61): error TS7006: Parameter 'session' implicitly has an 'any' type.
src/lib/termux/TermuxManager.ts(271,11): error TS2585: 'Promise' only refers to a type, but is being used as a value here. Do you need to change your target library? Try changing the 'lib' compiler option to es2015 or later.
src/lib/termux/TermuxTerminal.tsx(1,85): error TS2307: Cannot find module 'react' or its corresponding type declarations.
src/lib/termux/TermuxTerminal.tsx(2,33): error TS2307: Cannot find module 'react-native' or its corresponding type declarations.
src/lib/termux/TermuxTerminal.tsx(3,25): error TS2307: Cannot find module 'react-native-webview' or its corresponding type declarations.
src/lib/termux/TermuxTerminal.tsx(26,76): error TS7006: Parameter 'props' implicitly has an 'any' type.
src/lib/termux/TermuxTerminal.tsx(26,83): error TS7006: Parameter 'ref' implicitly has an 'any' type.
src/lib/termux/TermuxTerminal.tsx(74,31): error TS2705: An async function or method in ES5 requires the 'Promise' constructor.  Make sure you have a declaration for the 'Promise' constructor or include 'ES2015' in your '--lib' option.
src/lib/termux/TermuxTerminal.tsx(307,5): error TS17004: Cannot use JSX unless the '--jsx' flag is provided.
src/lib/termux/TermuxTerminal.tsx(308,7): error TS17004: Cannot use JSX unless the '--jsx' flag is provided.
src/lib/termux/TermuxTerminal.tsx(319,19): error TS7006: Parameter 'error' implicitly has an 'any' type.
src/lib/termux/index.ts(34,43): error TS6142: Module './TermuxTerminal' was resolved to '/home/runner/work/mobile-dev-studio/mobile-dev-studio/src/lib/termux/TermuxTerminal.tsx', but '--jsx' is not set.
src/lib/termux/index.ts(36,61): error TS6142: Module './TermuxTerminal' was resolved to '/home/runner/work/mobile-dev-studio/mobile-dev-studio/src/lib/termux/TermuxTerminal.tsx', but '--jsx' is not set.
src/screens/EditorScreen.tsx(1,41): error TS2307: Cannot find module 'react' or its corresponding type declarations.
src/screens/EditorScreen.tsx(2,76): error TS2307: Cannot find module 'react-native' or its corresponding type declarations.
src/screens/EditorScreen.tsx(3,30): error TS2307: Cannot find module 'react-native-safe-area-context' or its corresponding type declarations.
src/screens/EditorScreen.tsx(4,25): error TS2307: Cannot find module 'react-native-webview' or its corresponding type declarations.
src/screens/EditorScreen.tsx(5,26): error TS2307: Cannot find module '@expo/vector-icons' or its corresponding type declarations.
src/screens/EditorScreen.tsx(146,5): error TS17004: Cannot use JSX unless the '--jsx' flag is provided.
src/screens/EditorScreen.tsx(148,7): error TS17004: Cannot use JSX unless the '--jsx' flag is provided.
src/screens/EditorScreen.tsx(149,9): error TS17004: Cannot use JSX unless the '--jsx' flag is provided.
src/screens/EditorScreen.tsx(150,11): error TS17004: Cannot use JSX unless the '--jsx' flag is provided.
src/screens/EditorScreen.tsx(151,11): error TS17004: Cannot use JSX unless the '--jsx' flag is provided.
src/screens/EditorScreen.tsx(158,9): error TS17004: Cannot use JSX unless the '--jsx' flag is provided.
src/screens/EditorScreen.tsx(159,11): error TS17004: Cannot use JSX unless the '--jsx' flag is provided.
src/screens/EditorScreen.tsx(163,13): error TS17004: Cannot use JSX unless the '--jsx' flag is provided.
src/screens/EditorScreen.tsx(170,11): error TS17004: Cannot use JSX unless the '--jsx' flag is provided.
src/screens/EditorScreen.tsx(174,13): error TS17004: Cannot use JSX unless the '--jsx' flag is provided.
src/screens/EditorScreen.tsx(181,9): error TS17004: Cannot use JSX unless the '--jsx' flag is provided.
src/screens/EditorScreen.tsx(182,11): error TS17004: Cannot use JSX unless the '--jsx' flag is provided.
src/screens/EditorScreen.tsx(183,13): error TS17004: Cannot use JSX unless the '--jsx' flag is provided.
src/screens/EditorScreen.tsx(185,17): error TS17004: Cannot use JSX unless the '--jsx' flag is provided.
src/screens/EditorScreen.tsx(193,19): error TS17004: Cannot use JSX unless the '--jsx' flag is provided.
src/screens/EditorScreen.tsx(198,19): error TS17004: Cannot use JSX unless the '--jsx' flag is provided.
src/screens/EditorScreen.tsx(208,13): error TS17004: Cannot use JSX unless the '--jsx' flag is provided.
src/screens/EditorScreen.tsx(212,15): error TS17004: Cannot use JSX unless the '--jsx' flag is provided.
src/screens/EditorScreen.tsx(213,15): error TS17004: Cannot use JSX unless the '--jsx' flag is provided.
src/screens/EditorScreen.tsx(218,13): error TS17004: Cannot use JSX unless the '--jsx' flag is provided.
src/screens/EditorScreen.tsx(219,15): error TS17004: Cannot use JSX unless the '--jsx' flag is provided.
src/screens/EditorScreen.tsx(228,15): error TS17004: Cannot use JSX unless the '--jsx' flag is provided.
src/screens/EditorScreen.tsx(229,17): error TS17004: Cannot use JSX unless the '--jsx' flag is provided.
src/screens/EditorScreen.tsx(234,11): error TS17004: Cannot use JSX unless the '--jsx' flag is provided.
src/screens/EditorScreen.tsx(235,13): error TS17004: Cannot use JSX unless the '--jsx' flag is provided.
src/screens/EditorScreen.tsx(239,15): error TS17004: Cannot use JSX unless the '--jsx' flag is provided.
src/screens/EditorScreen.tsx(240,15): error TS17004: Cannot use JSX unless the '--jsx' flag is provided.
src/screens/EditorScreen.tsx(243,13): error TS17004: Cannot use JSX unless the '--jsx' flag is provided.
src/screens/EditorScreen.tsx(247,15): error TS17004: Cannot use JSX unless the '--jsx' flag is provided.
src/screens/EditorScreen.tsx(248,15): error TS17004: Cannot use JSX unless the '--jsx' flag is provided.
src/screens/EditorScreen.tsx(254,7): error TS17004: Cannot use JSX unless the '--jsx' flag is provided.
src/screens/EditorScreen.tsx(256,11): error TS17004: Cannot use JSX unless the '--jsx' flag is provided.
src/screens/EditorScreen.tsx(257,13): error TS17004: Cannot use JSX unless the '--jsx' flag is provided.
src/screens/EditorScreen.tsx(258,13): error TS17004: Cannot use JSX unless the '--jsx' flag is provided.
src/screens/EditorScreen.tsx(267,9): error TS17004: Cannot use JSX unless the '--jsx' flag is provided.
src/screens/EditorScreen.tsx(275,21): error TS7006: Parameter 'error' implicitly has an 'any' type.
src/screens/PreviewScreen.tsx(1,52): error TS2307: Cannot find module 'react' or its corresponding type declarations.
src/screens/PreviewScreen.tsx(2,65): error TS2307: Cannot find module 'react-native' or its corresponding type declarations.
src/screens/PreviewScreen.tsx(3,30): error TS2307: Cannot find module 'react-native-safe-area-context' or its corresponding type declarations.
src/screens/PreviewScreen.tsx(4,25): error TS2307: Cannot find module 'react-native-webview' or its corresponding type declarations.
src/screens/PreviewScreen.tsx(5,26): error TS2307: Cannot find module '@expo/vector-icons' or its corresponding type declarations.
src/screens/PreviewScreen.tsx(160,5): error TS17004: Cannot use JSX unless the '--jsx' flag is provided.
src/screens/PreviewScreen.tsx(161,7): error TS17004: Cannot use JSX unless the '--jsx' flag is provided.
src/screens/PreviewScreen.tsx(162,9): error TS17004: Cannot use JSX unless the '--jsx' flag is provided.
src/screens/PreviewScreen.tsx(163,11): error TS17004: Cannot use JSX unless the '--jsx' flag is provided.
src/screens/PreviewScreen.tsx(164,11): error TS17004: Cannot use JSX unless the '--jsx' flag is provided.
src/screens/PreviewScreen.tsx(167,9): error TS17004: Cannot use JSX unless the '--jsx' flag is provided.
src/screens/PreviewScreen.tsx(168,11): error TS17004: Cannot use JSX unless the '--jsx' flag is provided.
src/screens/PreviewScreen.tsx(172,11): error TS17004: Cannot use JSX unless the '--jsx' flag is provided.
src/screens/PreviewScreen.tsx(179,7): error TS17004: Cannot use JSX unless the '--jsx' flag is provided.
src/screens/PreviewScreen.tsx(180,9): error TS17004: Cannot use JSX unless the '--jsx' flag is provided.
src/screens/PreviewScreen.tsx(181,11): error TS17004: Cannot use JSX unless the '--jsx' flag is provided.
src/screens/PreviewScreen.tsx(182,11): error TS17004: Cannot use JSX unless the '--jsx' flag is provided.
src/screens/PreviewScreen.tsx(185,9): error TS17004: Cannot use JSX unless the '--jsx' flag is provided.
src/screens/PreviewScreen.tsx(189,11): error TS17004: Cannot use JSX unless the '--jsx' flag is provided.
src/screens/PreviewScreen.tsx(190,11): error TS17004: Cannot use JSX unless the '--jsx' flag is provided.
src/screens/PreviewScreen.tsx(193,9): error TS17004: Cannot use JSX unless the '--jsx' flag is provided.
src/screens/PreviewScreen.tsx(197,11): error TS17004: Cannot use JSX unless the '--jsx' flag is provided.
src/screens/PreviewScreen.tsx(198,11): error TS17004: Cannot use JSX unless the '--jsx' flag is provided.
src/screens/PreviewScreen.tsx(202,7): error TS17004: Cannot use JSX unless the '--jsx' flag is provided.
src/screens/PreviewScreen.tsx(204,11): error TS17004: Cannot use JSX unless the '--jsx' flag is provided.
src/screens/PreviewScreen.tsx(205,13): error TS17004: Cannot use JSX unless the '--jsx' flag is provided.
src/screens/PreviewScreen.tsx(208,13): error TS17004: Cannot use JSX unless the '--jsx' flag is provided.
src/screens/PreviewScreen.tsx(216,9): error TS17004: Cannot use JSX unless the '--jsx' flag is provided.
src/screens/PreviewScreen.tsx(224,21): error TS7006: Parameter 'error' implicitly has an 'any' type.
src/screens/PreviewScreen.tsx(234,13): error TS17004: Cannot use JSX unless the '--jsx' flag is provided.
src/screens/PreviewScreen.tsx(235,15): error TS17004: Cannot use JSX unless the '--jsx' flag is provided.
src/screens/PreviewScreen.tsx(241,7): error TS17004: Cannot use JSX unless the '--jsx' flag is provided.
src/screens/PreviewScreen.tsx(242,9): error TS17004: Cannot use JSX unless the '--jsx' flag is provided.
src/screens/PreviewScreen.tsx(243,11): error TS17004: Cannot use JSX unless the '--jsx' flag is provided.
src/screens/PreviewScreen.tsx(245,9): error TS17004: Cannot use JSX unless the '--jsx' flag is provided.
src/screens/PreviewScreen.tsx(246,11): error TS17004: Cannot use JSX unless the '--jsx' flag is provided.
src/screens/PreviewScreen.tsx(247,11): error TS17004: Cannot use JSX unless the '--jsx' flag is provided.
src/screens/TerminalScreen.tsx(1,52): error TS2307: Cannot find module 'react' or its corresponding type declarations.
src/screens/TerminalScreen.tsx(2,65): error TS2307: Cannot find module 'react-native' or its corresponding type declarations.
src/screens/TerminalScreen.tsx(3,30): error TS2307: Cannot find module 'react-native-safe-area-context' or its corresponding type declarations.
src/screens/TerminalScreen.tsx(4,26): error TS2307: Cannot find module '@expo/vector-icons' or its corresponding type declarations.
src/screens/TerminalScreen.tsx(16,33): error TS2705: An async function or method in ES5 requires the 'Promise' constructor.  Make sure you have a declaration for the 'Promise' constructor or include 'ES2015' in your '--lib' option.
src/screens/TerminalScreen.tsx(75,30): error TS2705: An async function or method in ES5 requires the 'Promise' constructor.  Make sure you have a declaration for the 'Promise' constructor or include 'ES2015' in your '--lib' option.
src/screens/TerminalScreen.tsx(84,20): error TS2705: An async function or method in ES5 requires the 'Promise' constructor.  Make sure you have a declaration for the 'Promise' constructor or include 'ES2015' in your '--lib' option.
src/screens/TerminalScreen.tsx(95,5): error TS17004: Cannot use JSX unless the '--jsx' flag is provided.
src/screens/TerminalScreen.tsx(96,7): error TS17004: Cannot use JSX unless the '--jsx' flag is provided.
src/screens/TerminalScreen.tsx(97,9): error TS17004: Cannot use JSX unless the '--jsx' flag is provided.
src/screens/TerminalScreen.tsx(98,11): error TS17004: Cannot use JSX unless the '--jsx' flag is provided.
src/screens/TerminalScreen.tsx(99,11): error TS17004: Cannot use JSX unless the '--jsx' flag is provided.
src/screens/TerminalScreen.tsx(104,9): error TS17004: Cannot use JSX unless the '--jsx' flag is provided.
src/screens/TerminalScreen.tsx(105,11): error TS17004: Cannot use JSX unless the '--jsx' flag is provided.
src/screens/TerminalScreen.tsx(110,13): error TS17004: Cannot use JSX unless the '--jsx' flag is provided.
src/screens/TerminalScreen.tsx(117,11): error TS17004: Cannot use JSX unless the '--jsx' flag is provided.
src/screens/TerminalScreen.tsx(122,13): error TS17004: Cannot use JSX unless the '--jsx' flag is provided.
src/screens/TerminalScreen.tsx(125,11): error TS17004: Cannot use JSX unless the '--jsx' flag is provided.
src/screens/TerminalScreen.tsx(130,13): error TS17004: Cannot use JSX unless the '--jsx' flag is provided.
src/screens/TerminalScreen.tsx(136,9): error TS17004: Cannot use JSX unless the '--jsx' flag is provided.
src/screens/TerminalScreen.tsx(137,11): error TS17004: Cannot use JSX unless the '--jsx' flag is provided.
src/screens/TerminalScreen.tsx(138,13): error TS17004: Cannot use JSX unless the '--jsx' flag is provided.
src/screens/TerminalScreen.tsx(139,15): error TS17004: Cannot use JSX unless the '--jsx' flag is provided.
src/screens/TerminalScreen.tsx(143,15): error TS17004: Cannot use JSX unless the '--jsx' flag is provided.
src/screens/TerminalScreen.tsx(148,13): error TS17004: Cannot use JSX unless the '--jsx' flag is provided.
src/screens/TerminalScreen.tsx(149,15): error TS17004: Cannot use JSX unless the '--jsx' flag is provided.
src/screens/TerminalScreen.tsx(155,11): error TS17004: Cannot use JSX unless the '--jsx' flag is provided.
src/screens/TerminalScreen.tsx(156,13): error TS17004: Cannot use JSX unless the '--jsx' flag is provided.
src/screens/TerminalScreen.tsx(157,15): error TS17004: Cannot use JSX unless the '--jsx' flag is provided.
src/screens/TerminalScreen.tsx(161,15): error TS17004: Cannot use JSX unless the '--jsx' flag is provided.
src/screens/TerminalScreen.tsx(166,13): error TS17004: Cannot use JSX unless the '--jsx' flag is provided.
src/screens/TerminalScreen.tsx(167,15): error TS17004: Cannot use JSX unless the '--jsx' flag is provided.
src/screens/TerminalScreen.tsx(171,15): error TS17004: Cannot use JSX unless the '--jsx' flag is provided.
src/screens/TerminalScreen.tsx(179,7): error TS17004: Cannot use JSX unless the '--jsx' flag is provided.
src/screens/TerminalScreen.tsx(180,9): error TS17004: Cannot use JSX unless the '--jsx' flag is provided.
src/screens/TerminalScreen.tsx(193,9): error TS17004: Cannot use JSX unless the '--jsx' flag is provided.
src/screens/TerminalScreen.tsx(194,11): error TS17004: Cannot use JSX unless the '--jsx' flag is provided.
src/screens/TerminalScreen.tsx(195,13): error TS17004: Cannot use JSX unless the '--jsx' flag is provided.
src/screens/TerminalScreen.tsx(196,13): error TS17004: Cannot use JSX unless the '--jsx' flag is provided.
src/screens/TerminalScreen.tsx(199,13): error TS17004: Cannot use JSX unless the '--jsx' flag is provided.
src/screens/TerminalScreen.tsx(200,15): error TS17004: Cannot use JSX unless the '--jsx' flag is provided.
src/screens/TerminalScreen.tsx(203,15): error TS17004: Cannot use JSX unless the '--jsx' flag is provided.
src/screens/TerminalScreen.tsx(206,15): error TS17004: Cannot use JSX unless the '--jsx' flag is provided.
src/screens/TermuxTestScreen.tsx(1,44): error TS2307: Cannot find module 'react' or its corresponding type declarations.
src/screens/TermuxTestScreen.tsx(2,70): error TS2307: Cannot find module 'react-native' or its corresponding type declarations.
src/screens/TermuxTestScreen.tsx(3,30): error TS2307: Cannot find module 'react-native-safe-area-context' or its corresponding type declarations.
src/screens/TermuxTestScreen.tsx(13,30): error TS2705: An async function or method in ES5 requires the 'Promise' constructor.  Make sure you have a declaration for the 'Promise' constructor or include 'ES2015' in your '--lib' option.
src/screens/TermuxTestScreen.tsx(16,50): error TS2712: A dynamic import call in ES5 requires the 'Promise' constructor.  Make sure you have a declaration for the 'Promise' constructor or include 'ES2015' in your '--lib' option.
src/screens/TermuxTestScreen.tsx(31,13): error TS7006: Parameter 'prev' implicitly has an 'any' type.
src/screens/TermuxTestScreen.tsx(34,31): error TS2705: An async function or method in ES5 requires the 'Promise' constructor.  Make sure you have a declaration for the 'Promise' constructor or include 'ES2015' in your '--lib' option.
src/screens/TermuxTestScreen.tsx(57,32): error TS2705: An async function or method in ES5 requires the 'Promise' constructor.  Make sure you have a declaration for the 'Promise' constructor or include 'ES2015' in your '--lib' option.
src/screens/TermuxTestScreen.tsx(72,30): error TS2705: An async function or method in ES5 requires the 'Promise' constructor.  Make sure you have a declaration for the 'Promise' constructor or include 'ES2015' in your '--lib' option.
src/screens/TermuxTestScreen.tsx(102,5): error TS17004: Cannot use JSX unless the '--jsx' flag is provided.
src/screens/TermuxTestScreen.tsx(103,7): error TS17004: Cannot use JSX unless the '--jsx' flag is provided.
src/screens/TermuxTestScreen.tsx(104,9): error TS17004: Cannot use JSX unless the '--jsx' flag is provided.
src/screens/TermuxTestScreen.tsx(105,9): error TS17004: Cannot use JSX unless the '--jsx' flag is provided.
src/screens/TermuxTestScreen.tsx(106,9): error TS17004: Cannot use JSX unless the '--jsx' flag is provided.
src/screens/TermuxTestScreen.tsx(107,11): error TS17004: Cannot use JSX unless the '--jsx' flag is provided.
src/screens/TermuxTestScreen.tsx(113,7): error TS17004: Cannot use JSX unless the '--jsx' flag is provided.
src/screens/TermuxTestScreen.tsx(114,9): error TS17004: Cannot use JSX unless the '--jsx' flag is provided.
src/screens/TermuxTestScreen.tsx(115,11): error TS17004: Cannot use JSX unless the '--jsx' flag is provided.
src/screens/TermuxTestScreen.tsx(118,9): error TS17004: Cannot use JSX unless the '--jsx' flag is provided.
src/screens/TermuxTestScreen.tsx(119,11): error TS17004: Cannot use JSX unless the '--jsx' flag is provided.
src/screens/TermuxTestScreen.tsx(122,9): error TS17004: Cannot use JSX unless the '--jsx' flag is provided.
src/screens/TermuxTestScreen.tsx(123,11): error TS17004: Cannot use JSX unless the '--jsx' flag is provided.
src/screens/TermuxTestScreen.tsx(126,9): error TS17004: Cannot use JSX unless the '--jsx' flag is provided.
src/screens/TermuxTestScreen.tsx(127,11): error TS17004: Cannot use JSX unless the '--jsx' flag is provided.
src/screens/TermuxTestScreen.tsx(132,9): error TS17004: Cannot use JSX unless the '--jsx' flag is provided.
src/screens/TermuxTestScreen.tsx(133,11): error TS17004: Cannot use JSX unless the '--jsx' flag is provided.
src/screens/TermuxTestScreen.tsx(134,26): error TS7006: Parameter 'session' implicitly has an 'any' type.
src/screens/TermuxTestScreen.tsx(134,35): error TS7006: Parameter 'index' implicitly has an 'any' type.
src/screens/TermuxTestScreen.tsx(135,13): error TS17004: Cannot use JSX unless the '--jsx' flag is provided.
src/screens/TermuxTestScreen.tsx(142,7): error TS17004: Cannot use JSX unless the '--jsx' flag is provided.
src/screens/TermuxTestScreen.tsx(143,9): error TS17004: Cannot use JSX unless the '--jsx' flag is provided.
src/screens/TermuxTestScreen.tsx(144,9): error TS17004: Cannot use JSX unless the '--jsx' flag is provided.
src/screens/TermuxTestScreen.tsx(145,22): error TS7006: Parameter 'log' implicitly has an 'any' type.
src/screens/TermuxTestScreen.tsx(145,27): error TS7006: Parameter 'index' implicitly has an 'any' type.
src/screens/TermuxTestScreen.tsx(146,13): error TS17004: Cannot use JSX unless the '--jsx' flag is provided.
src/services/TerminalService.ts(1,29): error TS2307: Cannot find module 'expo-file-system' or its corresponding type declarations.
src/services/TerminalService.ts(2,28): error TS2307: Cannot find module 'termux-core' or its corresponding type declarations.
src/services/TerminalService.ts(21,22): error TS2583: Cannot find name 'Map'. Do you need to change your target library? Try changing the 'lib' compiler option to 'es2015' or later.
src/services/TerminalService.ts(21,57): error TS2583: Cannot find name 'Map'. Do you need to change your target library? Try changing the 'lib' compiler option to 'es2015' or later.
src/services/TerminalService.ts(22,21): error TS2583: Cannot find name 'Map'. Do you need to change your target library? Try changing the 'lib' compiler option to 'es2015' or later.
src/services/TerminalService.ts(22,112): error TS2583: Cannot find name 'Map'. Do you need to change your target library? Try changing the 'lib' compiler option to 'es2015' or later.
src/services/TerminalService.ts(32,23): error TS2705: An async function or method in ES5 requires the 'Promise' constructor.  Make sure you have a declaration for the 'Promise' constructor or include 'ES2015' in your '--lib' option.
src/services/TerminalService.ts(64,43): error TS2705: An async function or method in ES5 requires the 'Promise' constructor.  Make sure you have a declaration for the 'Promise' constructor or include 'ES2015' in your '--lib' option.
src/services/TerminalService.ts(85,41): error TS2705: An async function or method in ES5 requires the 'Promise' constructor.  Make sure you have a declaration for the 'Promise' constructor or include 'ES2015' in your '--lib' option.
src/services/TerminalService.ts(138,111): error TS2705: An async function or method in ES5 requires the 'Promise' constructor.  Make sure you have a declaration for the 'Promise' constructor or include 'ES2015' in your '--lib' option.
src/services/TerminalService.ts(198,18): error TS2550: Property 'includes' does not exist on type 'string'. Do you need to change your target library? Try changing the 'lib' compiler option to 'es2015' or later.
src/services/TerminalService.ts(198,53): error TS2550: Property 'includes' does not exist on type 'string'. Do you need to change your target library? Try changing the 'lib' compiler option to 'es2015' or later.
src/services/TerminalService.ts(212,69): error TS2705: An async function or method in ES5 requires the 'Promise' constructor.  Make sure you have a declaration for the 'Promise' constructor or include 'ES2015' in your '--lib' option.
src/services/TerminalService.ts(235,20): error TS2550: Property 'includes' does not exist on type 'string[]'. Do you need to change your target library? Try changing the 'lib' compiler option to 'es2016' or later.
src/services/TerminalService.ts(243,20): error TS2550: Property 'includes' does not exist on type 'string[]'. Do you need to change your target library? Try changing the 'lib' compiler option to 'es2016' or later.
src/services/TerminalService.ts(251,20): error TS2550: Property 'includes' does not exist on type 'string[]'. Do you need to change your target library? Try changing the 'lib' compiler option to 'es2016' or later.
src/services/TerminalService.ts(253,27): error TS2550: Property 'includes' does not exist on type 'string[]'. Do you need to change your target library? Try changing the 'lib' compiler option to 'es2016' or later.
src/services/TerminalService.ts(268,27): error TS2550: Property 'includes' does not exist on type 'string[]'. Do you need to change your target library? Try changing the 'lib' compiler option to 'es2016' or later.
src/services/TerminalService.ts(275,27): error TS2550: Property 'includes' does not exist on type 'string[]'. Do you need to change your target library? Try changing the 'lib' compiler option to 'es2016' or later.
src/services/TerminalService.ts(275,51): error TS2550: Property 'includes' does not exist on type 'string[]'. Do you need to change your target library? Try changing the 'lib' compiler option to 'es2016' or later.
src/services/TerminalService.ts(286,27): error TS2550: Property 'includes' does not exist on type 'string[]'. Do you need to change your target library? Try changing the 'lib' compiler option to 'es2016' or later.
src/services/TerminalService.ts(312,35): error TS2550: Property 'startsWith' does not exist on type 'string'. Do you need to change your target library? Try changing the 'lib' compiler option to 'es2015' or later.
src/services/TerminalService.ts(321,20): error TS2550: Property 'includes' does not exist on type 'string[]'. Do you need to change your target library? Try changing the 'lib' compiler option to 'es2016' or later.
src/services/TerminalService.ts(332,20): error TS2550: Property 'includes' does not exist on type 'string[]'. Do you need to change your target library? Try changing the 'lib' compiler option to 'es2016' or later.
src/services/TerminalService.ts(339,27): error TS2550: Property 'includes' does not exist on type 'string[]'. Do you need to change your target library? Try changing the 'lib' compiler option to 'es2016' or later.
src/services/TerminalService.ts(353,20): error TS2550: Property 'includes' does not exist on type 'string[]'. Do you need to change your target library? Try changing the 'lib' compiler option to 'es2016' or later.
src/services/TerminalService.ts(412,18): error TS2550: Property 'from' does not exist on type 'ArrayConstructor'. Do you need to change your target library? Try changing the 'lib' compiler option to 'es2015' or later.
src/services/TerminalService.ts(415,58): error TS2705: An async function or method in ES5 requires the 'Promise' constructor.  Make sure you have a declaration for the 'Promise' constructor or include 'ES2015' in your '--lib' option.
src/services/TerminalService.ts(461,59): error TS2705: An async function or method in ES5 requires the 'Promise' constructor.  Make sure you have a declaration for the 'Promise' constructor or include 'ES2015' in your '--lib' option.
src/services/TerminalService.ts(477,33): error TS2705: An async function or method in ES5 requires the 'Promise' constructor.  Make sure you have a declaration for the 'Promise' constructor or include 'ES2015' in your '--lib' option.
src/services/TerminalService.ts(493,51): error TS2705: An async function or method in ES5 requires the 'Promise' constructor.  Make sure you have a declaration for the 'Promise' constructor or include 'ES2015' in your '--lib' option.
tsconfig.json(2,14): error TS6053: File 'expo/tsconfig.base' not found.
typecheck failed

=== TESTS ===

> mobile-dev-studio@1.0.0 test
> jest

sh: 1: jest: not found
tests failed

=== PREBUILD ===
npm warn exec The following package was not found and will be installed: expo@53.0.20
npm warn deprecated inflight@1.0.6: This module is not supported, and leaks memory. Do not use it. Check out lru-cache if you want a good and tested way to coalesce async requests by a key value, which is much more comprehensive and powerful.
npm warn deprecated rimraf@3.0.2: Rimraf versions prior to v4 are no longer supported
npm warn deprecated glob@7.2.3: Glob versions prior to v9 are no longer supported
npm warn deprecated glob@7.2.3: Glob versions prior to v9 are no longer supported
npm warn deprecated glob@7.2.3: Glob versions prior to v9 are no longer supported
npm warn deprecated glob@7.2.3: Glob versions prior to v9 are no longer supported
ConfigError: Cannot determine the project's Expo SDK version because the module `expo` is not installed. Install it with `npm install expo` and try again.
prebuild failed

=== BUILD ATTEMPT ===
Downloading https://services.gradle.org/distributions/gradle-8.13-bin.zip
.............10%.............20%.............30%.............40%.............50%.............60%.............70%.............80%.............90%.............100%

Welcome to Gradle 8.13!

Here are the highlights of this release:
 - Daemon JVM auto-provisioning
 - Enhancements for Scala plugin and JUnit testing
 - Improvements for build authors and plugin developers

For more details see https://docs.gradle.org/8.13/release-notes.html

To honour the JVM settings for this build a single-use Daemon process will be forked. For more on this, please refer to https://docs.gradle.org/8.13/userguide/gradle_daemon.html#sec:disabling_the_daemon in the Gradle documentation.
Daemon will be stopped at the end of the build 

FAILURE: Build failed with an exception.

* Where:
Settings file '/home/runner/work/mobile-dev-studio/mobile-dev-studio/android/settings.gradle' line: 3

* What went wrong:
A problem occurred evaluating settings 'android'.
> Process 'command 'node'' finished with non-zero exit value 1

* Try:
> Run with --stacktrace option to get the stack trace.
> Run with --info or --debug option to get more log output.
> Run with --scan to get full insights.
> Get more help at https://help.gradle.org.

BUILD FAILED in 6s
build failed
